<?xml version="1.0" encoding="UTF-8"?>
<coverage generated="1636626141">
  <project timestamp="1636626141">
    <file name="/root/pu/ups/src/Exception.php">
      <metrics loc="19" ncloc="8" classes="0" methods="0" coveredmethods="0" conditionals="0" coveredconditionals="0" statements="0" coveredstatements="0" elements="0" coveredelements="0"/>
    </file>
    <file name="/root/pu/ups/src/Framework/Assert.php">
      <class name="PHPUnit\Framework\Assert" namespace="global">
        <metrics complexity="252" methods="179" coveredmethods="158" conditionals="0" coveredconditionals="0" statements="653" coveredstatements="600" elements="832" coveredelements="758"/>
      </class>
      <line num="108" type="method" name="assertArrayHasKey" visibility="public" complexity="5" crap="5" count="20"/>
      <line num="110" type="stmt" count="20"/>
      <line num="111" type="stmt" count="1"/>
      <line num="112" type="stmt" count="1"/>
      <line num="113" type="stmt" count="1"/>
      <line num="117" type="stmt" count="19"/>
      <line num="118" type="stmt" count="1"/>
      <line num="119" type="stmt" count="1"/>
      <line num="120" type="stmt" count="1"/>
      <line num="124" type="stmt" count="18"/>
      <line num="126" type="stmt" count="18"/>
      <line num="127" type="stmt" count="16"/>
      <line num="139" type="method" name="assertArrayNotHasKey" visibility="public" complexity="5" crap="5" count="8"/>
      <line num="141" type="stmt" count="8"/>
      <line num="142" type="stmt" count="1"/>
      <line num="143" type="stmt" count="1"/>
      <line num="144" type="stmt" count="1"/>
      <line num="148" type="stmt" count="7"/>
      <line num="149" type="stmt" count="1"/>
      <line num="150" type="stmt" count="1"/>
      <line num="151" type="stmt" count="1"/>
      <line num="155" type="stmt" count="6"/>
      <line num="156" type="stmt" count="6"/>
      <line num="159" type="stmt" count="6"/>
      <line num="160" type="stmt" count="5"/>
      <line num="169" type="method" name="assertContains" visibility="public" complexity="1" crap="1" count="142"/>
      <line num="171" type="stmt" count="142"/>
      <line num="173" type="stmt" count="142"/>
      <line num="174" type="stmt" count="142"/>
      <line num="176" type="method" name="assertContainsEquals" visibility="public" complexity="1" crap="1" count="1"/>
      <line num="178" type="stmt" count="1"/>
      <line num="180" type="stmt" count="1"/>
      <line num="181" type="stmt" count="1"/>
      <line num="190" type="method" name="assertNotContains" visibility="public" complexity="1" crap="1" count="2"/>
      <line num="192" type="stmt" count="2"/>
      <line num="193" type="stmt" count="2"/>
      <line num="196" type="stmt" count="2"/>
      <line num="197" type="stmt" count="2"/>
      <line num="199" type="method" name="assertNotContainsEquals" visibility="public" complexity="1" crap="1" count="1"/>
      <line num="201" type="stmt" count="1"/>
      <line num="203" type="stmt" count="1"/>
      <line num="204" type="stmt" count="1"/>
      <line num="212" type="method" name="assertContainsOnly" visibility="public" complexity="2" crap="2" count="2"/>
      <line num="214" type="stmt" count="2"/>
      <line num="215" type="stmt" count="2"/>
      <line num="218" type="stmt" count="2"/>
      <line num="219" type="stmt" count="2"/>
      <line num="220" type="stmt" count="2"/>
      <line num="221" type="stmt" count="2"/>
      <line num="226" type="stmt" count="2"/>
      <line num="234" type="method" name="assertContainsOnlyInstancesOf" visibility="public" complexity="1" crap="1" count="1"/>
      <line num="236" type="stmt" count="1"/>
      <line num="237" type="stmt" count="1"/>
      <line num="238" type="stmt" count="1"/>
      <line num="239" type="stmt" count="1"/>
      <line num="240" type="stmt" count="1"/>
      <line num="244" type="stmt" count="1"/>
      <line num="252" type="method" name="assertNotContainsOnly" visibility="public" complexity="2" crap="2" count="2"/>
      <line num="254" type="stmt" count="2"/>
      <line num="255" type="stmt" count="2"/>
      <line num="258" type="stmt" count="2"/>
      <line num="259" type="stmt" count="2"/>
      <line num="260" type="stmt" count="2"/>
      <line num="261" type="stmt" count="2"/>
      <line num="262" type="stmt" count="2"/>
      <line num="268" type="stmt" count="2"/>
      <line num="279" type="method" name="assertCount" visibility="public" complexity="3" crap="3" count="121"/>
      <line num="281" type="stmt" count="121"/>
      <line num="282" type="stmt" count="1"/>
      <line num="285" type="stmt" count="120"/>
      <line num="286" type="stmt" count="120"/>
      <line num="287" type="stmt" count="120"/>
      <line num="290" type="stmt" count="120"/>
      <line num="301" type="method" name="assertNotCount" visibility="public" complexity="3" crap="3" count="2"/>
      <line num="303" type="stmt" count="2"/>
      <line num="304" type="stmt" count="1"/>
      <line num="307" type="stmt" count="1"/>
      <line num="308" type="stmt" count="1"/>
      <line num="311" type="stmt" count="1"/>
      <line num="312" type="stmt" count="1"/>
      <line num="320" type="method" name="assertEquals" visibility="public" complexity="1" crap="1" count="534"/>
      <line num="322" type="stmt" count="534"/>
      <line num="324" type="stmt" count="534"/>
      <line num="325" type="stmt" count="474"/>
      <line num="333" type="method" name="assertEqualsCanonicalizing" visibility="public" complexity="1" crap="1" count="28"/>
      <line num="335" type="stmt" count="28"/>
      <line num="337" type="stmt" count="28"/>
      <line num="338" type="stmt" count="28"/>
      <line num="346" type="method" name="assertEqualsIgnoringCase" visibility="public" complexity="1" crap="1" count="2"/>
      <line num="348" type="stmt" count="2"/>
      <line num="350" type="stmt" count="2"/>
      <line num="351" type="stmt" count="2"/>
      <line num="359" type="method" name="assertEqualsWithDelta" visibility="public" complexity="1" crap="1" count="2"/>
      <line num="361" type="stmt" count="2"/>
      <line num="362" type="stmt" count="2"/>
      <line num="366" type="stmt" count="2"/>
      <line num="367" type="stmt" count="2"/>
      <line num="375" type="method" name="assertNotEquals" visibility="public" complexity="1" crap="1" count="92"/>
      <line num="377" type="stmt" count="92"/>
      <line num="378" type="stmt" count="92"/>
      <line num="381" type="stmt" count="92"/>
      <line num="382" type="stmt" count="57"/>
      <line num="390" type="method" name="assertNotEqualsCanonicalizing" visibility="public" complexity="1" crap="1" count="1"/>
      <line num="392" type="stmt" count="1"/>
      <line num="393" type="stmt" count="1"/>
      <line num="396" type="stmt" count="1"/>
      <line num="397" type="stmt" count="1"/>
      <line num="405" type="method" name="assertNotEqualsIgnoringCase" visibility="public" complexity="1" crap="1" count="2"/>
      <line num="407" type="stmt" count="2"/>
      <line num="408" type="stmt" count="2"/>
      <line num="411" type="stmt" count="2"/>
      <line num="412" type="stmt" count="2"/>
      <line num="420" type="method" name="assertNotEqualsWithDelta" visibility="public" complexity="1" crap="1" count="2"/>
      <line num="422" type="stmt" count="2"/>
      <line num="423" type="stmt" count="2"/>
      <line num="424" type="stmt" count="2"/>
      <line num="429" type="stmt" count="2"/>
      <line num="430" type="stmt" count="2"/>
      <line num="435" type="method" name="assertObjectEquals" visibility="public" complexity="1" crap="1" count="1"/>
      <line num="437" type="stmt" count="1"/>
      <line num="438" type="stmt" count="1"/>
      <line num="439" type="stmt" count="1"/>
      <line num="442" type="stmt" count="1"/>
      <line num="452" type="method" name="assertEmpty" visibility="public" complexity="1" crap="1" count="13"/>
      <line num="454" type="stmt" count="13"/>
      <line num="455" type="stmt" count="13"/>
      <line num="465" type="method" name="assertNotEmpty" visibility="public" complexity="1" crap="1" count="3"/>
      <line num="467" type="stmt" count="3"/>
      <line num="468" type="stmt" count="3"/>
      <line num="476" type="method" name="assertGreaterThan" visibility="public" complexity="1" crap="1" count="1"/>
      <line num="478" type="stmt" count="1"/>
      <line num="479" type="stmt" count="1"/>
      <line num="487" type="method" name="assertGreaterThanOrEqual" visibility="public" complexity="1" crap="1" count="1"/>
      <line num="489" type="stmt" count="1"/>
      <line num="490" type="stmt" count="1"/>
      <line num="491" type="stmt" count="1"/>
      <line num="494" type="stmt" count="1"/>
      <line num="502" type="method" name="assertLessThan" visibility="public" complexity="1" crap="1" count="1"/>
      <line num="504" type="stmt" count="1"/>
      <line num="505" type="stmt" count="1"/>
      <line num="513" type="method" name="assertLessThanOrEqual" visibility="public" complexity="1" crap="1" count="1"/>
      <line num="515" type="stmt" count="1"/>
      <line num="516" type="stmt" count="1"/>
      <line num="525" type="method" name="assertFileEquals" visibility="public" complexity="1" crap="1" count="1"/>
      <line num="527" type="stmt" count="1"/>
      <line num="528" type="stmt" count="1"/>
      <line num="530" type="stmt" count="1"/>
      <line num="532" type="stmt" count="1"/>
      <line num="533" type="stmt" count="1"/>
      <line num="542" type="method" name="assertFileEqualsCanonicalizing" visibility="public" complexity="1" crap="2" count="0"/>
      <line num="544" type="stmt" count="0"/>
      <line num="545" type="stmt" count="0"/>
      <line num="547" type="stmt" count="0"/>
      <line num="548" type="stmt" count="0"/>
      <line num="551" type="stmt" count="0"/>
      <line num="552" type="stmt" count="0"/>
      <line num="561" type="method" name="assertFileEqualsIgnoringCase" visibility="public" complexity="1" crap="1" count="1"/>
      <line num="563" type="stmt" count="1"/>
      <line num="564" type="stmt" count="1"/>
      <line num="566" type="stmt" count="1"/>
      <line num="568" type="stmt" count="1"/>
      <line num="569" type="stmt" count="1"/>
      <line num="578" type="method" name="assertFileNotEquals" visibility="public" complexity="1" crap="1" count="1"/>
      <line num="580" type="stmt" count="1"/>
      <line num="581" type="stmt" count="1"/>
      <line num="583" type="stmt" count="1"/>
      <line num="584" type="stmt" count="1"/>
      <line num="587" type="stmt" count="1"/>
      <line num="588" type="stmt" count="1"/>
      <line num="597" type="method" name="assertFileNotEqualsCanonicalizing" visibility="public" complexity="1" crap="2" count="0"/>
      <line num="599" type="stmt" count="0"/>
      <line num="600" type="stmt" count="0"/>
      <line num="602" type="stmt" count="0"/>
      <line num="603" type="stmt" count="0"/>
      <line num="606" type="stmt" count="0"/>
      <line num="607" type="stmt" count="0"/>
      <line num="616" type="method" name="assertFileNotEqualsIgnoringCase" visibility="public" complexity="1" crap="1" count="1"/>
      <line num="618" type="stmt" count="1"/>
      <line num="619" type="stmt" count="1"/>
      <line num="621" type="stmt" count="1"/>
      <line num="622" type="stmt" count="1"/>
      <line num="625" type="stmt" count="1"/>
      <line num="626" type="stmt" count="1"/>
      <line num="635" type="method" name="assertStringEqualsFile" visibility="public" complexity="1" crap="1" count="1"/>
      <line num="637" type="stmt" count="1"/>
      <line num="639" type="stmt" count="1"/>
      <line num="641" type="stmt" count="1"/>
      <line num="642" type="stmt" count="1"/>
      <line num="651" type="method" name="assertStringEqualsFileCanonicalizing" visibility="public" complexity="1" crap="2" count="0"/>
      <line num="653" type="stmt" count="0"/>
      <line num="655" type="stmt" count="0"/>
      <line num="657" type="stmt" count="0"/>
      <line num="658" type="stmt" count="0"/>
      <line num="667" type="method" name="assertStringEqualsFileIgnoringCase" visibility="public" complexity="1" crap="1" count="1"/>
      <line num="669" type="stmt" count="1"/>
      <line num="671" type="stmt" count="1"/>
      <line num="673" type="stmt" count="1"/>
      <line num="674" type="stmt" count="1"/>
      <line num="683" type="method" name="assertStringNotEqualsFile" visibility="public" complexity="1" crap="1" count="1"/>
      <line num="685" type="stmt" count="1"/>
      <line num="687" type="stmt" count="1"/>
      <line num="688" type="stmt" count="1"/>
      <line num="691" type="stmt" count="1"/>
      <line num="692" type="stmt" count="1"/>
      <line num="701" type="method" name="assertStringNotEqualsFileCanonicalizing" visibility="public" complexity="1" crap="2" count="0"/>
      <line num="703" type="stmt" count="0"/>
      <line num="705" type="stmt" count="0"/>
      <line num="706" type="stmt" count="0"/>
      <line num="709" type="stmt" count="0"/>
      <line num="710" type="stmt" count="0"/>
      <line num="719" type="method" name="assertStringNotEqualsFileIgnoringCase" visibility="public" complexity="1" crap="1" count="1"/>
      <line num="721" type="stmt" count="1"/>
      <line num="723" type="stmt" count="1"/>
      <line num="724" type="stmt" count="1"/>
      <line num="727" type="stmt" count="1"/>
      <line num="728" type="stmt" count="1"/>
      <line num="736" type="method" name="assertIsReadable" visibility="public" complexity="1" crap="1" count="3"/>
      <line num="738" type="stmt" count="3"/>
      <line num="739" type="stmt" count="3"/>
      <line num="747" type="method" name="assertIsNotReadable" visibility="public" complexity="1" crap="1" count="1"/>
      <line num="749" type="stmt" count="1"/>
      <line num="750" type="stmt" count="1"/>
      <line num="775" type="method" name="assertIsWritable" visibility="public" complexity="1" crap="1" count="3"/>
      <line num="777" type="stmt" count="3"/>
      <line num="778" type="stmt" count="3"/>
      <line num="786" type="method" name="assertIsNotWritable" visibility="public" complexity="1" crap="1" count="1"/>
      <line num="788" type="stmt" count="1"/>
      <line num="789" type="stmt" count="1"/>
      <line num="814" type="method" name="assertDirectoryExists" visibility="public" complexity="1" crap="1" count="3"/>
      <line num="816" type="stmt" count="3"/>
      <line num="817" type="stmt" count="3"/>
      <line num="825" type="method" name="assertDirectoryDoesNotExist" visibility="public" complexity="1" crap="1" count="1"/>
      <line num="827" type="stmt" count="1"/>
      <line num="828" type="stmt" count="1"/>
      <line num="853" type="method" name="assertDirectoryIsReadable" visibility="public" complexity="1" crap="1" count="1"/>
      <line num="855" type="stmt" count="1"/>
      <line num="856" type="stmt" count="1"/>
      <line num="857" type="stmt" count="1"/>
      <line num="865" type="method" name="assertDirectoryIsNotReadable" visibility="public" complexity="1" crap="2" count="0"/>
      <line num="867" type="stmt" count="0"/>
      <line num="868" type="stmt" count="0"/>
      <line num="869" type="stmt" count="0"/>
      <line num="895" type="method" name="assertDirectoryIsWritable" visibility="public" complexity="1" crap="1" count="1"/>
      <line num="897" type="stmt" count="1"/>
      <line num="898" type="stmt" count="1"/>
      <line num="899" type="stmt" count="1"/>
      <line num="907" type="method" name="assertDirectoryIsNotWritable" visibility="public" complexity="1" crap="2" count="0"/>
      <line num="909" type="stmt" count="0"/>
      <line num="910" type="stmt" count="0"/>
      <line num="911" type="stmt" count="0"/>
      <line num="937" type="method" name="assertFileExists" visibility="public" complexity="1" crap="1" count="22"/>
      <line num="939" type="stmt" count="22"/>
      <line num="940" type="stmt" count="20"/>
      <line num="948" type="method" name="assertFileDoesNotExist" visibility="public" complexity="1" crap="1" count="1"/>
      <line num="950" type="stmt" count="1"/>
      <line num="951" type="stmt" count="1"/>
      <line num="976" type="method" name="assertFileIsReadable" visibility="public" complexity="1" crap="1" count="1"/>
      <line num="978" type="stmt" count="1"/>
      <line num="979" type="stmt" count="1"/>
      <line num="980" type="stmt" count="1"/>
      <line num="988" type="method" name="assertFileIsNotReadable" visibility="public" complexity="1" crap="2" count="0"/>
      <line num="990" type="stmt" count="0"/>
      <line num="991" type="stmt" count="0"/>
      <line num="992" type="stmt" count="0"/>
      <line num="1018" type="method" name="assertFileIsWritable" visibility="public" complexity="1" crap="1" count="1"/>
      <line num="1020" type="stmt" count="1"/>
      <line num="1021" type="stmt" count="1"/>
      <line num="1022" type="stmt" count="1"/>
      <line num="1030" type="method" name="assertFileIsNotWritable" visibility="public" complexity="1" crap="2" count="0"/>
      <line num="1032" type="stmt" count="0"/>
      <line num="1033" type="stmt" count="0"/>
      <line num="1034" type="stmt" count="0"/>
      <line num="1062" type="method" name="assertTrue" visibility="public" complexity="1" crap="1" count="323"/>
      <line num="1064" type="stmt" count="323"/>
      <line num="1065" type="stmt" count="320"/>
      <line num="1075" type="method" name="assertNotTrue" visibility="public" complexity="1" crap="1" count="2"/>
      <line num="1077" type="stmt" count="2"/>
      <line num="1078" type="stmt" count="2"/>
      <line num="1088" type="method" name="assertFalse" visibility="public" complexity="1" crap="1" count="187"/>
      <line num="1090" type="stmt" count="187"/>
      <line num="1091" type="stmt" count="187"/>
      <line num="1101" type="method" name="assertNotFalse" visibility="public" complexity="1" crap="1" count="1"/>
      <line num="1103" type="stmt" count="1"/>
      <line num="1104" type="stmt" count="1"/>
      <line num="1114" type="method" name="assertNull" visibility="public" complexity="1" crap="1" count="131"/>
      <line num="1116" type="stmt" count="131"/>
      <line num="1117" type="stmt" count="131"/>
      <line num="1127" type="method" name="assertNotNull" visibility="public" complexity="1" crap="1" count="7"/>
      <line num="1129" type="stmt" count="7"/>
      <line num="1130" type="stmt" count="7"/>
      <line num="1138" type="method" name="assertFinite" visibility="public" complexity="1" crap="1" count="1"/>
      <line num="1140" type="stmt" count="1"/>
      <line num="1141" type="stmt" count="1"/>
      <line num="1149" type="method" name="assertInfinite" visibility="public" complexity="1" crap="1" count="1"/>
      <line num="1151" type="stmt" count="1"/>
      <line num="1152" type="stmt" count="1"/>
      <line num="1160" type="method" name="assertNan" visibility="public" complexity="1" crap="1" count="1"/>
      <line num="1162" type="stmt" count="1"/>
      <line num="1163" type="stmt" count="1"/>
      <line num="1172" type="method" name="assertClassHasAttribute" visibility="public" complexity="3" crap="3" count="3"/>
      <line num="1174" type="stmt" count="3"/>
      <line num="1175" type="stmt" count="1"/>
      <line num="1178" type="stmt" count="2"/>
      <line num="1179" type="stmt" count="1"/>
      <line num="1182" type="stmt" count="1"/>
      <line num="1183" type="stmt" count="1"/>
      <line num="1192" type="method" name="assertClassNotHasAttribute" visibility="public" complexity="3" crap="3" count="3"/>
      <line num="1194" type="stmt" count="3"/>
      <line num="1195" type="stmt" count="1"/>
      <line num="1198" type="stmt" count="2"/>
      <line num="1199" type="stmt" count="1"/>
      <line num="1202" type="stmt" count="1"/>
      <line num="1203" type="stmt" count="1"/>
      <line num="1204" type="stmt" count="1"/>
      <line num="1205" type="stmt" count="1"/>
      <line num="1209" type="stmt" count="1"/>
      <line num="1218" type="method" name="assertClassHasStaticAttribute" visibility="public" complexity="3" crap="3" count="3"/>
      <line num="1220" type="stmt" count="3"/>
      <line num="1221" type="stmt" count="1"/>
      <line num="1224" type="stmt" count="2"/>
      <line num="1225" type="stmt" count="1"/>
      <line num="1228" type="stmt" count="1"/>
      <line num="1229" type="stmt" count="1"/>
      <line num="1230" type="stmt" count="1"/>
      <line num="1233" type="stmt" count="1"/>
      <line num="1242" type="method" name="assertClassNotHasStaticAttribute" visibility="public" complexity="3" crap="3" count="3"/>
      <line num="1244" type="stmt" count="3"/>
      <line num="1245" type="stmt" count="1"/>
      <line num="1248" type="stmt" count="2"/>
      <line num="1249" type="stmt" count="1"/>
      <line num="1252" type="stmt" count="1"/>
      <line num="1253" type="stmt" count="1"/>
      <line num="1254" type="stmt" count="1"/>
      <line num="1255" type="stmt" count="1"/>
      <line num="1259" type="stmt" count="1"/>
      <line num="1270" type="method" name="assertObjectHasAttribute" visibility="public" complexity="3" crap="3.02" count="9"/>
      <line num="1272" type="stmt" count="9"/>
      <line num="1273" type="stmt" count="0"/>
      <line num="1276" type="stmt" count="9"/>
      <line num="1277" type="stmt" count="2"/>
      <line num="1280" type="stmt" count="7"/>
      <line num="1281" type="stmt" count="7"/>
      <line num="1282" type="stmt" count="7"/>
      <line num="1285" type="stmt" count="7"/>
      <line num="1296" type="method" name="assertObjectNotHasAttribute" visibility="public" complexity="3" crap="3.01" count="9"/>
      <line num="1298" type="stmt" count="9"/>
      <line num="1299" type="stmt" count="0"/>
      <line num="1302" type="stmt" count="9"/>
      <line num="1303" type="stmt" count="2"/>
      <line num="1306" type="stmt" count="7"/>
      <line num="1307" type="stmt" count="7"/>
      <line num="1308" type="stmt" count="7"/>
      <line num="1309" type="stmt" count="7"/>
      <line num="1313" type="stmt" count="7"/>
      <line num="1327" type="method" name="assertSame" visibility="public" complexity="1" crap="1" count="605"/>
      <line num="1329" type="stmt" count="605"/>
      <line num="1330" type="stmt" count="605"/>
      <line num="1331" type="stmt" count="605"/>
      <line num="1334" type="stmt" count="531"/>
      <line num="1344" type="method" name="assertNotSame" visibility="public" complexity="3" crap="3" count="92"/>
      <line num="1346" type="stmt" count="92"/>
      <line num="1347" type="stmt" count="1"/>
      <line num="1350" type="stmt" count="92"/>
      <line num="1351" type="stmt" count="92"/>
      <line num="1352" type="stmt" count="92"/>
      <line num="1353" type="stmt" count="92"/>
      <line num="1357" type="stmt" count="79"/>
      <line num="1370" type="method" name="assertInstanceOf" visibility="public" complexity="3" crap="3" count="35"/>
      <line num="1372" type="stmt" count="35"/>
      <line num="1373" type="stmt" count="1"/>
      <line num="1376" type="stmt" count="34"/>
      <line num="1377" type="stmt" count="34"/>
      <line num="1378" type="stmt" count="34"/>
      <line num="1381" type="stmt" count="34"/>
      <line num="1394" type="method" name="assertNotInstanceOf" visibility="public" complexity="3" crap="3" count="2"/>
      <line num="1396" type="stmt" count="2"/>
      <line num="1397" type="stmt" count="1"/>
      <line num="1400" type="stmt" count="1"/>
      <line num="1401" type="stmt" count="1"/>
      <line num="1402" type="stmt" count="1"/>
      <line num="1403" type="stmt" count="1"/>
      <line num="1407" type="stmt" count="1"/>
      <line num="1417" type="method" name="assertIsArray" visibility="public" complexity="1" crap="1" count="3"/>
      <line num="1419" type="stmt" count="3"/>
      <line num="1420" type="stmt" count="3"/>
      <line num="1421" type="stmt" count="3"/>
      <line num="1424" type="stmt" count="3"/>
      <line num="1434" type="method" name="assertIsBool" visibility="public" complexity="1" crap="1" count="1"/>
      <line num="1436" type="stmt" count="1"/>
      <line num="1437" type="stmt" count="1"/>
      <line num="1438" type="stmt" count="1"/>
      <line num="1441" type="stmt" count="1"/>
      <line num="1451" type="method" name="assertIsFloat" visibility="public" complexity="1" crap="1" count="1"/>
      <line num="1453" type="stmt" count="1"/>
      <line num="1454" type="stmt" count="1"/>
      <line num="1455" type="stmt" count="1"/>
      <line num="1458" type="stmt" count="1"/>
      <line num="1468" type="method" name="assertIsInt" visibility="public" complexity="1" crap="1" count="1"/>
      <line num="1470" type="stmt" count="1"/>
      <line num="1471" type="stmt" count="1"/>
      <line num="1472" type="stmt" count="1"/>
      <line num="1475" type="stmt" count="1"/>
      <line num="1485" type="method" name="assertIsNumeric" visibility="public" complexity="1" crap="1" count="1"/>
      <line num="1487" type="stmt" count="1"/>
      <line num="1488" type="stmt" count="1"/>
      <line num="1489" type="stmt" count="1"/>
      <line num="1492" type="stmt" count="1"/>
      <line num="1502" type="method" name="assertIsObject" visibility="public" complexity="1" crap="1" count="1"/>
      <line num="1504" type="stmt" count="1"/>
      <line num="1505" type="stmt" count="1"/>
      <line num="1506" type="stmt" count="1"/>
      <line num="1509" type="stmt" count="1"/>
      <line num="1519" type="method" name="assertIsResource" visibility="public" complexity="1" crap="1" count="2"/>
      <line num="1521" type="stmt" count="2"/>
      <line num="1522" type="stmt" count="2"/>
      <line num="1523" type="stmt" count="2"/>
      <line num="1526" type="stmt" count="2"/>
      <line num="1536" type="method" name="assertIsClosedResource" visibility="public" complexity="1" crap="1" count="1"/>
      <line num="1538" type="stmt" count="1"/>
      <line num="1539" type="stmt" count="1"/>
      <line num="1540" type="stmt" count="1"/>
      <line num="1543" type="stmt" count="1"/>
      <line num="1553" type="method" name="assertIsString" visibility="public" complexity="1" crap="1" count="2"/>
      <line num="1555" type="stmt" count="2"/>
      <line num="1556" type="stmt" count="2"/>
      <line num="1557" type="stmt" count="2"/>
      <line num="1560" type="stmt" count="2"/>
      <line num="1570" type="method" name="assertIsScalar" visibility="public" complexity="1" crap="1" count="1"/>
      <line num="1572" type="stmt" count="1"/>
      <line num="1573" type="stmt" count="1"/>
      <line num="1574" type="stmt" count="1"/>
      <line num="1577" type="stmt" count="1"/>
      <line num="1587" type="method" name="assertIsCallable" visibility="public" complexity="1" crap="1" count="1"/>
      <line num="1589" type="stmt" count="1"/>
      <line num="1590" type="stmt" count="1"/>
      <line num="1591" type="stmt" count="1"/>
      <line num="1594" type="stmt" count="1"/>
      <line num="1604" type="method" name="assertIsIterable" visibility="public" complexity="1" crap="1" count="1"/>
      <line num="1606" type="stmt" count="1"/>
      <line num="1607" type="stmt" count="1"/>
      <line num="1608" type="stmt" count="1"/>
      <line num="1611" type="stmt" count="1"/>
      <line num="1621" type="method" name="assertIsNotArray" visibility="public" complexity="1" crap="1" count="1"/>
      <line num="1623" type="stmt" count="1"/>
      <line num="1624" type="stmt" count="1"/>
      <line num="1625" type="stmt" count="1"/>
      <line num="1628" type="stmt" count="1"/>
      <line num="1638" type="method" name="assertIsNotBool" visibility="public" complexity="1" crap="1" count="1"/>
      <line num="1640" type="stmt" count="1"/>
      <line num="1641" type="stmt" count="1"/>
      <line num="1642" type="stmt" count="1"/>
      <line num="1645" type="stmt" count="1"/>
      <line num="1655" type="method" name="assertIsNotFloat" visibility="public" complexity="1" crap="1" count="1"/>
      <line num="1657" type="stmt" count="1"/>
      <line num="1658" type="stmt" count="1"/>
      <line num="1659" type="stmt" count="1"/>
      <line num="1662" type="stmt" count="1"/>
      <line num="1672" type="method" name="assertIsNotInt" visibility="public" complexity="1" crap="1" count="1"/>
      <line num="1674" type="stmt" count="1"/>
      <line num="1675" type="stmt" count="1"/>
      <line num="1676" type="stmt" count="1"/>
      <line num="1679" type="stmt" count="1"/>
      <line num="1689" type="method" name="assertIsNotNumeric" visibility="public" complexity="1" crap="1" count="1"/>
      <line num="1691" type="stmt" count="1"/>
      <line num="1692" type="stmt" count="1"/>
      <line num="1693" type="stmt" count="1"/>
      <line num="1696" type="stmt" count="1"/>
      <line num="1706" type="method" name="assertIsNotObject" visibility="public" complexity="1" crap="1" count="1"/>
      <line num="1708" type="stmt" count="1"/>
      <line num="1709" type="stmt" count="1"/>
      <line num="1710" type="stmt" count="1"/>
      <line num="1713" type="stmt" count="1"/>
      <line num="1723" type="method" name="assertIsNotResource" visibility="public" complexity="1" crap="1" count="1"/>
      <line num="1725" type="stmt" count="1"/>
      <line num="1726" type="stmt" count="1"/>
      <line num="1727" type="stmt" count="1"/>
      <line num="1730" type="stmt" count="1"/>
      <line num="1740" type="method" name="assertIsNotClosedResource" visibility="public" complexity="1" crap="1" count="1"/>
      <line num="1742" type="stmt" count="1"/>
      <line num="1743" type="stmt" count="1"/>
      <line num="1744" type="stmt" count="1"/>
      <line num="1747" type="stmt" count="1"/>
      <line num="1757" type="method" name="assertIsNotString" visibility="public" complexity="1" crap="1" count="1"/>
      <line num="1759" type="stmt" count="1"/>
      <line num="1760" type="stmt" count="1"/>
      <line num="1761" type="stmt" count="1"/>
      <line num="1764" type="stmt" count="1"/>
      <line num="1774" type="method" name="assertIsNotScalar" visibility="public" complexity="1" crap="1" count="1"/>
      <line num="1776" type="stmt" count="1"/>
      <line num="1777" type="stmt" count="1"/>
      <line num="1778" type="stmt" count="1"/>
      <line num="1781" type="stmt" count="1"/>
      <line num="1791" type="method" name="assertIsNotCallable" visibility="public" complexity="1" crap="1" count="1"/>
      <line num="1793" type="stmt" count="1"/>
      <line num="1794" type="stmt" count="1"/>
      <line num="1795" type="stmt" count="1"/>
      <line num="1798" type="stmt" count="1"/>
      <line num="1808" type="method" name="assertIsNotIterable" visibility="public" complexity="1" crap="1" count="1"/>
      <line num="1810" type="stmt" count="1"/>
      <line num="1811" type="stmt" count="1"/>
      <line num="1812" type="stmt" count="1"/>
      <line num="1815" type="stmt" count="1"/>
      <line num="1823" type="method" name="assertMatchesRegularExpression" visibility="public" complexity="1" crap="1" count="5"/>
      <line num="1825" type="stmt" count="5"/>
      <line num="1826" type="stmt" count="3"/>
      <line num="1851" type="method" name="assertDoesNotMatchRegularExpression" visibility="public" complexity="1" crap="1" count="1"/>
      <line num="1853" type="stmt" count="1"/>
      <line num="1854" type="stmt" count="1"/>
      <line num="1855" type="stmt" count="1"/>
      <line num="1856" type="stmt" count="1"/>
      <line num="1860" type="stmt" count="1"/>
      <line num="1896" type="method" name="assertSameSize" visibility="public" complexity="5" crap="5" count="3"/>
      <line num="1898" type="stmt" count="3"/>
      <line num="1899" type="stmt" count="1"/>
      <line num="1902" type="stmt" count="2"/>
      <line num="1903" type="stmt" count="1"/>
      <line num="1906" type="stmt" count="1"/>
      <line num="1907" type="stmt" count="1"/>
      <line num="1908" type="stmt" count="1"/>
      <line num="1911" type="stmt" count="1"/>
      <line num="1924" type="method" name="assertNotSameSize" visibility="public" complexity="5" crap="5" count="3"/>
      <line num="1926" type="stmt" count="3"/>
      <line num="1927" type="stmt" count="1"/>
      <line num="1930" type="stmt" count="2"/>
      <line num="1931" type="stmt" count="1"/>
      <line num="1934" type="stmt" count="1"/>
      <line num="1935" type="stmt" count="1"/>
      <line num="1936" type="stmt" count="1"/>
      <line num="1937" type="stmt" count="1"/>
      <line num="1941" type="stmt" count="1"/>
      <line num="1949" type="method" name="assertStringMatchesFormat" visibility="public" complexity="1" crap="1" count="16"/>
      <line num="1951" type="stmt" count="16"/>
      <line num="1952" type="stmt" count="12"/>
      <line num="1960" type="method" name="assertStringNotMatchesFormat" visibility="public" complexity="1" crap="1" count="1"/>
      <line num="1962" type="stmt" count="1"/>
      <line num="1963" type="stmt" count="1"/>
      <line num="1964" type="stmt" count="1"/>
      <line num="1965" type="stmt" count="1"/>
      <line num="1969" type="stmt" count="1"/>
      <line num="1977" type="method" name="assertStringMatchesFormatFile" visibility="public" complexity="1" crap="1" count="4"/>
      <line num="1979" type="stmt" count="4"/>
      <line num="1981" type="stmt" count="3"/>
      <line num="1982" type="stmt" count="3"/>
      <line num="1983" type="stmt" count="3"/>
      <line num="1984" type="stmt" count="3"/>
      <line num="1988" type="stmt" count="1"/>
      <line num="1996" type="method" name="assertStringNotMatchesFormatFile" visibility="public" complexity="1" crap="1" count="2"/>
      <line num="1998" type="stmt" count="2"/>
      <line num="2000" type="stmt" count="1"/>
      <line num="2001" type="stmt" count="1"/>
      <line num="2002" type="stmt" count="1"/>
      <line num="2003" type="stmt" count="1"/>
      <line num="2004" type="stmt" count="1"/>
      <line num="2009" type="stmt" count="1"/>
      <line num="2017" type="method" name="assertStringStartsWith" visibility="public" complexity="1" crap="1" count="7"/>
      <line num="2019" type="stmt" count="7"/>
      <line num="2020" type="stmt" count="7"/>
      <line num="2031" type="method" name="assertStringStartsNotWith" visibility="public" complexity="1" crap="1" count="2"/>
      <line num="2033" type="stmt" count="2"/>
      <line num="2034" type="stmt" count="2"/>
      <line num="2035" type="stmt" count="2"/>
      <line num="2036" type="stmt" count="2"/>
      <line num="2040" type="stmt" count="1"/>
      <line num="2046" type="method" name="assertStringContainsString" visibility="public" complexity="1" crap="1" count="17"/>
      <line num="2048" type="stmt" count="17"/>
      <line num="2050" type="stmt" count="17"/>
      <line num="2051" type="stmt" count="17"/>
      <line num="2057" type="method" name="assertStringContainsStringIgnoringCase" visibility="public" complexity="1" crap="1" count="1"/>
      <line num="2059" type="stmt" count="1"/>
      <line num="2061" type="stmt" count="1"/>
      <line num="2062" type="stmt" count="1"/>
      <line num="2068" type="method" name="assertStringNotContainsString" visibility="public" complexity="1" crap="1" count="6"/>
      <line num="2070" type="stmt" count="6"/>
      <line num="2072" type="stmt" count="6"/>
      <line num="2073" type="stmt" count="6"/>
      <line num="2079" type="method" name="assertStringNotContainsStringIgnoringCase" visibility="public" complexity="1" crap="1" count="1"/>
      <line num="2081" type="stmt" count="1"/>
      <line num="2083" type="stmt" count="1"/>
      <line num="2084" type="stmt" count="1"/>
      <line num="2092" type="method" name="assertStringEndsWith" visibility="public" complexity="1" crap="1" count="1"/>
      <line num="2094" type="stmt" count="1"/>
      <line num="2095" type="stmt" count="1"/>
      <line num="2103" type="method" name="assertStringEndsNotWith" visibility="public" complexity="1" crap="1" count="1"/>
      <line num="2105" type="stmt" count="1"/>
      <line num="2106" type="stmt" count="1"/>
      <line num="2107" type="stmt" count="1"/>
      <line num="2108" type="stmt" count="1"/>
      <line num="2112" type="stmt" count="1"/>
      <line num="2121" type="method" name="assertXmlFileEqualsXmlFile" visibility="public" complexity="1" crap="1" count="1"/>
      <line num="2123" type="stmt" count="1"/>
      <line num="2124" type="stmt" count="1"/>
      <line num="2126" type="stmt" count="1"/>
      <line num="2127" type="stmt" count="1"/>
      <line num="2136" type="method" name="assertXmlFileNotEqualsXmlFile" visibility="public" complexity="1" crap="1" count="1"/>
      <line num="2138" type="stmt" count="1"/>
      <line num="2139" type="stmt" count="1"/>
      <line num="2141" type="stmt" count="1"/>
      <line num="2142" type="stmt" count="1"/>
      <line num="2153" type="method" name="assertXmlStringEqualsXmlFile" visibility="public" complexity="2" crap="2" count="2"/>
      <line num="2155" type="stmt" count="2"/>
      <line num="2156" type="stmt" count="1"/>
      <line num="2158" type="stmt" count="1"/>
      <line num="2160" type="stmt" count="1"/>
      <line num="2163" type="stmt" count="2"/>
      <line num="2165" type="stmt" count="2"/>
      <line num="2166" type="stmt" count="1"/>
      <line num="2177" type="method" name="assertXmlStringNotEqualsXmlFile" visibility="public" complexity="2" crap="2.09" count="1"/>
      <line num="2179" type="stmt" count="1"/>
      <line num="2180" type="stmt" count="0"/>
      <line num="2182" type="stmt" count="0"/>
      <line num="2184" type="stmt" count="1"/>
      <line num="2187" type="stmt" count="1"/>
      <line num="2189" type="stmt" count="1"/>
      <line num="2190" type="stmt" count="1"/>
      <line num="2202" type="method" name="assertXmlStringEqualsXmlString" visibility="public" complexity="3" crap="3.58" count="3"/>
      <line num="2204" type="stmt" count="3"/>
      <line num="2205" type="stmt" count="0"/>
      <line num="2207" type="stmt" count="0"/>
      <line num="2209" type="stmt" count="3"/>
      <line num="2212" type="stmt" count="2"/>
      <line num="2213" type="stmt" count="0"/>
      <line num="2215" type="stmt" count="0"/>
      <line num="2217" type="stmt" count="2"/>
      <line num="2220" type="stmt" count="2"/>
      <line num="2221" type="stmt" count="2"/>
      <line num="2233" type="method" name="assertXmlStringNotEqualsXmlString" visibility="public" complexity="3" crap="3.58" count="1"/>
      <line num="2235" type="stmt" count="1"/>
      <line num="2236" type="stmt" count="0"/>
      <line num="2238" type="stmt" count="0"/>
      <line num="2240" type="stmt" count="1"/>
      <line num="2243" type="stmt" count="1"/>
      <line num="2244" type="stmt" count="0"/>
      <line num="2246" type="stmt" count="0"/>
      <line num="2248" type="stmt" count="1"/>
      <line num="2251" type="stmt" count="1"/>
      <line num="2252" type="stmt" count="1"/>
      <line num="2340" type="method" name="assertThat" visibility="public" complexity="1" crap="1" count="2244"/>
      <line num="2342" type="stmt" count="2244"/>
      <line num="2344" type="stmt" count="2244"/>
      <line num="2345" type="stmt" count="2231"/>
      <line num="2353" type="method" name="assertJson" visibility="public" complexity="1" crap="1" count="12"/>
      <line num="2355" type="stmt" count="12"/>
      <line num="2356" type="stmt" count="10"/>
      <line num="2364" type="method" name="assertJsonStringEqualsJsonString" visibility="public" complexity="1" crap="1" count="3"/>
      <line num="2366" type="stmt" count="3"/>
      <line num="2367" type="stmt" count="2"/>
      <line num="2369" type="stmt" count="1"/>
      <line num="2370" type="stmt" count="1"/>
      <line num="2381" type="method" name="assertJsonStringNotEqualsJsonString" visibility="public" complexity="1" crap="1" count="3"/>
      <line num="2383" type="stmt" count="3"/>
      <line num="2384" type="stmt" count="2"/>
      <line num="2386" type="stmt" count="1"/>
      <line num="2387" type="stmt" count="1"/>
      <line num="2388" type="stmt" count="1"/>
      <line num="2389" type="stmt" count="1"/>
      <line num="2393" type="stmt" count="1"/>
      <line num="2401" type="method" name="assertJsonStringEqualsJsonFile" visibility="public" complexity="1" crap="1" count="2"/>
      <line num="2403" type="stmt" count="2"/>
      <line num="2404" type="stmt" count="2"/>
      <line num="2406" type="stmt" count="2"/>
      <line num="2407" type="stmt" count="2"/>
      <line num="2409" type="stmt" count="2"/>
      <line num="2410" type="stmt" count="1"/>
      <line num="2418" type="method" name="assertJsonStringNotEqualsJsonFile" visibility="public" complexity="1" crap="1" count="1"/>
      <line num="2420" type="stmt" count="1"/>
      <line num="2421" type="stmt" count="1"/>
      <line num="2423" type="stmt" count="1"/>
      <line num="2424" type="stmt" count="1"/>
      <line num="2426" type="stmt" count="1"/>
      <line num="2427" type="stmt" count="1"/>
      <line num="2428" type="stmt" count="1"/>
      <line num="2429" type="stmt" count="1"/>
      <line num="2433" type="stmt" count="1"/>
      <line num="2441" type="method" name="assertJsonFileEqualsJsonFile" visibility="public" complexity="1" crap="1" count="1"/>
      <line num="2443" type="stmt" count="1"/>
      <line num="2444" type="stmt" count="1"/>
      <line num="2446" type="stmt" count="1"/>
      <line num="2447" type="stmt" count="1"/>
      <line num="2449" type="stmt" count="1"/>
      <line num="2450" type="stmt" count="1"/>
      <line num="2452" type="stmt" count="1"/>
      <line num="2453" type="stmt" count="1"/>
      <line num="2456" type="stmt" count="1"/>
      <line num="2458" type="stmt" count="1"/>
      <line num="2459" type="stmt" count="1"/>
      <line num="2460" type="stmt" count="1"/>
      <line num="2468" type="method" name="assertJsonFileNotEqualsJsonFile" visibility="public" complexity="1" crap="1" count="1"/>
      <line num="2470" type="stmt" count="1"/>
      <line num="2471" type="stmt" count="1"/>
      <line num="2473" type="stmt" count="1"/>
      <line num="2474" type="stmt" count="1"/>
      <line num="2476" type="stmt" count="1"/>
      <line num="2477" type="stmt" count="1"/>
      <line num="2479" type="stmt" count="1"/>
      <line num="2480" type="stmt" count="1"/>
      <line num="2483" type="stmt" count="1"/>
      <line num="2485" type="stmt" count="1"/>
      <line num="2486" type="stmt" count="1"/>
      <line num="2487" type="stmt" count="1"/>
      <line num="2492" type="method" name="logicalAnd" visibility="public" complexity="1" crap="1" count="1"/>
      <line num="2494" type="stmt" count="1"/>
      <line num="2496" type="stmt" count="1"/>
      <line num="2497" type="stmt" count="1"/>
      <line num="2499" type="stmt" count="1"/>
      <line num="2502" type="method" name="logicalOr" visibility="public" complexity="1" crap="1" count="13"/>
      <line num="2504" type="stmt" count="13"/>
      <line num="2506" type="stmt" count="13"/>
      <line num="2507" type="stmt" count="13"/>
      <line num="2509" type="stmt" count="13"/>
      <line num="2512" type="method" name="logicalNot" visibility="public" complexity="1" crap="1" count="56"/>
      <line num="2514" type="stmt" count="56"/>
      <line num="2517" type="method" name="logicalXor" visibility="public" complexity="1" crap="1" count="1"/>
      <line num="2519" type="stmt" count="1"/>
      <line num="2521" type="stmt" count="1"/>
      <line num="2522" type="stmt" count="1"/>
      <line num="2524" type="stmt" count="1"/>
      <line num="2527" type="method" name="anything" visibility="public" complexity="1" crap="1" count="3"/>
      <line num="2529" type="stmt" count="3"/>
      <line num="2532" type="method" name="isTrue" visibility="public" complexity="1" crap="1" count="329"/>
      <line num="2534" type="stmt" count="329"/>
      <line num="2544" type="method" name="callback" visibility="public" complexity="1" crap="1" count="2"/>
      <line num="2546" type="stmt" count="2"/>
      <line num="2549" type="method" name="isFalse" visibility="public" complexity="1" crap="1" count="192"/>
      <line num="2551" type="stmt" count="192"/>
      <line num="2554" type="method" name="isJson" visibility="public" complexity="1" crap="1" count="13"/>
      <line num="2556" type="stmt" count="13"/>
      <line num="2559" type="method" name="isNull" visibility="public" complexity="1" crap="1" count="140"/>
      <line num="2561" type="stmt" count="140"/>
      <line num="2564" type="method" name="isFinite" visibility="public" complexity="1" crap="1" count="1"/>
      <line num="2566" type="stmt" count="1"/>
      <line num="2569" type="method" name="isInfinite" visibility="public" complexity="1" crap="1" count="1"/>
      <line num="2571" type="stmt" count="1"/>
      <line num="2574" type="method" name="isNan" visibility="public" complexity="1" crap="1" count="1"/>
      <line num="2576" type="stmt" count="1"/>
      <line num="2579" type="method" name="containsEqual" visibility="public" complexity="1" crap="2" count="0"/>
      <line num="2581" type="stmt" count="0"/>
      <line num="2584" type="method" name="containsIdentical" visibility="public" complexity="1" crap="1" count="1"/>
      <line num="2586" type="stmt" count="1"/>
      <line num="2589" type="method" name="containsOnly" visibility="public" complexity="1" crap="1" count="1"/>
      <line num="2591" type="stmt" count="1"/>
      <line num="2594" type="method" name="containsOnlyInstancesOf" visibility="public" complexity="1" crap="1" count="1"/>
      <line num="2596" type="stmt" count="1"/>
      <line num="2602" type="method" name="arrayHasKey" visibility="public" complexity="1" crap="1" count="3"/>
      <line num="2604" type="stmt" count="3"/>
      <line num="2607" type="method" name="equalTo" visibility="public" complexity="1" crap="1" count="5"/>
      <line num="2609" type="stmt" count="5"/>
      <line num="2612" type="method" name="equalToCanonicalizing" visibility="public" complexity="1" crap="2" count="0"/>
      <line num="2614" type="stmt" count="0"/>
      <line num="2617" type="method" name="equalToIgnoringCase" visibility="public" complexity="1" crap="2" count="0"/>
      <line num="2619" type="stmt" count="0"/>
      <line num="2622" type="method" name="equalToWithDelta" visibility="public" complexity="1" crap="2" count="0"/>
      <line num="2624" type="stmt" count="0"/>
      <line num="2627" type="method" name="isEmpty" visibility="public" complexity="1" crap="1" count="17"/>
      <line num="2629" type="stmt" count="17"/>
      <line num="2632" type="method" name="isWritable" visibility="public" complexity="1" crap="2" count="0"/>
      <line num="2634" type="stmt" count="0"/>
      <line num="2637" type="method" name="isReadable" visibility="public" complexity="1" crap="2" count="0"/>
      <line num="2639" type="stmt" count="0"/>
      <line num="2642" type="method" name="directoryExists" visibility="public" complexity="1" crap="2" count="0"/>
      <line num="2644" type="stmt" count="0"/>
      <line num="2647" type="method" name="fileExists" visibility="public" complexity="1" crap="1" count="3"/>
      <line num="2649" type="stmt" count="3"/>
      <line num="2652" type="method" name="greaterThan" visibility="public" complexity="1" crap="1" count="4"/>
      <line num="2654" type="stmt" count="4"/>
      <line num="2657" type="method" name="greaterThanOrEqual" visibility="public" complexity="1" crap="1" count="6"/>
      <line num="2659" type="stmt" count="6"/>
      <line num="2660" type="stmt" count="6"/>
      <line num="2661" type="stmt" count="6"/>
      <line num="2665" type="method" name="classHasAttribute" visibility="public" complexity="1" crap="1" count="3"/>
      <line num="2667" type="stmt" count="3"/>
      <line num="2670" type="method" name="classHasStaticAttribute" visibility="public" complexity="1" crap="1" count="3"/>
      <line num="2672" type="stmt" count="3"/>
      <line num="2675" type="method" name="objectHasAttribute" visibility="public" complexity="1" crap="1" count="3"/>
      <line num="2677" type="stmt" count="3"/>
      <line num="2680" type="method" name="identicalTo" visibility="public" complexity="1" crap="1" count="23"/>
      <line num="2682" type="stmt" count="23"/>
      <line num="2685" type="method" name="isInstanceOf" visibility="public" complexity="1" crap="1" count="6"/>
      <line num="2687" type="stmt" count="6"/>
      <line num="2690" type="method" name="isType" visibility="public" complexity="1" crap="1" count="10"/>
      <line num="2692" type="stmt" count="10"/>
      <line num="2695" type="method" name="lessThan" visibility="public" complexity="1" crap="1" count="4"/>
      <line num="2697" type="stmt" count="4"/>
      <line num="2700" type="method" name="lessThanOrEqual" visibility="public" complexity="1" crap="1" count="6"/>
      <line num="2702" type="stmt" count="6"/>
      <line num="2703" type="stmt" count="6"/>
      <line num="2704" type="stmt" count="6"/>
      <line num="2708" type="method" name="matchesRegularExpression" visibility="public" complexity="1" crap="1" count="3"/>
      <line num="2710" type="stmt" count="3"/>
      <line num="2713" type="method" name="matches" visibility="public" complexity="1" crap="2" count="0"/>
      <line num="2715" type="stmt" count="0"/>
      <line num="2718" type="method" name="stringStartsWith" visibility="public" complexity="1" crap="1" count="2"/>
      <line num="2720" type="stmt" count="2"/>
      <line num="2723" type="method" name="stringContains" visibility="public" complexity="1" crap="1" count="5"/>
      <line num="2725" type="stmt" count="5"/>
      <line num="2728" type="method" name="stringEndsWith" visibility="public" complexity="1" crap="1" count="2"/>
      <line num="2730" type="stmt" count="2"/>
      <line num="2733" type="method" name="countOf" visibility="public" complexity="1" crap="1" count="1"/>
      <line num="2735" type="stmt" count="1"/>
      <line num="2738" type="method" name="objectEquals" visibility="public" complexity="1" crap="1" count="1"/>
      <line num="2740" type="stmt" count="1"/>
      <line num="2750" type="method" name="fail" visibility="public" complexity="1" crap="1" count="7"/>
      <line num="2752" type="stmt" count="7"/>
      <line num="2754" type="stmt" count="7"/>
      <line num="2764" type="method" name="markTestIncomplete" visibility="public" complexity="1" crap="1" count="18"/>
      <line num="2766" type="stmt" count="18"/>
      <line num="2777" type="method" name="markTestSkipped" visibility="public" complexity="2" crap="2" count="23"/>
      <line num="2779" type="stmt" count="23"/>
      <line num="2780" type="stmt" count="10"/>
      <line num="2781" type="stmt" count="10"/>
      <line num="2783" type="stmt" count="10"/>
      <line num="2786" type="stmt" count="13"/>
      <line num="2792" type="method" name="getCount" visibility="public" complexity="1" crap="1" count="2277"/>
      <line num="2794" type="stmt" count="2277"/>
      <line num="2800" type="method" name="resetCount" visibility="public" complexity="1" crap="1" count="237"/>
      <line num="2802" type="stmt" count="237"/>
      <line num="2803" type="stmt" count="237"/>
      <line num="2805" type="method" name="detectLocationHint" visibility="private" complexity="5" crap="5" count="23"/>
      <line num="2807" type="stmt" count="23"/>
      <line num="2808" type="stmt" count="23"/>
      <line num="2810" type="stmt" count="23"/>
      <line num="2811" type="stmt" count="10"/>
      <line num="2813" type="stmt" count="10"/>
      <line num="2814" type="stmt" count="10"/>
      <line num="2817" type="stmt" count="10"/>
      <line num="2818" type="stmt" count="10"/>
      <line num="2822" type="stmt" count="23"/>
      <line num="2823" type="stmt" count="10"/>
      <line num="2826" type="stmt" count="23"/>
      <line num="2829" type="method" name="isValidObjectAttributeName" visibility="private" complexity="1" crap="1" count="18"/>
      <line num="2831" type="stmt" count="18"/>
      <line num="2834" type="method" name="isValidClassAttributeName" visibility="private" complexity="1" crap="1" count="12"/>
      <line num="2836" type="stmt" count="12"/>
      <metrics loc="2854" ncloc="1794" classes="1" methods="179" coveredmethods="158" conditionals="0" coveredconditionals="0" statements="653" coveredstatements="600" elements="832" coveredelements="758"/>
    </file>
    <file name="/root/pu/ups/src/Framework/Constraint/Boolean/IsFalse.php">
      <class name="PHPUnit\Framework\Constraint\IsFalse" namespace="global">
        <metrics complexity="2" methods="2" coveredmethods="2" conditionals="0" coveredconditionals="0" statements="2" coveredstatements="2" elements="4" coveredelements="4"/>
      </class>
      <line num="20" type="method" name="toString" visibility="public" complexity="1" crap="1" count="4"/>
      <line num="22" type="stmt" count="4"/>
      <line num="31" type="method" name="matches" visibility="protected" complexity="1" crap="1" count="192"/>
      <line num="33" type="stmt" count="192"/>
      <metrics loc="35" ncloc="15" classes="1" methods="2" coveredmethods="2" conditionals="0" coveredconditionals="0" statements="2" coveredstatements="2" elements="4" coveredelements="4"/>
    </file>
    <file name="/root/pu/ups/src/Framework/Constraint/Boolean/IsTrue.php">
      <class name="PHPUnit\Framework\Constraint\IsTrue" namespace="global">
        <metrics complexity="2" methods="2" coveredmethods="2" conditionals="0" coveredconditionals="0" statements="2" coveredstatements="2" elements="4" coveredelements="4"/>
      </class>
      <line num="20" type="method" name="toString" visibility="public" complexity="1" crap="1" count="12"/>
      <line num="22" type="stmt" count="12"/>
      <line num="31" type="method" name="matches" visibility="protected" complexity="1" crap="1" count="329"/>
      <line num="33" type="stmt" count="329"/>
      <metrics loc="35" ncloc="15" classes="1" methods="2" coveredmethods="2" conditionals="0" coveredconditionals="0" statements="2" coveredstatements="2" elements="4" coveredelements="4"/>
    </file>
    <file name="/root/pu/ups/src/Framework/Constraint/Callback.php">
      <class name="PHPUnit\Framework\Constraint\Callback" namespace="global">
        <metrics complexity="3" methods="3" coveredmethods="3" conditionals="0" coveredconditionals="0" statements="4" coveredstatements="4" elements="7" coveredelements="7"/>
      </class>
      <line num="27" type="method" name="__construct" visibility="public" complexity="1" crap="1" count="4"/>
      <line num="29" type="stmt" count="4"/>
      <line num="30" type="stmt" count="4"/>
      <line num="35" type="method" name="toString" visibility="public" complexity="1" crap="1" count="2"/>
      <line num="37" type="stmt" count="2"/>
      <line num="48" type="method" name="matches" visibility="protected" complexity="1" crap="1" count="4"/>
      <line num="50" type="stmt" count="4"/>
      <metrics loc="52" ncloc="22" classes="1" methods="3" coveredmethods="3" conditionals="0" coveredconditionals="0" statements="4" coveredstatements="4" elements="7" coveredelements="7"/>
    </file>
    <file name="/root/pu/ups/src/Framework/Constraint/Cardinality/Count.php">
      <class name="PHPUnit\Framework\Constraint\Count" namespace="global">
        <metrics complexity="18" methods="6" coveredmethods="5" conditionals="0" coveredconditionals="0" statements="37" coveredstatements="32" elements="43" coveredelements="37"/>
      </class>
      <line num="34" type="method" name="__construct" visibility="public" complexity="1" crap="1" count="140"/>
      <line num="36" type="stmt" count="140"/>
      <line num="37" type="stmt" count="140"/>
      <line num="39" type="method" name="toString" visibility="public" complexity="1" crap="1" count="1"/>
      <line num="41" type="stmt" count="1"/>
      <line num="42" type="stmt" count="1"/>
      <line num="43" type="stmt" count="1"/>
      <line num="53" type="method" name="matches" visibility="protected" complexity="1" crap="1" count="139"/>
      <line num="55" type="stmt" count="139"/>
      <line num="61" type="method" name="getCountOf" visibility="protected" complexity="12" crap="13.30" count="139"/>
      <line num="63" type="stmt" count="139"/>
      <line num="64" type="stmt" count="133"/>
      <line num="67" type="stmt" count="7"/>
      <line num="68" type="stmt" count="1"/>
      <line num="71" type="stmt" count="6"/>
      <line num="72" type="stmt" count="5"/>
      <line num="74" type="stmt" count="2"/>
      <line num="75" type="stmt" count="0"/>
      <line num="76" type="stmt" count="0"/>
      <line num="77" type="stmt" count="0"/>
      <line num="78" type="stmt" count="0"/>
      <line num="84" type="stmt" count="5"/>
      <line num="86" type="stmt" count="5"/>
      <line num="87" type="stmt" count="1"/>
      <line num="90" type="stmt" count="4"/>
      <line num="91" type="stmt" count="0"/>
      <line num="94" type="stmt" count="4"/>
      <line num="95" type="stmt" count="4"/>
      <line num="99" type="stmt" count="4"/>
      <line num="100" type="stmt" count="4"/>
      <line num="102" type="stmt" count="4"/>
      <line num="103" type="stmt" count="1"/>
      <line num="107" type="stmt" count="4"/>
      <line num="110" type="stmt" count="1"/>
      <line num="117" type="method" name="getCountOfGenerator" visibility="protected" complexity="2" crap="2" count="1"/>
      <line num="119" type="stmt" count="1"/>
      <line num="120" type="stmt" count="1"/>
      <line num="123" type="stmt" count="1"/>
      <line num="134" type="method" name="failureDescription" visibility="protected" complexity="1" crap="1" count="10"/>
      <line num="136" type="stmt" count="10"/>
      <line num="137" type="stmt" count="10"/>
      <line num="138" type="stmt" count="10"/>
      <line num="139" type="stmt" count="10"/>
      <metrics loc="142" ncloc="107" classes="1" methods="6" coveredmethods="5" conditionals="0" coveredconditionals="0" statements="37" coveredstatements="32" elements="43" coveredelements="37"/>
    </file>
    <file name="/root/pu/ups/src/Framework/Constraint/Cardinality/GreaterThan.php">
      <class name="PHPUnit\Framework\Constraint\GreaterThan" namespace="global">
        <metrics complexity="3" methods="3" coveredmethods="3" conditionals="0" coveredconditionals="0" statements="4" coveredstatements="4" elements="7" coveredelements="7"/>
      </class>
      <line num="25" type="method" name="__construct" visibility="public" complexity="1" crap="1" count="26"/>
      <line num="27" type="stmt" count="26"/>
      <line num="28" type="stmt" count="26"/>
      <line num="35" type="method" name="toString" visibility="public" complexity="1" crap="1" count="24"/>
      <line num="37" type="stmt" count="24"/>
      <line num="46" type="method" name="matches" visibility="protected" complexity="1" crap="1" count="24"/>
      <line num="48" type="stmt" count="24"/>
      <metrics loc="50" ncloc="22" classes="1" methods="3" coveredmethods="3" conditionals="0" coveredconditionals="0" statements="4" coveredstatements="4" elements="7" coveredelements="7"/>
    </file>
    <file name="/root/pu/ups/src/Framework/Constraint/Cardinality/IsEmpty.php">
      <class name="PHPUnit\Framework\Constraint\IsEmpty" namespace="global">
        <metrics complexity="7" methods="3" coveredmethods="3" conditionals="0" coveredconditionals="0" statements="12" coveredstatements="12" elements="15" coveredelements="15"/>
      </class>
      <line num="27" type="method" name="toString" visibility="public" complexity="1" crap="1" count="4"/>
      <line num="29" type="stmt" count="4"/>
      <line num="38" type="method" name="matches" visibility="protected" complexity="3" crap="3" count="20"/>
      <line num="40" type="stmt" count="20"/>
      <line num="41" type="stmt" count="1"/>
      <line num="44" type="stmt" count="19"/>
      <line num="45" type="stmt" count="1"/>
      <line num="48" type="stmt" count="19"/>
      <line num="59" type="method" name="failureDescription" visibility="protected" complexity="3" crap="3" count="4"/>
      <line num="61" type="stmt" count="4"/>
      <line num="63" type="stmt" count="4"/>
      <line num="64" type="stmt" count="4"/>
      <line num="65" type="stmt" count="4"/>
      <line num="66" type="stmt" count="4"/>
      <line num="67" type="stmt" count="4"/>
      <metrics loc="70" ncloc="42" classes="1" methods="3" coveredmethods="3" conditionals="0" coveredconditionals="0" statements="12" coveredstatements="12" elements="15" coveredelements="15"/>
    </file>
    <file name="/root/pu/ups/src/Framework/Constraint/Cardinality/LessThan.php">
      <class name="PHPUnit\Framework\Constraint\LessThan" namespace="global">
        <metrics complexity="3" methods="3" coveredmethods="3" conditionals="0" coveredconditionals="0" statements="4" coveredstatements="4" elements="7" coveredelements="7"/>
      </class>
      <line num="25" type="method" name="__construct" visibility="public" complexity="1" crap="1" count="16"/>
      <line num="27" type="stmt" count="16"/>
      <line num="28" type="stmt" count="16"/>
      <line num="35" type="method" name="toString" visibility="public" complexity="1" crap="1" count="14"/>
      <line num="37" type="stmt" count="14"/>
      <line num="46" type="method" name="matches" visibility="protected" complexity="1" crap="1" count="15"/>
      <line num="48" type="stmt" count="15"/>
      <metrics loc="50" ncloc="22" classes="1" methods="3" coveredmethods="3" conditionals="0" coveredconditionals="0" statements="4" coveredstatements="4" elements="7" coveredelements="7"/>
    </file>
    <file name="/root/pu/ups/src/Framework/Constraint/Cardinality/SameSize.php">
      <class name="PHPUnit\Framework\Constraint\SameSize" namespace="global">
        <metrics complexity="1" methods="1" coveredmethods="1" conditionals="0" coveredconditionals="0" statements="2" coveredstatements="2" elements="3" coveredelements="3"/>
      </class>
      <line num="17" type="method" name="__construct" visibility="public" complexity="1" crap="1" count="7"/>
      <line num="19" type="stmt" count="7"/>
      <line num="20" type="stmt" count="7"/>
      <metrics loc="21" ncloc="10" classes="1" methods="1" coveredmethods="1" conditionals="0" coveredconditionals="0" statements="2" coveredstatements="2" elements="3" coveredelements="3"/>
    </file>
    <file name="/root/pu/ups/src/Framework/Constraint/Constraint.php">
      <class name="PHPUnit\Framework\Constraint\Constraint" namespace="global">
        <metrics complexity="17" methods="9" coveredmethods="9" conditionals="0" coveredconditionals="0" statements="30" coveredstatements="30" elements="39" coveredelements="39"/>
      </class>
      <line num="42" type="method" name="evaluate" visibility="public" complexity="4" crap="4" count="1753"/>
      <line num="44" type="stmt" count="1753"/>
      <line num="46" type="stmt" count="1753"/>
      <line num="47" type="stmt" count="1659"/>
      <line num="50" type="stmt" count="1753"/>
      <line num="51" type="stmt" count="699"/>
      <line num="54" type="stmt" count="1481"/>
      <line num="55" type="stmt" count="413"/>
      <line num="58" type="stmt" count="1425"/>
      <line num="64" type="method" name="count" visibility="public" complexity="1" crap="1" count="2244"/>
      <line num="66" type="stmt" count="2244"/>
      <line num="69" type="method" name="exporter" visibility="protected" complexity="2" crap="2" count="404"/>
      <line num="71" type="stmt" count="404"/>
      <line num="72" type="stmt" count="404"/>
      <line num="75" type="stmt" count="404"/>
      <line num="104" type="method" name="fail" visibility="protected" complexity="3" crap="3" count="499"/>
      <line num="106" type="stmt" count="499"/>
      <line num="107" type="stmt" count="499"/>
      <line num="108" type="stmt" count="499"/>
      <line num="111" type="stmt" count="499"/>
      <line num="113" type="stmt" count="499"/>
      <line num="114" type="stmt" count="6"/>
      <line num="117" type="stmt" count="499"/>
      <line num="118" type="stmt" count="48"/>
      <line num="121" type="stmt" count="499"/>
      <line num="122" type="stmt" count="499"/>
      <line num="135" type="method" name="additionalFailureDescription" visibility="protected" complexity="1" crap="1" count="496"/>
      <line num="137" type="stmt" count="496"/>
      <line num="153" type="method" name="failureDescription" visibility="protected" complexity="1" crap="1" count="356"/>
      <line num="155" type="stmt" count="356"/>
      <line num="173" type="method" name="toStringInContext" visibility="protected" complexity="1" crap="1" count="512"/>
      <line num="175" type="stmt" count="512"/>
      <line num="194" type="method" name="failureDescriptionInContext" visibility="protected" complexity="2" crap="2" count="172"/>
      <line num="196" type="stmt" count="172"/>
      <line num="198" type="stmt" count="172"/>
      <line num="199" type="stmt" count="169"/>
      <line num="202" type="stmt" count="3"/>
      <line num="265" type="method" name="reduce" visibility="protected" complexity="1" crap="1" count="550"/>
      <line num="267" type="stmt" count="550"/>
      <metrics loc="269" ncloc="106" classes="1" methods="9" coveredmethods="9" conditionals="0" coveredconditionals="0" statements="30" coveredstatements="30" elements="39" coveredelements="39"/>
    </file>
    <file name="/root/pu/ups/src/Framework/Constraint/Equality/IsEqual.php">
      <class name="PHPUnit\Framework\Constraint\IsEqual" namespace="global">
        <metrics complexity="9" methods="3" coveredmethods="3" conditionals="0" coveredconditionals="0" statements="36" coveredstatements="36" elements="39" coveredelements="39"/>
      </class>
      <line num="45" type="method" name="__construct" visibility="public" complexity="1" crap="1" count="679"/>
      <line num="47" type="stmt" count="679"/>
      <line num="48" type="stmt" count="679"/>
      <line num="49" type="stmt" count="679"/>
      <line num="50" type="stmt" count="679"/>
      <line num="51" type="stmt" count="679"/>
      <line num="67" type="method" name="evaluate" visibility="public" complexity="4" crap="4" count="675"/>
      <line num="72" type="stmt" count="675"/>
      <line num="73" type="stmt" count="488"/>
      <line num="76" type="stmt" count="234"/>
      <line num="79" type="stmt" count="234"/>
      <line num="80" type="stmt" count="234"/>
      <line num="84" type="stmt" count="234"/>
      <line num="85" type="stmt" count="234"/>
      <line num="87" type="stmt" count="234"/>
      <line num="88" type="stmt" count="234"/>
      <line num="89" type="stmt" count="234"/>
      <line num="91" type="stmt" count="167"/>
      <line num="92" type="stmt" count="167"/>
      <line num="93" type="stmt" count="81"/>
      <line num="96" type="stmt" count="87"/>
      <line num="97" type="stmt" count="87"/>
      <line num="102" type="stmt" count="76"/>
      <line num="110" type="method" name="toString" visibility="public" complexity="4" crap="4" count="70"/>
      <line num="112" type="stmt" count="70"/>
      <line num="114" type="stmt" count="70"/>
      <line num="115" type="stmt" count="11"/>
      <line num="116" type="stmt" count="2"/>
      <line num="119" type="stmt" count="9"/>
      <line num="120" type="stmt" count="9"/>
      <line num="121" type="stmt" count="9"/>
      <line num="125" type="stmt" count="59"/>
      <line num="126" type="stmt" count="1"/>
      <line num="127" type="stmt" count="1"/>
      <line num="128" type="stmt" count="1"/>
      <line num="132" type="stmt" count="59"/>
      <line num="133" type="stmt" count="59"/>
      <line num="134" type="stmt" count="59"/>
      <line num="135" type="stmt" count="59"/>
      <metrics loc="138" ncloc="96" classes="1" methods="3" coveredmethods="3" conditionals="0" coveredconditionals="0" statements="36" coveredstatements="36" elements="39" coveredelements="39"/>
    </file>
    <file name="/root/pu/ups/src/Framework/Constraint/Equality/IsEqualCanonicalizing.php">
      <class name="PHPUnit\Framework\Constraint\IsEqualCanonicalizing" namespace="global">
        <metrics complexity="8" methods="3" coveredmethods="1" conditionals="0" coveredconditionals="0" statements="27" coveredstatements="16" elements="30" coveredelements="17"/>
      </class>
      <line num="30" type="method" name="__construct" visibility="public" complexity="1" crap="1" count="28"/>
      <line num="32" type="stmt" count="28"/>
      <line num="33" type="stmt" count="28"/>
      <line num="47" type="method" name="evaluate" visibility="public" complexity="4" crap="4.03" count="28"/>
      <line num="52" type="stmt" count="28"/>
      <line num="53" type="stmt" count="15"/>
      <line num="56" type="stmt" count="13"/>
      <line num="59" type="stmt" count="13"/>
      <line num="60" type="stmt" count="13"/>
      <line num="64" type="stmt" count="13"/>
      <line num="65" type="stmt" count="13"/>
      <line num="67" type="stmt" count="13"/>
      <line num="68" type="stmt" count="13"/>
      <line num="69" type="stmt" count="13"/>
      <line num="71" type="stmt" count="1"/>
      <line num="72" type="stmt" count="1"/>
      <line num="73" type="stmt" count="1"/>
      <line num="76" type="stmt" count="0"/>
      <line num="77" type="stmt" count="0"/>
      <line num="82" type="stmt" count="13"/>
      <line num="90" type="method" name="toString" visibility="public" complexity="3" crap="12" count="0"/>
      <line num="92" type="stmt" count="0"/>
      <line num="93" type="stmt" count="0"/>
      <line num="94" type="stmt" count="0"/>
      <line num="97" type="stmt" count="0"/>
      <line num="98" type="stmt" count="0"/>
      <line num="99" type="stmt" count="0"/>
      <line num="103" type="stmt" count="0"/>
      <line num="104" type="stmt" count="0"/>
      <line num="105" type="stmt" count="0"/>
      <metrics loc="108" ncloc="77" classes="1" methods="3" coveredmethods="1" conditionals="0" coveredconditionals="0" statements="27" coveredstatements="16" elements="30" coveredelements="17"/>
    </file>
    <file name="/root/pu/ups/src/Framework/Constraint/Equality/IsEqualIgnoringCase.php">
      <class name="PHPUnit\Framework\Constraint\IsEqualIgnoringCase" namespace="global">
        <metrics complexity="8" methods="3" coveredmethods="1" conditionals="0" coveredconditionals="0" statements="27" coveredstatements="20" elements="30" coveredelements="21"/>
      </class>
      <line num="30" type="method" name="__construct" visibility="public" complexity="1" crap="1" count="6"/>
      <line num="32" type="stmt" count="6"/>
      <line num="33" type="stmt" count="6"/>
      <line num="47" type="method" name="evaluate" visibility="public" complexity="4" crap="4.00" count="6"/>
      <line num="52" type="stmt" count="6"/>
      <line num="53" type="stmt" count="0"/>
      <line num="56" type="stmt" count="6"/>
      <line num="59" type="stmt" count="6"/>
      <line num="60" type="stmt" count="6"/>
      <line num="64" type="stmt" count="6"/>
      <line num="65" type="stmt" count="6"/>
      <line num="67" type="stmt" count="6"/>
      <line num="68" type="stmt" count="6"/>
      <line num="69" type="stmt" count="6"/>
      <line num="71" type="stmt" count="6"/>
      <line num="72" type="stmt" count="6"/>
      <line num="73" type="stmt" count="4"/>
      <line num="76" type="stmt" count="2"/>
      <line num="77" type="stmt" count="2"/>
      <line num="82" type="stmt" count="6"/>
      <line num="90" type="method" name="toString" visibility="public" complexity="3" crap="5.67" count="2"/>
      <line num="92" type="stmt" count="2"/>
      <line num="93" type="stmt" count="2"/>
      <line num="94" type="stmt" count="2"/>
      <line num="97" type="stmt" count="0"/>
      <line num="98" type="stmt" count="0"/>
      <line num="99" type="stmt" count="0"/>
      <line num="103" type="stmt" count="0"/>
      <line num="104" type="stmt" count="0"/>
      <line num="105" type="stmt" count="0"/>
      <metrics loc="108" ncloc="77" classes="1" methods="3" coveredmethods="1" conditionals="0" coveredconditionals="0" statements="27" coveredstatements="20" elements="30" coveredelements="21"/>
    </file>
    <file name="/root/pu/ups/src/Framework/Constraint/Equality/IsEqualWithDelta.php">
      <class name="PHPUnit\Framework\Constraint\IsEqualWithDelta" namespace="global">
        <metrics complexity="6" methods="3" coveredmethods="1" conditionals="0" coveredconditionals="0" statements="21" coveredstatements="14" elements="24" coveredelements="15"/>
      </class>
      <line num="33" type="method" name="__construct" visibility="public" complexity="1" crap="1" count="2"/>
      <line num="35" type="stmt" count="2"/>
      <line num="36" type="stmt" count="2"/>
      <line num="37" type="stmt" count="2"/>
      <line num="51" type="method" name="evaluate" visibility="public" complexity="4" crap="4.16" count="2"/>
      <line num="56" type="stmt" count="2"/>
      <line num="57" type="stmt" count="0"/>
      <line num="60" type="stmt" count="2"/>
      <line num="63" type="stmt" count="2"/>
      <line num="64" type="stmt" count="2"/>
      <line num="68" type="stmt" count="2"/>
      <line num="69" type="stmt" count="2"/>
      <line num="71" type="stmt" count="2"/>
      <line num="73" type="stmt" count="2"/>
      <line num="74" type="stmt" count="2"/>
      <line num="75" type="stmt" count="2"/>
      <line num="78" type="stmt" count="0"/>
      <line num="79" type="stmt" count="0"/>
      <line num="84" type="stmt" count="2"/>
      <line num="92" type="method" name="toString" visibility="public" complexity="1" crap="2" count="0"/>
      <line num="94" type="stmt" count="0"/>
      <line num="95" type="stmt" count="0"/>
      <line num="96" type="stmt" count="0"/>
      <line num="97" type="stmt" count="0"/>
      <metrics loc="100" ncloc="66" classes="1" methods="3" coveredmethods="1" conditionals="0" coveredconditionals="0" statements="21" coveredstatements="14" elements="24" coveredelements="15"/>
    </file>
    <file name="/root/pu/ups/src/Framework/Constraint/Exception/Exception.php">
      <class name="PHPUnit\Framework\Constraint\Exception" namespace="global">
        <metrics complexity="6" methods="4" coveredmethods="4" conditionals="0" coveredconditionals="0" statements="19" coveredstatements="19" elements="23" coveredelements="23"/>
      </class>
      <line num="27" type="method" name="__construct" visibility="public" complexity="1" crap="1" count="476"/>
      <line num="29" type="stmt" count="476"/>
      <line num="30" type="stmt" count="476"/>
      <line num="35" type="method" name="toString" visibility="public" complexity="1" crap="1" count="1"/>
      <line num="37" type="stmt" count="1"/>
      <line num="38" type="stmt" count="1"/>
      <line num="39" type="stmt" count="1"/>
      <line num="49" type="method" name="matches" visibility="protected" complexity="1" crap="1" count="475"/>
      <line num="51" type="stmt" count="475"/>
      <line num="62" type="method" name="failureDescription" visibility="protected" complexity="3" crap="3" count="4"/>
      <line num="64" type="stmt" count="4"/>
      <line num="65" type="stmt" count="3"/>
      <line num="67" type="stmt" count="3"/>
      <line num="68" type="stmt" count="3"/>
      <line num="69" type="stmt" count="3"/>
      <line num="72" type="stmt" count="3"/>
      <line num="73" type="stmt" count="3"/>
      <line num="74" type="stmt" count="3"/>
      <line num="75" type="stmt" count="3"/>
      <line num="76" type="stmt" count="3"/>
      <line num="80" type="stmt" count="1"/>
      <line num="81" type="stmt" count="1"/>
      <line num="82" type="stmt" count="1"/>
      <metrics loc="85" ncloc="54" classes="1" methods="4" coveredmethods="4" conditionals="0" coveredconditionals="0" statements="19" coveredstatements="19" elements="23" coveredelements="23"/>
    </file>
    <file name="/root/pu/ups/src/Framework/Constraint/Exception/ExceptionCode.php">
      <class name="PHPUnit\Framework\Constraint\ExceptionCode" namespace="global">
        <metrics complexity="4" methods="4" coveredmethods="4" conditionals="0" coveredconditionals="0" statements="8" coveredstatements="8" elements="12" coveredelements="12"/>
      </class>
      <line num="28" type="method" name="__construct" visibility="public" complexity="1" crap="1" count="6"/>
      <line num="30" type="stmt" count="6"/>
      <line num="31" type="stmt" count="6"/>
      <line num="33" type="method" name="toString" visibility="public" complexity="1" crap="1" count="1"/>
      <line num="35" type="stmt" count="1"/>
      <line num="44" type="method" name="matches" visibility="protected" complexity="1" crap="1" count="5"/>
      <line num="46" type="stmt" count="5"/>
      <line num="59" type="method" name="failureDescription" visibility="protected" complexity="1" crap="1" count="3"/>
      <line num="61" type="stmt" count="3"/>
      <line num="62" type="stmt" count="3"/>
      <line num="63" type="stmt" count="3"/>
      <line num="64" type="stmt" count="3"/>
      <metrics loc="67" ncloc="34" classes="1" methods="4" coveredmethods="4" conditionals="0" coveredconditionals="0" statements="8" coveredstatements="8" elements="12" coveredelements="12"/>
    </file>
    <file name="/root/pu/ups/src/Framework/Constraint/Exception/ExceptionMessage.php">
      <class name="PHPUnit\Framework\Constraint\ExceptionMessage" namespace="global">
        <metrics complexity="7" methods="4" coveredmethods="4" conditionals="0" coveredconditionals="0" statements="16" coveredstatements="16" elements="20" coveredelements="20"/>
      </class>
      <line num="26" type="method" name="__construct" visibility="public" complexity="1" crap="1" count="152"/>
      <line num="28" type="stmt" count="152"/>
      <line num="29" type="stmt" count="152"/>
      <line num="31" type="method" name="toString" visibility="public" complexity="2" crap="2" count="2"/>
      <line num="33" type="stmt" count="2"/>
      <line num="34" type="stmt" count="1"/>
      <line num="37" type="stmt" count="1"/>
      <line num="46" type="method" name="matches" visibility="protected" complexity="2" crap="2" count="150"/>
      <line num="48" type="stmt" count="150"/>
      <line num="49" type="stmt" count="1"/>
      <line num="52" type="stmt" count="149"/>
      <line num="63" type="method" name="failureDescription" visibility="protected" complexity="2" crap="2" count="3"/>
      <line num="65" type="stmt" count="3"/>
      <line num="66" type="stmt" count="1"/>
      <line num="67" type="stmt" count="1"/>
      <line num="68" type="stmt" count="1"/>
      <line num="72" type="stmt" count="2"/>
      <line num="73" type="stmt" count="2"/>
      <line num="74" type="stmt" count="2"/>
      <line num="75" type="stmt" count="2"/>
      <metrics loc="78" ncloc="50" classes="1" methods="4" coveredmethods="4" conditionals="0" coveredconditionals="0" statements="16" coveredstatements="16" elements="20" coveredelements="20"/>
    </file>
    <file name="/root/pu/ups/src/Framework/Constraint/Exception/ExceptionMessageRegularExpression.php">
      <class name="PHPUnit\Framework\Constraint\ExceptionMessageRegularExpression" namespace="global">
[...]
      <class name="PHPUnit\Util\VersionComparisonOperator" namespace="global">
        <metrics complexity="4" methods="3" coveredmethods="2" conditionals="0" coveredconditionals="0" statements="10" coveredstatements="6" elements="13" coveredelements="8"/>
      </class>
      <line num="26" type="method" name="__construct" visibility="public" complexity="1" crap="1" count="76"/>
      <line num="28" type="stmt" count="76"/>
      <line num="30" type="stmt" count="76"/>
      <line num="31" type="stmt" count="76"/>
      <line num="36" type="method" name="asString" visibility="public" complexity="1" crap="1" count="59"/>
      <line num="38" type="stmt" count="59"/>
      <line num="46" type="method" name="ensureOperatorIsValid" visibility="private" complexity="2" crap="3.19" count="76"/>
      <line num="48" type="stmt" count="76"/>
      <line num="49" type="stmt" count="0"/>
      <line num="50" type="stmt" count="0"/>
      <line num="51" type="stmt" count="0"/>
      <line num="52" type="stmt" count="0"/>
      <line num="56" type="stmt" count="76"/>
      <metrics loc="57" ncloc="34" classes="1" methods="3" coveredmethods="2" conditionals="0" coveredconditionals="0" statements="10" coveredstatements="6" elements="13" coveredelements="8"/>
    </file>
    <file name="/root/pu/ups/src/Util/XdebugFilterScriptGenerator.php">
      <class name="PHPUnit\Util\XdebugFilterScriptGenerator" namespace="global">
        <metrics complexity="5" methods="0" coveredmethods="0" conditionals="0" coveredconditionals="0" statements="0" coveredstatements="0" elements="0" coveredelements="0"/>
      </class>
      <metrics loc="81" ncloc="68" classes="0" methods="0" coveredmethods="0" conditionals="0" coveredconditionals="0" statements="0" coveredstatements="0" elements="0" coveredelements="0"/>
    </file>
    <file name="/root/pu/ups/src/Util/Xml.php">
      <class name="PHPUnit\Util\Xml" namespace="global">
        <metrics complexity="33" methods="4" coveredmethods="3" conditionals="0" coveredconditionals="0" statements="61" coveredstatements="58" elements="65" coveredelements="61"/>
      </class>
      <line num="64" type="method" name="prepareString" visibility="public" complexity="1" crap="1" count="260"/>
      <line num="66" type="stmt" count="260"/>
      <line num="67" type="stmt" count="260"/>
      <line num="68" type="stmt" count="260"/>
      <line num="69" type="stmt" count="260"/>
      <line num="70" type="stmt" count="260"/>
      <line num="71" type="stmt" count="260"/>
      <line num="79" type="method" name="xmlToVariable" visibility="public" complexity="16" crap="16.14" count="15"/>
      <line num="81" type="stmt" count="15"/>
      <line num="83" type="stmt" count="15"/>
      <line num="84" type="stmt" count="15"/>
      <line num="85" type="stmt" count="12"/>
      <line num="87" type="stmt" count="12"/>
      <line num="88" type="stmt" count="12"/>
      <line num="89" type="stmt" count="0"/>
      <line num="91" type="stmt" count="12"/>
      <line num="93" type="stmt" count="12"/>
      <line num="94" type="stmt" count="0"/>
      <line num="97" type="stmt" count="12"/>
      <line num="99" type="stmt" count="12"/>
      <line num="100" type="stmt" count="12"/>
      <line num="102" type="stmt" count="0"/>
      <line num="106" type="stmt" count="12"/>
      <line num="108" type="stmt" count="15"/>
      <line num="109" type="stmt" count="13"/>
      <line num="111" type="stmt" count="13"/>
      <line num="112" type="stmt" count="2"/>
      <line num="113" type="stmt" count="2"/>
      <line num="115" type="stmt" count="2"/>
      <line num="116" type="stmt" count="2"/>
      <line num="117" type="stmt" count="2"/>
      <line num="122" type="stmt" count="2"/>
      <line num="124" type="stmt" count="2"/>
      <line num="135" type="stmt" count="11"/>
      <line num="138" type="stmt" count="13"/>
      <line num="140" type="stmt" count="15"/>
      <line num="141" type="stmt" count="11"/>
      <line num="143" type="stmt" count="11"/>
      <line num="145" type="stmt" count="15"/>
      <line num="146" type="stmt" count="15"/>
      <line num="147" type="stmt" count="15"/>
      <line num="148" type="stmt" count="15"/>
      <line num="150" type="stmt" count="15"/>
      <line num="152" type="stmt" count="15"/>
      <line num="155" type="stmt" count="15"/>
      <line num="158" type="method" name="convertToUtf8" visibility="private" complexity="2" crap="2" count="260"/>
      <line num="160" type="stmt" count="260"/>
      <line num="161" type="stmt" count="128"/>
      <line num="164" type="stmt" count="260"/>
      <line num="167" type="method" name="isUtf8" visibility="private" complexity="9" crap="9" count="260"/>
      <line num="169" type="stmt" count="260"/>
      <line num="171" type="stmt" count="260"/>
      <line num="172" type="stmt" count="260"/>
      <line num="173" type="stmt" count="132"/>
      <line num="174" type="stmt" count="128"/>
      <line num="175" type="stmt" count="32"/>
      <line num="176" type="stmt" count="96"/>
      <line num="177" type="stmt" count="16"/>
      <line num="178" type="stmt" count="80"/>
      <line num="179" type="stmt" count="16"/>
      <line num="181" type="stmt" count="64"/>
      <line num="184" type="stmt" count="196"/>
      <line num="185" type="stmt" count="64"/>
      <line num="186" type="stmt" count="64"/>
      <line num="191" type="stmt" count="132"/>
      <metrics loc="193" ncloc="165" classes="1" methods="4" coveredmethods="3" conditionals="0" coveredconditionals="0" statements="61" coveredstatements="58" elements="65" coveredelements="61"/>
    </file>
    <file name="/root/pu/ups/src/Util/Xml/Exception.php">
      <class name="PHPUnit\Util\Xml\Exception" namespace="global">
        <metrics complexity="0" methods="0" coveredmethods="0" conditionals="0" coveredconditionals="0" statements="0" coveredstatements="0" elements="0" coveredelements="0"/>
      </class>
      <metrics loc="19" ncloc="8" classes="0" methods="0" coveredmethods="0" conditionals="0" coveredconditionals="0" statements="0" coveredstatements="0" elements="0" coveredelements="0"/>
    </file>
    <file name="/root/pu/ups/src/Util/Xml/FailedSchemaDetectionResult.php">
      <class name="PHPUnit\Util\Xml\FailedSchemaDetectionResult" namespace="global">
        <metrics complexity="0" methods="0" coveredmethods="0" conditionals="0" coveredconditionals="0" statements="0" coveredstatements="0" elements="0" coveredelements="0"/>
      </class>
      <metrics loc="19" ncloc="6" classes="0" methods="0" coveredmethods="0" conditionals="0" coveredconditionals="0" statements="0" coveredstatements="0" elements="0" coveredelements="0"/>
    </file>
    <file name="/root/pu/ups/src/Util/Xml/Loader.php">
      <class name="PHPUnit\Util\Xml\Loader" namespace="global">
        <metrics complexity="17" methods="2" coveredmethods="1" conditionals="0" coveredconditionals="0" statements="43" coveredstatements="36" elements="45" coveredelements="37"/>
      </class>
      <line num="30" type="method" name="loadFile" visibility="public" complexity="2" crap="2" count="93"/>
      <line num="32" type="stmt" count="93"/>
      <line num="33" type="stmt" count="93"/>
      <line num="35" type="stmt" count="93"/>
      <line num="37" type="stmt" count="93"/>
      <line num="38" type="stmt" count="1"/>
      <line num="39" type="stmt" count="1"/>
      <line num="40" type="stmt" count="1"/>
      <line num="41" type="stmt" count="1"/>
      <line num="46" type="stmt" count="92"/>
      <line num="52" type="method" name="load" visibility="public" complexity="15" crap="16.96" count="97"/>
      <line num="54" type="stmt" count="97"/>
      <line num="55" type="stmt" count="1"/>
      <line num="59" type="stmt" count="96"/>
      <line num="60" type="stmt" count="87"/>
      <line num="61" type="stmt" count="87"/>
      <line num="64" type="stmt" count="96"/>
      <line num="65" type="stmt" count="96"/>
      <line num="67" type="stmt" count="96"/>
      <line num="68" type="stmt" count="96"/>
      <line num="69" type="stmt" count="96"/>
      <line num="71" type="stmt" count="96"/>
      <line num="73" type="stmt" count="92"/>
      <line num="76" type="stmt" count="96"/>
      <line num="77" type="stmt" count="0"/>
      <line num="79" type="stmt" count="96"/>
      <line num="82" type="stmt" count="96"/>
      <line num="83" type="stmt" count="87"/>
      <line num="86" type="stmt" count="96"/>
      <line num="87" type="stmt" count="1"/>
      <line num="90" type="stmt" count="96"/>
      <line num="91" type="stmt" count="96"/>
      <line num="93" type="stmt" count="96"/>
      <line num="94" type="stmt" count="87"/>
      <line num="97" type="stmt" count="96"/>
      <line num="98" type="stmt" count="1"/>
      <line num="99" type="stmt" count="0"/>
      <line num="100" type="stmt" count="0"/>
      <line num="101" type="stmt" count="0"/>
      <line num="102" type="stmt" count="0"/>
      <line num="103" type="stmt" count="0"/>
      <line num="108" type="stmt" count="1"/>
      <line num="109" type="stmt" count="0"/>
      <line num="112" type="stmt" count="1"/>
      <line num="115" type="stmt" count="95"/>
      <metrics loc="117" ncloc="100" classes="1" methods="2" coveredmethods="1" conditionals="0" coveredconditionals="0" statements="43" coveredstatements="36" elements="45" coveredelements="37"/>
    </file>
    <file name="/root/pu/ups/src/Util/Xml/SchemaDetectionResult.php">
      <class name="PHPUnit\Util\Xml\SchemaDetectionResult" namespace="global">
        <metrics complexity="2" methods="2" coveredmethods="1" conditionals="0" coveredconditionals="0" statements="2" coveredstatements="1" elements="4" coveredelements="2"/>
      </class>
      <line num="19" type="method" name="detected" visibility="public" complexity="1" crap="1" count="1"/>
      <line num="21" type="stmt" count="1"/>
      <line num="27" type="method" name="version" visibility="public" complexity="1" crap="2" count="0"/>
      <line num="29" type="stmt" count="0"/>
      <metrics loc="31" ncloc="15" classes="1" methods="2" coveredmethods="1" conditionals="0" coveredconditionals="0" statements="2" coveredstatements="1" elements="4" coveredelements="2"/>
    </file>
    <file name="/root/pu/ups/src/Util/Xml/SchemaDetector.php">
      <class name="PHPUnit\Util\Xml\SchemaDetector" namespace="global">
        <metrics complexity="3" methods="1" coveredmethods="1" conditionals="0" coveredconditionals="0" statements="10" coveredstatements="10" elements="11" coveredelements="11"/>
      </class>
      <line num="20" type="method" name="detect" visibility="public" complexity="3" crap="3" count="7"/>
      <line num="22" type="stmt" count="7"/>
      <line num="23" type="stmt" count="7"/>
      <line num="24" type="stmt" count="7"/>
      <line num="25" type="stmt" count="7"/>
      <line num="26" type="stmt" count="7"/>
      <line num="29" type="stmt" count="7"/>
      <line num="30" type="stmt" count="7"/>
      <line num="32" type="stmt" count="7"/>
      <line num="33" type="stmt" count="6"/>
      <line num="37" type="stmt" count="1"/>
      <metrics loc="39" ncloc="25" classes="1" methods="1" coveredmethods="1" conditionals="0" coveredconditionals="0" statements="10" coveredstatements="10" elements="11" coveredelements="11"/>
    </file>
    <file name="/root/pu/ups/src/Util/Xml/SchemaFinder.php">
      <class name="PHPUnit\Util\Xml\SchemaFinder" namespace="global">
        <metrics complexity="5" methods="2" coveredmethods="1" conditionals="0" coveredconditionals="0" statements="12" coveredstatements="11" elements="14" coveredelements="12"/>
      </class>
      <line num="25" type="method" name="find" visibility="public" complexity="3" crap="3" count="89"/>
      <line num="27" type="stmt" count="89"/>
      <line num="28" type="stmt" count="83"/>
      <line num="30" type="stmt" count="8"/>
      <line num="33" type="stmt" count="89"/>
      <line num="34" type="stmt" count="1"/>
      <line num="35" type="stmt" count="1"/>
      <line num="36" type="stmt" count="1"/>
      <line num="37" type="stmt" count="1"/>
      <line num="42" type="stmt" count="88"/>
      <line num="45" type="method" name="path" visibility="private" complexity="2" crap="2.15" count="89"/>
      <line num="47" type="stmt" count="89"/>
      <line num="48" type="stmt" count="0"/>
      <line num="51" type="stmt" count="89"/>
      <metrics loc="53" ncloc="39" classes="1" methods="2" coveredmethods="1" conditionals="0" coveredconditionals="0" statements="12" coveredstatements="11" elements="14" coveredelements="12"/>
    </file>
    <file name="/root/pu/ups/src/Util/Xml/SnapshotNodeList.php">
      <class name="PHPUnit\Util\Xml\SnapshotNodeList" namespace="global">
        <metrics complexity="4" methods="3" coveredmethods="3" conditionals="0" coveredconditionals="0" statements="6" coveredstatements="6" elements="9" coveredelements="9"/>
      </class>
      <line num="28" type="method" name="fromNodeList" visibility="public" complexity="2" crap="2" count="4"/>
      <line num="30" type="stmt" count="4"/>
      <line num="32" type="stmt" count="4"/>
      <line num="33" type="stmt" count="4"/>
      <line num="36" type="stmt" count="4"/>
      <line num="39" type="method" name="count" visibility="public" complexity="1" crap="1" count="4"/>
      <line num="41" type="stmt" count="4"/>
      <line num="44" type="method" name="getIterator" visibility="public" complexity="1" crap="1" count="4"/>
      <line num="46" type="stmt" count="4"/>
      <metrics loc="48" ncloc="34" classes="1" methods="3" coveredmethods="3" conditionals="0" coveredconditionals="0" statements="6" coveredstatements="6" elements="9" coveredelements="9"/>
    </file>
    <file name="/root/pu/ups/src/Util/Xml/SuccessfulSchemaDetectionResult.php">
      <class name="PHPUnit\Util\Xml\SuccessfulSchemaDetectionResult" namespace="global">
        <metrics complexity="3" methods="3" coveredmethods="3" conditionals="0" coveredconditionals="0" statements="4" coveredstatements="4" elements="7" coveredelements="7"/>
      </class>
      <line num="24" type="method" name="__construct" visibility="public" complexity="1" crap="1" count="6"/>
      <line num="26" type="stmt" count="6"/>
      <line num="27" type="stmt" count="6"/>
      <line num="29" type="method" name="detected" visibility="public" complexity="1" crap="1" count="6"/>
      <line num="31" type="stmt" count="6"/>
      <line num="34" type="method" name="version" visibility="public" complexity="1" crap="1" count="4"/>
      <line num="36" type="stmt" count="4"/>
      <metrics loc="38" ncloc="22" classes="1" methods="3" coveredmethods="3" conditionals="0" coveredconditionals="0" statements="4" coveredstatements="4" elements="7" coveredelements="7"/>
    </file>
    <file name="/root/pu/ups/src/Util/Xml/ValidationResult.php">
      <class name="PHPUnit\Util\Xml\ValidationResult" namespace="global">
        <metrics complexity="8" methods="4" coveredmethods="4" conditionals="0" coveredconditionals="0" statements="15" coveredstatements="15" elements="19" coveredelements="19"/>
      </class>
      <line num="30" type="method" name="fromArray" visibility="public" complexity="3" crap="3" count="89"/>
      <line num="32" type="stmt" count="89"/>
      <line num="34" type="stmt" count="89"/>
      <line num="35" type="stmt" count="10"/>
      <line num="36" type="stmt" count="10"/>
      <line num="39" type="stmt" count="10"/>
      <line num="42" type="stmt" count="89"/>
      <line num="45" type="method" name="__construct" visibility="private" complexity="1" crap="1" count="89"/>
      <line num="47" type="stmt" count="89"/>
      <line num="48" type="stmt" count="89"/>
      <line num="50" type="method" name="hasValidationErrors" visibility="public" complexity="1" crap="1" count="63"/>
      <line num="52" type="stmt" count="63"/>
      <line num="55" type="method" name="asString" visibility="public" complexity="3" crap="3" count="2"/>
      <line num="57" type="stmt" count="2"/>
      <line num="59" type="stmt" count="2"/>
      <line num="60" type="stmt" count="1"/>
      <line num="62" type="stmt" count="1"/>
      <line num="63" type="stmt" count="1"/>
      <line num="67" type="stmt" count="2"/>
      <metrics loc="69" ncloc="50" classes="1" methods="4" coveredmethods="4" conditionals="0" coveredconditionals="0" statements="15" coveredstatements="15" elements="19" coveredelements="19"/>
    </file>
    <file name="/root/pu/ups/src/Util/Xml/Validator.php">
      <class name="PHPUnit\Util\Xml\Validator" namespace="global">
        <metrics complexity="1" methods="1" coveredmethods="1" conditionals="0" coveredconditionals="0" statements="6" coveredstatements="6" elements="7" coveredelements="7"/>
      </class>
      <line num="23" type="method" name="validate" visibility="public" complexity="1" crap="1" count="89"/>
      <line num="25" type="stmt" count="89"/>
      <line num="27" type="stmt" count="89"/>
      <line num="29" type="stmt" count="89"/>
      <line num="30" type="stmt" count="89"/>
      <line num="31" type="stmt" count="89"/>
      <line num="33" type="stmt" count="89"/>
      <metrics loc="35" ncloc="24" classes="1" methods="1" coveredmethods="1" conditionals="0" coveredconditionals="0" statements="6" coveredstatements="6" elements="7" coveredelements="7"/>
    </file>
    <file name="/root/pu/ups/src/Util/XmlTestListRenderer.php">
      <class name="PHPUnit\Util\XmlTestListRenderer" namespace="global">
        <metrics complexity="9" methods="1" coveredmethods="0" conditionals="0" coveredconditionals="0" statements="36" coveredstatements="28" elements="37" coveredelements="28"/>
      </class>
      <line num="29" type="method" name="render" visibility="public" complexity="9" crap="9.89" count="1"/>
      <line num="31" type="stmt" count="1"/>
      <line num="33" type="stmt" count="1"/>
      <line num="34" type="stmt" count="1"/>
      <line num="35" type="stmt" count="1"/>
      <line num="36" type="stmt" count="1"/>
      <line num="38" type="stmt" count="1"/>
      <line num="40" type="stmt" count="1"/>
      <line num="41" type="stmt" count="1"/>
      <line num="42" type="stmt" count="1"/>
      <line num="43" type="stmt" count="1"/>
      <line num="44" type="stmt" count="0"/>
      <line num="47" type="stmt" count="1"/>
      <line num="48" type="stmt" count="1"/>
      <line num="50" type="stmt" count="1"/>
      <line num="53" type="stmt" count="1"/>
      <line num="54" type="stmt" count="1"/>
      <line num="55" type="stmt" count="1"/>
      <line num="57" type="stmt" count="1"/>
      <line num="58" type="stmt" count="1"/>
      <line num="59" type="stmt" count="1"/>
      <line num="60" type="stmt" count="1"/>
      <line num="61" type="stmt" count="1"/>
      <line num="62" type="stmt" count="1"/>
      <line num="63" type="stmt" count="1"/>
      <line num="68" type="stmt" count="1"/>
      <line num="69" type="stmt" count="0"/>
      <line num="70" type="stmt" count="0"/>
      <line num="71" type="stmt" count="0"/>
      <line num="73" type="stmt" count="0"/>
      <line num="76" type="stmt" count="0"/>
      <line num="77" type="stmt" count="0"/>
      <line num="78" type="stmt" count="0"/>
      <line num="82" type="stmt" count="1"/>
      <line num="83" type="stmt" count="1"/>
      <line num="86" type="stmt" count="1"/>
      <line num="88" type="stmt" count="1"/>
      <metrics loc="90" ncloc="76" classes="1" methods="1" coveredmethods="0" conditionals="0" coveredconditionals="0" statements="36" coveredstatements="28" elements="37" coveredelements="28"/>
    </file>
    <metrics files="345" loc="43059" ncloc="32030" classes="276" methods="1949" coveredmethods="1458" conditionals="0" coveredconditionals="0" statements="11032" coveredstatements="9150" elements="12981" coveredelements="10608"/>
  </project>
</coverage>
