<?xml version="1.0" encoding="UTF-8"?>
<testsuites>
  <testsuite name="" tests="285" assertions="355" errors="0" warnings="0" failures="0" skipped="0" time="0.012905">
    <testsuite name="unit" tests="285" assertions="355" errors="0" warnings="0" failures="0" skipped="0" time="0.012905">
      <testsuite name="PHPUnit\Framework\FunctionsTest" file="/root/pu/ups/tests/unit/Framework/Assert/FunctionsTest.php" tests="138" assertions="138" errors="0" warnings="0" failures="0" skipped="0" time="0.004462">
        <testsuite name="PHPUnit\Framework\FunctionsTest::testGlobalFunctionsFileContainsAllStaticAssertions" tests="138" assertions="138" errors="0" warnings="0" failures="0" skipped="0" time="0.004462">
          <testcase name="testGlobalFunctionsFileContainsAllStaticAssertions with data set &quot;assertArrayHasKey&quot;" class="PHPUnit\Framework\FunctionsTest" classname="PHPUnit.Framework.FunctionsTest" file="/root/pu/ups/tests/unit/Framework/Assert/FunctionsTest.php" line="36" assertions="1" time="0.001676"/>
          <testcase name="testGlobalFunctionsFileContainsAllStaticAssertions with data set &quot;assertArrayNotHasKey&quot;" class="PHPUnit\Framework\FunctionsTest" classname="PHPUnit.Framework.FunctionsTest" file="/root/pu/ups/tests/unit/Framework/Assert/FunctionsTest.php" line="36" assertions="1" time="0.000031"/>
          <testcase name="testGlobalFunctionsFileContainsAllStaticAssertions with data set &quot;assertContains&quot;" class="PHPUnit\Framework\FunctionsTest" classname="PHPUnit.Framework.FunctionsTest" file="/root/pu/ups/tests/unit/Framework/Assert/FunctionsTest.php" line="36" assertions="1" time="0.000020"/>
          <testcase name="testGlobalFunctionsFileContainsAllStaticAssertions with data set &quot;assertContainsEquals&quot;" class="PHPUnit\Framework\FunctionsTest" classname="PHPUnit.Framework.FunctionsTest" file="/root/pu/ups/tests/unit/Framework/Assert/FunctionsTest.php" line="36" assertions="1" time="0.000018"/>
          <testcase name="testGlobalFunctionsFileContainsAllStaticAssertions with data set &quot;assertNotContains&quot;" class="PHPUnit\Framework\FunctionsTest" classname="PHPUnit.Framework.FunctionsTest" file="/root/pu/ups/tests/unit/Framework/Assert/FunctionsTest.php" line="36" assertions="1" time="0.000018"/>
          <testcase name="testGlobalFunctionsFileContainsAllStaticAssertions with data set &quot;assertNotContainsEquals&quot;" class="PHPUnit\Framework\FunctionsTest" classname="PHPUnit.Framework.FunctionsTest" file="/root/pu/ups/tests/unit/Framework/Assert/FunctionsTest.php" line="36" assertions="1" time="0.000018"/>
          <testcase name="testGlobalFunctionsFileContainsAllStaticAssertions with data set &quot;assertContainsOnly&quot;" class="PHPUnit\Framework\FunctionsTest" classname="PHPUnit.Framework.FunctionsTest" file="/root/pu/ups/tests/unit/Framework/Assert/FunctionsTest.php" line="36" assertions="1" time="0.000017"/>
          <testcase name="testGlobalFunctionsFileContainsAllStaticAssertions with data set &quot;assertContainsOnlyInstancesOf&quot;" class="PHPUnit\Framework\FunctionsTest" classname="PHPUnit.Framework.FunctionsTest" file="/root/pu/ups/tests/unit/Framework/Assert/FunctionsTest.php" line="36" assertions="1" time="0.000017"/>
          <testcase name="testGlobalFunctionsFileContainsAllStaticAssertions with data set &quot;assertNotContainsOnly&quot;" class="PHPUnit\Framework\FunctionsTest" classname="PHPUnit.Framework.FunctionsTest" file="/root/pu/ups/tests/unit/Framework/Assert/FunctionsTest.php" line="36" assertions="1" time="0.000018"/>
          <testcase name="testGlobalFunctionsFileContainsAllStaticAssertions with data set &quot;assertCount&quot;" class="PHPUnit\Framework\FunctionsTest" classname="PHPUnit.Framework.FunctionsTest" file="/root/pu/ups/tests/unit/Framework/Assert/FunctionsTest.php" line="36" assertions="1" time="0.000018"/>
          <testcase name="testGlobalFunctionsFileContainsAllStaticAssertions with data set &quot;assertNotCount&quot;" class="PHPUnit\Framework\FunctionsTest" classname="PHPUnit.Framework.FunctionsTest" file="/root/pu/ups/tests/unit/Framework/Assert/FunctionsTest.php" line="36" assertions="1" time="0.000019"/>
          <testcase name="testGlobalFunctionsFileContainsAllStaticAssertions with data set &quot;assertEquals&quot;" class="PHPUnit\Framework\FunctionsTest" classname="PHPUnit.Framework.FunctionsTest" file="/root/pu/ups/tests/unit/Framework/Assert/FunctionsTest.php" line="36" assertions="1" time="0.000018"/>
          <testcase name="testGlobalFunctionsFileContainsAllStaticAssertions with data set &quot;assertEqualsCanonicalizing&quot;" class="PHPUnit\Framework\FunctionsTest" classname="PHPUnit.Framework.FunctionsTest" file="/root/pu/ups/tests/unit/Framework/Assert/FunctionsTest.php" line="36" assertions="1" time="0.000018"/>
          <testcase name="testGlobalFunctionsFileContainsAllStaticAssertions with data set &quot;assertEqualsIgnoringCase&quot;" class="PHPUnit\Framework\FunctionsTest" classname="PHPUnit.Framework.FunctionsTest" file="/root/pu/ups/tests/unit/Framework/Assert/FunctionsTest.php" line="36" assertions="1" time="0.000017"/>
          <testcase name="testGlobalFunctionsFileContainsAllStaticAssertions with data set &quot;assertEqualsWithDelta&quot;" class="PHPUnit\Framework\FunctionsTest" classname="PHPUnit.Framework.FunctionsTest" file="/root/pu/ups/tests/unit/Framework/Assert/FunctionsTest.php" line="36" assertions="1" time="0.000018"/>
          <testcase name="testGlobalFunctionsFileContainsAllStaticAssertions with data set &quot;assertNotEquals&quot;" class="PHPUnit\Framework\FunctionsTest" classname="PHPUnit.Framework.FunctionsTest" file="/root/pu/ups/tests/unit/Framework/Assert/FunctionsTest.php" line="36" assertions="1" time="0.000019"/>
          <testcase name="testGlobalFunctionsFileContainsAllStaticAssertions with data set &quot;assertNotEqualsCanonicalizing&quot;" class="PHPUnit\Framework\FunctionsTest" classname="PHPUnit.Framework.FunctionsTest" file="/root/pu/ups/tests/unit/Framework/Assert/FunctionsTest.php" line="36" assertions="1" time="0.000020"/>
          <testcase name="testGlobalFunctionsFileContainsAllStaticAssertions with data set &quot;assertNotEqualsIgnoringCase&quot;" class="PHPUnit\Framework\FunctionsTest" classname="PHPUnit.Framework.FunctionsTest" file="/root/pu/ups/tests/unit/Framework/Assert/FunctionsTest.php" line="36" assertions="1" time="0.000018"/>
          <testcase name="testGlobalFunctionsFileContainsAllStaticAssertions with data set &quot;assertNotEqualsWithDelta&quot;" class="PHPUnit\Framework\FunctionsTest" classname="PHPUnit.Framework.FunctionsTest" file="/root/pu/ups/tests/unit/Framework/Assert/FunctionsTest.php" line="36" assertions="1" time="0.000018"/>
          <testcase name="testGlobalFunctionsFileContainsAllStaticAssertions with data set &quot;assertObjectEquals&quot;" class="PHPUnit\Framework\FunctionsTest" classname="PHPUnit.Framework.FunctionsTest" file="/root/pu/ups/tests/unit/Framework/Assert/FunctionsTest.php" line="36" assertions="1" time="0.000018"/>
          <testcase name="testGlobalFunctionsFileContainsAllStaticAssertions with data set &quot;assertEmpty&quot;" class="PHPUnit\Framework\FunctionsTest" classname="PHPUnit.Framework.FunctionsTest" file="/root/pu/ups/tests/unit/Framework/Assert/FunctionsTest.php" line="36" assertions="1" time="0.000018"/>
          <testcase name="testGlobalFunctionsFileContainsAllStaticAssertions with data set &quot;assertNotEmpty&quot;" class="PHPUnit\Framework\FunctionsTest" classname="PHPUnit.Framework.FunctionsTest" file="/root/pu/ups/tests/unit/Framework/Assert/FunctionsTest.php" line="36" assertions="1" time="0.000017"/>
          <testcase name="testGlobalFunctionsFileContainsAllStaticAssertions with data set &quot;assertGreaterThan&quot;" class="PHPUnit\Framework\FunctionsTest" classname="PHPUnit.Framework.FunctionsTest" file="/root/pu/ups/tests/unit/Framework/Assert/FunctionsTest.php" line="36" assertions="1" time="0.000017"/>
          <testcase name="testGlobalFunctionsFileContainsAllStaticAssertions with data set &quot;assertGreaterThanOrEqual&quot;" class="PHPUnit\Framework\FunctionsTest" classname="PHPUnit.Framework.FunctionsTest" file="/root/pu/ups/tests/unit/Framework/Assert/FunctionsTest.php" line="36" assertions="1" time="0.000017"/>
          <testcase name="testGlobalFunctionsFileContainsAllStaticAssertions with data set &quot;assertLessThan&quot;" class="PHPUnit\Framework\FunctionsTest" classname="PHPUnit.Framework.FunctionsTest" file="/root/pu/ups/tests/unit/Framework/Assert/FunctionsTest.php" line="36" assertions="1" time="0.000017"/>
          <testcase name="testGlobalFunctionsFileContainsAllStaticAssertions with data set &quot;assertLessThanOrEqual&quot;" class="PHPUnit\Framework\FunctionsTest" classname="PHPUnit.Framework.FunctionsTest" file="/root/pu/ups/tests/unit/Framework/Assert/FunctionsTest.php" line="36" assertions="1" time="0.000017"/>
          <testcase name="testGlobalFunctionsFileContainsAllStaticAssertions with data set &quot;assertFileEquals&quot;" class="PHPUnit\Framework\FunctionsTest" classname="PHPUnit.Framework.FunctionsTest" file="/root/pu/ups/tests/unit/Framework/Assert/FunctionsTest.php" line="36" assertions="1" time="0.000018"/>
          <testcase name="testGlobalFunctionsFileContainsAllStaticAssertions with data set &quot;assertFileEqualsCanonicalizing&quot;" class="PHPUnit\Framework\FunctionsTest" classname="PHPUnit.Framework.FunctionsTest" file="/root/pu/ups/tests/unit/Framework/Assert/FunctionsTest.php" line="36" assertions="1" time="0.000020"/>
          <testcase name="testGlobalFunctionsFileContainsAllStaticAssertions with data set &quot;assertFileEqualsIgnoringCase&quot;" class="PHPUnit\Framework\FunctionsTest" classname="PHPUnit.Framework.FunctionsTest" file="/root/pu/ups/tests/unit/Framework/Assert/FunctionsTest.php" line="36" assertions="1" time="0.000018"/>
          <testcase name="testGlobalFunctionsFileContainsAllStaticAssertions with data set &quot;assertFileNotEquals&quot;" class="PHPUnit\Framework\FunctionsTest" classname="PHPUnit.Framework.FunctionsTest" file="/root/pu/ups/tests/unit/Framework/Assert/FunctionsTest.php" line="36" assertions="1" time="0.000018"/>
          <testcase name="testGlobalFunctionsFileContainsAllStaticAssertions with data set &quot;assertFileNotEqualsCanonicalizing&quot;" class="PHPUnit\Framework\FunctionsTest" classname="PHPUnit.Framework.FunctionsTest" file="/root/pu/ups/tests/unit/Framework/Assert/FunctionsTest.php" line="36" assertions="1" time="0.000018"/>
          <testcase name="testGlobalFunctionsFileContainsAllStaticAssertions with data set &quot;assertFileNotEqualsIgnoringCase&quot;" class="PHPUnit\Framework\FunctionsTest" classname="PHPUnit.Framework.FunctionsTest" file="/root/pu/ups/tests/unit/Framework/Assert/FunctionsTest.php" line="36" assertions="1" time="0.000018"/>
          <testcase name="testGlobalFunctionsFileContainsAllStaticAssertions with data set &quot;assertStringEqualsFile&quot;" class="PHPUnit\Framework\FunctionsTest" classname="PHPUnit.Framework.FunctionsTest" file="/root/pu/ups/tests/unit/Framework/Assert/FunctionsTest.php" line="36" assertions="1" time="0.000018"/>
          <testcase name="testGlobalFunctionsFileContainsAllStaticAssertions with data set &quot;assertStringEqualsFileCanonicalizing&quot;" class="PHPUnit\Framework\FunctionsTest" classname="PHPUnit.Framework.FunctionsTest" file="/root/pu/ups/tests/unit/Framework/Assert/FunctionsTest.php" line="36" assertions="1" time="0.000018"/>
          <testcase name="testGlobalFunctionsFileContainsAllStaticAssertions with data set &quot;assertStringEqualsFileIgnoringCase&quot;" class="PHPUnit\Framework\FunctionsTest" classname="PHPUnit.Framework.FunctionsTest" file="/root/pu/ups/tests/unit/Framework/Assert/FunctionsTest.php" line="36" assertions="1" time="0.000018"/>
          <testcase name="testGlobalFunctionsFileContainsAllStaticAssertions with data set &quot;assertStringNotEqualsFile&quot;" class="PHPUnit\Framework\FunctionsTest" classname="PHPUnit.Framework.FunctionsTest" file="/root/pu/ups/tests/unit/Framework/Assert/FunctionsTest.php" line="36" assertions="1" time="0.000019"/>
          <testcase name="testGlobalFunctionsFileContainsAllStaticAssertions with data set &quot;assertStringNotEqualsFileCanonicalizing&quot;" class="PHPUnit\Framework\FunctionsTest" classname="PHPUnit.Framework.FunctionsTest" file="/root/pu/ups/tests/unit/Framework/Assert/FunctionsTest.php" line="36" assertions="1" time="0.000018"/>
          <testcase name="testGlobalFunctionsFileContainsAllStaticAssertions with data set &quot;assertStringNotEqualsFileIgnoringCase&quot;" class="PHPUnit\Framework\FunctionsTest" classname="PHPUnit.Framework.FunctionsTest" file="/root/pu/ups/tests/unit/Framework/Assert/FunctionsTest.php" line="36" assertions="1" time="0.000020"/>
          <testcase name="testGlobalFunctionsFileContainsAllStaticAssertions with data set &quot;assertIsReadable&quot;" class="PHPUnit\Framework\FunctionsTest" classname="PHPUnit.Framework.FunctionsTest" file="/root/pu/ups/tests/unit/Framework/Assert/FunctionsTest.php" line="36" assertions="1" time="0.000018"/>
          <testcase name="testGlobalFunctionsFileContainsAllStaticAssertions with data set &quot;assertIsNotReadable&quot;" class="PHPUnit\Framework\FunctionsTest" classname="PHPUnit.Framework.FunctionsTest" file="/root/pu/ups/tests/unit/Framework/Assert/FunctionsTest.php" line="36" assertions="1" time="0.000018"/>
          <testcase name="testGlobalFunctionsFileContainsAllStaticAssertions with data set &quot;assertNotIsReadable&quot;" class="PHPUnit\Framework\FunctionsTest" classname="PHPUnit.Framework.FunctionsTest" file="/root/pu/ups/tests/unit/Framework/Assert/FunctionsTest.php" line="36" assertions="1" time="0.000018"/>
          <testcase name="testGlobalFunctionsFileContainsAllStaticAssertions with data set &quot;assertIsWritable&quot;" class="PHPUnit\Framework\FunctionsTest" classname="PHPUnit.Framework.FunctionsTest" file="/root/pu/ups/tests/unit/Framework/Assert/FunctionsTest.php" line="36" assertions="1" time="0.000018"/>
          <testcase name="testGlobalFunctionsFileContainsAllStaticAssertions with data set &quot;assertIsNotWritable&quot;" class="PHPUnit\Framework\FunctionsTest" classname="PHPUnit.Framework.FunctionsTest" file="/root/pu/ups/tests/unit/Framework/Assert/FunctionsTest.php" line="36" assertions="1" time="0.000019"/>
          <testcase name="testGlobalFunctionsFileContainsAllStaticAssertions with data set &quot;assertNotIsWritable&quot;" class="PHPUnit\Framework\FunctionsTest" classname="PHPUnit.Framework.FunctionsTest" file="/root/pu/ups/tests/unit/Framework/Assert/FunctionsTest.php" line="36" assertions="1" time="0.000018"/>
          <testcase name="testGlobalFunctionsFileContainsAllStaticAssertions with data set &quot;assertDirectoryExists&quot;" class="PHPUnit\Framework\FunctionsTest" classname="PHPUnit.Framework.FunctionsTest" file="/root/pu/ups/tests/unit/Framework/Assert/FunctionsTest.php" line="36" assertions="1" time="0.000018"/>
          <testcase name="testGlobalFunctionsFileContainsAllStaticAssertions with data set &quot;assertDirectoryDoesNotExist&quot;" class="PHPUnit\Framework\FunctionsTest" classname="PHPUnit.Framework.FunctionsTest" file="/root/pu/ups/tests/unit/Framework/Assert/FunctionsTest.php" line="36" assertions="1" time="0.000018"/>
          <testcase name="testGlobalFunctionsFileContainsAllStaticAssertions with data set &quot;assertDirectoryNotExists&quot;" class="PHPUnit\Framework\FunctionsTest" classname="PHPUnit.Framework.FunctionsTest" file="/root/pu/ups/tests/unit/Framework/Assert/FunctionsTest.php" line="36" assertions="1" time="0.000018"/>
          <testcase name="testGlobalFunctionsFileContainsAllStaticAssertions with data set &quot;assertDirectoryIsReadable&quot;" class="PHPUnit\Framework\FunctionsTest" classname="PHPUnit.Framework.FunctionsTest" file="/root/pu/ups/tests/unit/Framework/Assert/FunctionsTest.php" line="36" assertions="1" time="0.000018"/>
          <testcase name="testGlobalFunctionsFileContainsAllStaticAssertions with data set &quot;assertDirectoryIsNotReadable&quot;" class="PHPUnit\Framework\FunctionsTest" classname="PHPUnit.Framework.FunctionsTest" file="/root/pu/ups/tests/unit/Framework/Assert/FunctionsTest.php" line="36" assertions="1" time="0.000019"/>
          <testcase name="testGlobalFunctionsFileContainsAllStaticAssertions with data set &quot;assertDirectoryNotIsReadable&quot;" class="PHPUnit\Framework\FunctionsTest" classname="PHPUnit.Framework.FunctionsTest" file="/root/pu/ups/tests/unit/Framework/Assert/FunctionsTest.php" line="36" assertions="1" time="0.000019"/>
          <testcase name="testGlobalFunctionsFileContainsAllStaticAssertions with data set &quot;assertDirectoryIsWritable&quot;" class="PHPUnit\Framework\FunctionsTest" classname="PHPUnit.Framework.FunctionsTest" file="/root/pu/ups/tests/unit/Framework/Assert/FunctionsTest.php" line="36" assertions="1" time="0.000019"/>
          <testcase name="testGlobalFunctionsFileContainsAllStaticAssertions with data set &quot;assertDirectoryIsNotWritable&quot;" class="PHPUnit\Framework\FunctionsTest" classname="PHPUnit.Framework.FunctionsTest" file="/root/pu/ups/tests/unit/Framework/Assert/FunctionsTest.php" line="36" assertions="1" time="0.000019"/>
          <testcase name="testGlobalFunctionsFileContainsAllStaticAssertions with data set &quot;assertDirectoryNotIsWritable&quot;" class="PHPUnit\Framework\FunctionsTest" classname="PHPUnit.Framework.FunctionsTest" file="/root/pu/ups/tests/unit/Framework/Assert/FunctionsTest.php" line="36" assertions="1" time="0.000019"/>
          <testcase name="testGlobalFunctionsFileContainsAllStaticAssertions with data set &quot;assertFileExists&quot;" class="PHPUnit\Framework\FunctionsTest" classname="PHPUnit.Framework.FunctionsTest" file="/root/pu/ups/tests/unit/Framework/Assert/FunctionsTest.php" line="36" assertions="1" time="0.000019"/>
          <testcase name="testGlobalFunctionsFileContainsAllStaticAssertions with data set &quot;assertFileDoesNotExist&quot;" class="PHPUnit\Framework\FunctionsTest" classname="PHPUnit.Framework.FunctionsTest" file="/root/pu/ups/tests/unit/Framework/Assert/FunctionsTest.php" line="36" assertions="1" time="0.000019"/>
          <testcase name="testGlobalFunctionsFileContainsAllStaticAssertions with data set &quot;assertFileNotExists&quot;" class="PHPUnit\Framework\FunctionsTest" classname="PHPUnit.Framework.FunctionsTest" file="/root/pu/ups/tests/unit/Framework/Assert/FunctionsTest.php" line="36" assertions="1" time="0.000019"/>
          <testcase name="testGlobalFunctionsFileContainsAllStaticAssertions with data set &quot;assertFileIsReadable&quot;" class="PHPUnit\Framework\FunctionsTest" classname="PHPUnit.Framework.FunctionsTest" file="/root/pu/ups/tests/unit/Framework/Assert/FunctionsTest.php" line="36" assertions="1" time="0.000020"/>
          <testcase name="testGlobalFunctionsFileContainsAllStaticAssertions with data set &quot;assertFileIsNotReadable&quot;" class="PHPUnit\Framework\FunctionsTest" classname="PHPUnit.Framework.FunctionsTest" file="/root/pu/ups/tests/unit/Framework/Assert/FunctionsTest.php" line="36" assertions="1" time="0.000019"/>
          <testcase name="testGlobalFunctionsFileContainsAllStaticAssertions with data set &quot;assertFileNotIsReadable&quot;" class="PHPUnit\Framework\FunctionsTest" classname="PHPUnit.Framework.FunctionsTest" file="/root/pu/ups/tests/unit/Framework/Assert/FunctionsTest.php" line="36" assertions="1" time="0.000019"/>
          <testcase name="testGlobalFunctionsFileContainsAllStaticAssertions with data set &quot;assertFileIsWritable&quot;" class="PHPUnit\Framework\FunctionsTest" classname="PHPUnit.Framework.FunctionsTest" file="/root/pu/ups/tests/unit/Framework/Assert/FunctionsTest.php" line="36" assertions="1" time="0.000019"/>
          <testcase name="testGlobalFunctionsFileContainsAllStaticAssertions with data set &quot;assertFileIsNotWritable&quot;" class="PHPUnit\Framework\FunctionsTest" classname="PHPUnit.Framework.FunctionsTest" file="/root/pu/ups/tests/unit/Framework/Assert/FunctionsTest.php" line="36" assertions="1" time="0.000019"/>
          <testcase name="testGlobalFunctionsFileContainsAllStaticAssertions with data set &quot;assertFileNotIsWritable&quot;" class="PHPUnit\Framework\FunctionsTest" classname="PHPUnit.Framework.FunctionsTest" file="/root/pu/ups/tests/unit/Framework/Assert/FunctionsTest.php" line="36" assertions="1" time="0.000020"/>
          <testcase name="testGlobalFunctionsFileContainsAllStaticAssertions with data set &quot;assertTrue&quot;" class="PHPUnit\Framework\FunctionsTest" classname="PHPUnit.Framework.FunctionsTest" file="/root/pu/ups/tests/unit/Framework/Assert/FunctionsTest.php" line="36" assertions="1" time="0.000019"/>
          <testcase name="testGlobalFunctionsFileContainsAllStaticAssertions with data set &quot;assertNotTrue&quot;" class="PHPUnit\Framework\FunctionsTest" classname="PHPUnit.Framework.FunctionsTest" file="/root/pu/ups/tests/unit/Framework/Assert/FunctionsTest.php" line="36" assertions="1" time="0.000020"/>
          <testcase name="testGlobalFunctionsFileContainsAllStaticAssertions with data set &quot;assertFalse&quot;" class="PHPUnit\Framework\FunctionsTest" classname="PHPUnit.Framework.FunctionsTest" file="/root/pu/ups/tests/unit/Framework/Assert/FunctionsTest.php" line="36" assertions="1" time="0.000019"/>
          <testcase name="testGlobalFunctionsFileContainsAllStaticAssertions with data set &quot;assertNotFalse&quot;" class="PHPUnit\Framework\FunctionsTest" classname="PHPUnit.Framework.FunctionsTest" file="/root/pu/ups/tests/unit/Framework/Assert/FunctionsTest.php" line="36" assertions="1" time="0.000020"/>
          <testcase name="testGlobalFunctionsFileContainsAllStaticAssertions with data set &quot;assertNull&quot;" class="PHPUnit\Framework\FunctionsTest" classname="PHPUnit.Framework.FunctionsTest" file="/root/pu/ups/tests/unit/Framework/Assert/FunctionsTest.php" line="36" assertions="1" time="0.000020"/>
          <testcase name="testGlobalFunctionsFileContainsAllStaticAssertions with data set &quot;assertNotNull&quot;" class="PHPUnit\Framework\FunctionsTest" classname="PHPUnit.Framework.FunctionsTest" file="/root/pu/ups/tests/unit/Framework/Assert/FunctionsTest.php" line="36" assertions="1" time="0.000020"/>
          <testcase name="testGlobalFunctionsFileContainsAllStaticAssertions with data set &quot;assertFinite&quot;" class="PHPUnit\Framework\FunctionsTest" classname="PHPUnit.Framework.FunctionsTest" file="/root/pu/ups/tests/unit/Framework/Assert/FunctionsTest.php" line="36" assertions="1" time="0.000020"/>
          <testcase name="testGlobalFunctionsFileContainsAllStaticAssertions with data set &quot;assertInfinite&quot;" class="PHPUnit\Framework\FunctionsTest" classname="PHPUnit.Framework.FunctionsTest" file="/root/pu/ups/tests/unit/Framework/Assert/FunctionsTest.php" line="36" assertions="1" time="0.000019"/>
          <testcase name="testGlobalFunctionsFileContainsAllStaticAssertions with data set &quot;assertNan&quot;" class="PHPUnit\Framework\FunctionsTest" classname="PHPUnit.Framework.FunctionsTest" file="/root/pu/ups/tests/unit/Framework/Assert/FunctionsTest.php" line="36" assertions="1" time="0.000019"/>
          <testcase name="testGlobalFunctionsFileContainsAllStaticAssertions with data set &quot;assertClassHasAttribute&quot;" class="PHPUnit\Framework\FunctionsTest" classname="PHPUnit.Framework.FunctionsTest" file="/root/pu/ups/tests/unit/Framework/Assert/FunctionsTest.php" line="36" assertions="1" time="0.000020"/>
          <testcase name="testGlobalFunctionsFileContainsAllStaticAssertions with data set &quot;assertClassNotHasAttribute&quot;" class="PHPUnit\Framework\FunctionsTest" classname="PHPUnit.Framework.FunctionsTest" file="/root/pu/ups/tests/unit/Framework/Assert/FunctionsTest.php" line="36" assertions="1" time="0.000020"/>
          <testcase name="testGlobalFunctionsFileContainsAllStaticAssertions with data set &quot;assertClassHasStaticAttribute&quot;" class="PHPUnit\Framework\FunctionsTest" classname="PHPUnit.Framework.FunctionsTest" file="/root/pu/ups/tests/unit/Framework/Assert/FunctionsTest.php" line="36" assertions="1" time="0.000020"/>
          <testcase name="testGlobalFunctionsFileContainsAllStaticAssertions with data set &quot;assertClassNotHasStaticAttribute&quot;" class="PHPUnit\Framework\FunctionsTest" classname="PHPUnit.Framework.FunctionsTest" file="/root/pu/ups/tests/unit/Framework/Assert/FunctionsTest.php" line="36" assertions="1" time="0.000020"/>
          <testcase name="testGlobalFunctionsFileContainsAllStaticAssertions with data set &quot;assertObjectHasAttribute&quot;" class="PHPUnit\Framework\FunctionsTest" classname="PHPUnit.Framework.FunctionsTest" file="/root/pu/ups/tests/unit/Framework/Assert/FunctionsTest.php" line="36" assertions="1" time="0.000021"/>
          <testcase name="testGlobalFunctionsFileContainsAllStaticAssertions with data set &quot;assertObjectNotHasAttribute&quot;" class="PHPUnit\Framework\FunctionsTest" classname="PHPUnit.Framework.FunctionsTest" file="/root/pu/ups/tests/unit/Framework/Assert/FunctionsTest.php" line="36" assertions="1" time="0.000023"/>
          <testcase name="testGlobalFunctionsFileContainsAllStaticAssertions with data set &quot;assertSame&quot;" class="PHPUnit\Framework\FunctionsTest" classname="PHPUnit.Framework.FunctionsTest" file="/root/pu/ups/tests/unit/Framework/Assert/FunctionsTest.php" line="36" assertions="1" time="0.000021"/>
          <testcase name="testGlobalFunctionsFileContainsAllStaticAssertions with data set &quot;assertNotSame&quot;" class="PHPUnit\Framework\FunctionsTest" classname="PHPUnit.Framework.FunctionsTest" file="/root/pu/ups/tests/unit/Framework/Assert/FunctionsTest.php" line="36" assertions="1" time="0.000022"/>
          <testcase name="testGlobalFunctionsFileContainsAllStaticAssertions with data set &quot;assertInstanceOf&quot;" class="PHPUnit\Framework\FunctionsTest" classname="PHPUnit.Framework.FunctionsTest" file="/root/pu/ups/tests/unit/Framework/Assert/FunctionsTest.php" line="36" assertions="1" time="0.000020"/>
          <testcase name="testGlobalFunctionsFileContainsAllStaticAssertions with data set &quot;assertNotInstanceOf&quot;" class="PHPUnit\Framework\FunctionsTest" classname="PHPUnit.Framework.FunctionsTest" file="/root/pu/ups/tests/unit/Framework/Assert/FunctionsTest.php" line="36" assertions="1" time="0.000023"/>
          <testcase name="testGlobalFunctionsFileContainsAllStaticAssertions with data set &quot;assertIsArray&quot;" class="PHPUnit\Framework\FunctionsTest" classname="PHPUnit.Framework.FunctionsTest" file="/root/pu/ups/tests/unit/Framework/Assert/FunctionsTest.php" line="36" assertions="1" time="0.000021"/>
          <testcase name="testGlobalFunctionsFileContainsAllStaticAssertions with data set &quot;assertIsBool&quot;" class="PHPUnit\Framework\FunctionsTest" classname="PHPUnit.Framework.FunctionsTest" file="/root/pu/ups/tests/unit/Framework/Assert/FunctionsTest.php" line="36" assertions="1" time="0.000023"/>
          <testcase name="testGlobalFunctionsFileContainsAllStaticAssertions with data set &quot;assertIsFloat&quot;" class="PHPUnit\Framework\FunctionsTest" classname="PHPUnit.Framework.FunctionsTest" file="/root/pu/ups/tests/unit/Framework/Assert/FunctionsTest.php" line="36" assertions="1" time="0.000022"/>
          <testcase name="testGlobalFunctionsFileContainsAllStaticAssertions with data set &quot;assertIsInt&quot;" class="PHPUnit\Framework\FunctionsTest" classname="PHPUnit.Framework.FunctionsTest" file="/root/pu/ups/tests/unit/Framework/Assert/FunctionsTest.php" line="36" assertions="1" time="0.000022"/>
          <testcase name="testGlobalFunctionsFileContainsAllStaticAssertions with data set &quot;assertIsNumeric&quot;" class="PHPUnit\Framework\FunctionsTest" classname="PHPUnit.Framework.FunctionsTest" file="/root/pu/ups/tests/unit/Framework/Assert/FunctionsTest.php" line="36" assertions="1" time="0.000021"/>
          <testcase name="testGlobalFunctionsFileContainsAllStaticAssertions with data set &quot;assertIsObject&quot;" class="PHPUnit\Framework\FunctionsTest" classname="PHPUnit.Framework.FunctionsTest" file="/root/pu/ups/tests/unit/Framework/Assert/FunctionsTest.php" line="36" assertions="1" time="0.000021"/>
          <testcase name="testGlobalFunctionsFileContainsAllStaticAssertions with data set &quot;assertIsResource&quot;" class="PHPUnit\Framework\FunctionsTest" classname="PHPUnit.Framework.FunctionsTest" file="/root/pu/ups/tests/unit/Framework/Assert/FunctionsTest.php" line="36" assertions="1" time="0.000028"/>
          <testcase name="testGlobalFunctionsFileContainsAllStaticAssertions with data set &quot;assertIsClosedResource&quot;" class="PHPUnit\Framework\FunctionsTest" classname="PHPUnit.Framework.FunctionsTest" file="/root/pu/ups/tests/unit/Framework/Assert/FunctionsTest.php" line="36" assertions="1" time="0.000023"/>
          <testcase name="testGlobalFunctionsFileContainsAllStaticAssertions with data set &quot;assertIsString&quot;" class="PHPUnit\Framework\FunctionsTest" classname="PHPUnit.Framework.FunctionsTest" file="/root/pu/ups/tests/unit/Framework/Assert/FunctionsTest.php" line="36" assertions="1" time="0.000021"/>
          <testcase name="testGlobalFunctionsFileContainsAllStaticAssertions with data set &quot;assertIsScalar&quot;" class="PHPUnit\Framework\FunctionsTest" classname="PHPUnit.Framework.FunctionsTest" file="/root/pu/ups/tests/unit/Framework/Assert/FunctionsTest.php" line="36" assertions="1" time="0.000023"/>
          <testcase name="testGlobalFunctionsFileContainsAllStaticAssertions with data set &quot;assertIsCallable&quot;" class="PHPUnit\Framework\FunctionsTest" classname="PHPUnit.Framework.FunctionsTest" file="/root/pu/ups/tests/unit/Framework/Assert/FunctionsTest.php" line="36" assertions="1" time="0.000022"/>
          <testcase name="testGlobalFunctionsFileContainsAllStaticAssertions with data set &quot;assertIsIterable&quot;" class="PHPUnit\Framework\FunctionsTest" classname="PHPUnit.Framework.FunctionsTest" file="/root/pu/ups/tests/unit/Framework/Assert/FunctionsTest.php" line="36" assertions="1" time="0.000021"/>
          <testcase name="testGlobalFunctionsFileContainsAllStaticAssertions with data set &quot;assertIsNotArray&quot;" class="PHPUnit\Framework\FunctionsTest" classname="PHPUnit.Framework.FunctionsTest" file="/root/pu/ups/tests/unit/Framework/Assert/FunctionsTest.php" line="36" assertions="1" time="0.000022"/>
          <testcase name="testGlobalFunctionsFileContainsAllStaticAssertions with data set &quot;assertIsNotBool&quot;" class="PHPUnit\Framework\FunctionsTest" classname="PHPUnit.Framework.FunctionsTest" file="/root/pu/ups/tests/unit/Framework/Assert/FunctionsTest.php" line="36" assertions="1" time="0.000024"/>
          <testcase name="testGlobalFunctionsFileContainsAllStaticAssertions with data set &quot;assertIsNotFloat&quot;" class="PHPUnit\Framework\FunctionsTest" classname="PHPUnit.Framework.FunctionsTest" file="/root/pu/ups/tests/unit/Framework/Assert/FunctionsTest.php" line="36" assertions="1" time="0.000023"/>
          <testcase name="testGlobalFunctionsFileContainsAllStaticAssertions with data set &quot;assertIsNotInt&quot;" class="PHPUnit\Framework\FunctionsTest" classname="PHPUnit.Framework.FunctionsTest" file="/root/pu/ups/tests/unit/Framework/Assert/FunctionsTest.php" line="36" assertions="1" time="0.000022"/>
          <testcase name="testGlobalFunctionsFileContainsAllStaticAssertions with data set &quot;assertIsNotNumeric&quot;" class="PHPUnit\Framework\FunctionsTest" classname="PHPUnit.Framework.FunctionsTest" file="/root/pu/ups/tests/unit/Framework/Assert/FunctionsTest.php" line="36" assertions="1" time="0.000022"/>
          <testcase name="testGlobalFunctionsFileContainsAllStaticAssertions with data set &quot;assertIsNotObject&quot;" class="PHPUnit\Framework\FunctionsTest" classname="PHPUnit.Framework.FunctionsTest" file="/root/pu/ups/tests/unit/Framework/Assert/FunctionsTest.php" line="36" assertions="1" time="0.000021"/>
          <testcase name="testGlobalFunctionsFileContainsAllStaticAssertions with data set &quot;assertIsNotResource&quot;" class="PHPUnit\Framework\FunctionsTest" classname="PHPUnit.Framework.FunctionsTest" file="/root/pu/ups/tests/unit/Framework/Assert/FunctionsTest.php" line="36" assertions="1" time="0.000022"/>
          <testcase name="testGlobalFunctionsFileContainsAllStaticAssertions with data set &quot;assertIsNotClosedResource&quot;" class="PHPUnit\Framework\FunctionsTest" classname="PHPUnit.Framework.FunctionsTest" file="/root/pu/ups/tests/unit/Framework/Assert/FunctionsTest.php" line="36" assertions="1" time="0.000021"/>
          <testcase name="testGlobalFunctionsFileContainsAllStaticAssertions with data set &quot;assertIsNotString&quot;" class="PHPUnit\Framework\FunctionsTest" classname="PHPUnit.Framework.FunctionsTest" file="/root/pu/ups/tests/unit/Framework/Assert/FunctionsTest.php" line="36" assertions="1" time="0.000021"/>
          <testcase name="testGlobalFunctionsFileContainsAllStaticAssertions with data set &quot;assertIsNotScalar&quot;" class="PHPUnit\Framework\FunctionsTest" classname="PHPUnit.Framework.FunctionsTest" file="/root/pu/ups/tests/unit/Framework/Assert/FunctionsTest.php" line="36" assertions="1" time="0.000022"/>
          <testcase name="testGlobalFunctionsFileContainsAllStaticAssertions with data set &quot;assertIsNotCallable&quot;" class="PHPUnit\Framework\FunctionsTest" classname="PHPUnit.Framework.FunctionsTest" file="/root/pu/ups/tests/unit/Framework/Assert/FunctionsTest.php" line="36" assertions="1" time="0.000021"/>
          <testcase name="testGlobalFunctionsFileContainsAllStaticAssertions with data set &quot;assertIsNotIterable&quot;" class="PHPUnit\Framework\FunctionsTest" classname="PHPUnit.Framework.FunctionsTest" file="/root/pu/ups/tests/unit/Framework/Assert/FunctionsTest.php" line="36" assertions="1" time="0.000022"/>
          <testcase name="testGlobalFunctionsFileContainsAllStaticAssertions with data set &quot;assertMatchesRegularExpression&quot;" class="PHPUnit\Framework\FunctionsTest" classname="PHPUnit.Framework.FunctionsTest" file="/root/pu/ups/tests/unit/Framework/Assert/FunctionsTest.php" line="36" assertions="1" time="0.000022"/>
          <testcase name="testGlobalFunctionsFileContainsAllStaticAssertions with data set &quot;assertRegExp&quot;" class="PHPUnit\Framework\FunctionsTest" classname="PHPUnit.Framework.FunctionsTest" file="/root/pu/ups/tests/unit/Framework/Assert/FunctionsTest.php" line="36" assertions="1" time="0.000022"/>
          <testcase name="testGlobalFunctionsFileContainsAllStaticAssertions with data set &quot;assertDoesNotMatchRegularExpression&quot;" class="PHPUnit\Framework\FunctionsTest" classname="PHPUnit.Framework.FunctionsTest" file="/root/pu/ups/tests/unit/Framework/Assert/FunctionsTest.php" line="36" assertions="1" time="0.000021"/>
          <testcase name="testGlobalFunctionsFileContainsAllStaticAssertions with data set &quot;assertNotRegExp&quot;" class="PHPUnit\Framework\FunctionsTest" classname="PHPUnit.Framework.FunctionsTest" file="/root/pu/ups/tests/unit/Framework/Assert/FunctionsTest.php" line="36" assertions="1" time="0.000022"/>
          <testcase name="testGlobalFunctionsFileContainsAllStaticAssertions with data set &quot;assertSameSize&quot;" class="PHPUnit\Framework\FunctionsTest" classname="PHPUnit.Framework.FunctionsTest" file="/root/pu/ups/tests/unit/Framework/Assert/FunctionsTest.php" line="36" assertions="1" time="0.000021"/>
          <testcase name="testGlobalFunctionsFileContainsAllStaticAssertions with data set &quot;assertNotSameSize&quot;" class="PHPUnit\Framework\FunctionsTest" classname="PHPUnit.Framework.FunctionsTest" file="/root/pu/ups/tests/unit/Framework/Assert/FunctionsTest.php" line="36" assertions="1" time="0.000021"/>
          <testcase name="testGlobalFunctionsFileContainsAllStaticAssertions with data set &quot;assertStringMatchesFormat&quot;" class="PHPUnit\Framework\FunctionsTest" classname="PHPUnit.Framework.FunctionsTest" file="/root/pu/ups/tests/unit/Framework/Assert/FunctionsTest.php" line="36" assertions="1" time="0.000021"/>
          <testcase name="testGlobalFunctionsFileContainsAllStaticAssertions with data set &quot;assertStringNotMatchesFormat&quot;" class="PHPUnit\Framework\FunctionsTest" classname="PHPUnit.Framework.FunctionsTest" file="/root/pu/ups/tests/unit/Framework/Assert/FunctionsTest.php" line="36" assertions="1" time="0.000022"/>
          <testcase name="testGlobalFunctionsFileContainsAllStaticAssertions with data set &quot;assertStringMatchesFormatFile&quot;" class="PHPUnit\Framework\FunctionsTest" classname="PHPUnit.Framework.FunctionsTest" file="/root/pu/ups/tests/unit/Framework/Assert/FunctionsTest.php" line="36" assertions="1" time="0.000022"/>
          <testcase name="testGlobalFunctionsFileContainsAllStaticAssertions with data set &quot;assertStringNotMatchesFormatFile&quot;" class="PHPUnit\Framework\FunctionsTest" classname="PHPUnit.Framework.FunctionsTest" file="/root/pu/ups/tests/unit/Framework/Assert/FunctionsTest.php" line="36" assertions="1" time="0.000022"/>
          <testcase name="testGlobalFunctionsFileContainsAllStaticAssertions with data set &quot;assertStringStartsWith&quot;" class="PHPUnit\Framework\FunctionsTest" classname="PHPUnit.Framework.FunctionsTest" file="/root/pu/ups/tests/unit/Framework/Assert/FunctionsTest.php" line="36" assertions="1" time="0.000022"/>
          <testcase name="testGlobalFunctionsFileContainsAllStaticAssertions with data set &quot;assertStringStartsNotWith&quot;" class="PHPUnit\Framework\FunctionsTest" classname="PHPUnit.Framework.FunctionsTest" file="/root/pu/ups/tests/unit/Framework/Assert/FunctionsTest.php" line="36" assertions="1" time="0.000023"/>
          <testcase name="testGlobalFunctionsFileContainsAllStaticAssertions with data set &quot;assertStringContainsString&quot;" class="PHPUnit\Framework\FunctionsTest" classname="PHPUnit.Framework.FunctionsTest" file="/root/pu/ups/tests/unit/Framework/Assert/FunctionsTest.php" line="36" assertions="1" time="0.000023"/>
          <testcase name="testGlobalFunctionsFileContainsAllStaticAssertions with data set &quot;assertStringContainsStringIgnoringCase&quot;" class="PHPUnit\Framework\FunctionsTest" classname="PHPUnit.Framework.FunctionsTest" file="/root/pu/ups/tests/unit/Framework/Assert/FunctionsTest.php" line="36" assertions="1" time="0.000022"/>
          <testcase name="testGlobalFunctionsFileContainsAllStaticAssertions with data set &quot;assertStringNotContainsString&quot;" class="PHPUnit\Framework\FunctionsTest" classname="PHPUnit.Framework.FunctionsTest" file="/root/pu/ups/tests/unit/Framework/Assert/FunctionsTest.php" line="36" assertions="1" time="0.000022"/>
          <testcase name="testGlobalFunctionsFileContainsAllStaticAssertions with data set &quot;assertStringNotContainsStringIgnoringCase&quot;" class="PHPUnit\Framework\FunctionsTest" classname="PHPUnit.Framework.FunctionsTest" file="/root/pu/ups/tests/unit/Framework/Assert/FunctionsTest.php" line="36" assertions="1" time="0.000023"/>
          <testcase name="testGlobalFunctionsFileContainsAllStaticAssertions with data set &quot;assertStringEndsWith&quot;" class="PHPUnit\Framework\FunctionsTest" classname="PHPUnit.Framework.FunctionsTest" file="/root/pu/ups/tests/unit/Framework/Assert/FunctionsTest.php" line="36" assertions="1" time="0.000023"/>
          <testcase name="testGlobalFunctionsFileContainsAllStaticAssertions with data set &quot;assertStringEndsNotWith&quot;" class="PHPUnit\Framework\FunctionsTest" classname="PHPUnit.Framework.FunctionsTest" file="/root/pu/ups/tests/unit/Framework/Assert/FunctionsTest.php" line="36" assertions="1" time="0.000023"/>
          <testcase name="testGlobalFunctionsFileContainsAllStaticAssertions with data set &quot;assertXmlFileEqualsXmlFile&quot;" class="PHPUnit\Framework\FunctionsTest" classname="PHPUnit.Framework.FunctionsTest" file="/root/pu/ups/tests/unit/Framework/Assert/FunctionsTest.php" line="36" assertions="1" time="0.000023"/>
          <testcase name="testGlobalFunctionsFileContainsAllStaticAssertions with data set &quot;assertXmlFileNotEqualsXmlFile&quot;" class="PHPUnit\Framework\FunctionsTest" classname="PHPUnit.Framework.FunctionsTest" file="/root/pu/ups/tests/unit/Framework/Assert/FunctionsTest.php" line="36" assertions="1" time="0.000022"/>
          <testcase name="testGlobalFunctionsFileContainsAllStaticAssertions with data set &quot;assertXmlStringEqualsXmlFile&quot;" class="PHPUnit\Framework\FunctionsTest" classname="PHPUnit.Framework.FunctionsTest" file="/root/pu/ups/tests/unit/Framework/Assert/FunctionsTest.php" line="36" assertions="1" time="0.000023"/>
          <testcase name="testGlobalFunctionsFileContainsAllStaticAssertions with data set &quot;assertXmlStringNotEqualsXmlFile&quot;" class="PHPUnit\Framework\FunctionsTest" classname="PHPUnit.Framework.FunctionsTest" file="/root/pu/ups/tests/unit/Framework/Assert/FunctionsTest.php" line="36" assertions="1" time="0.000023"/>
          <testcase name="testGlobalFunctionsFileContainsAllStaticAssertions with data set &quot;assertXmlStringEqualsXmlString&quot;" class="PHPUnit\Framework\FunctionsTest" classname="PHPUnit.Framework.FunctionsTest" file="/root/pu/ups/tests/unit/Framework/Assert/FunctionsTest.php" line="36" assertions="1" time="0.000023"/>
          <testcase name="testGlobalFunctionsFileContainsAllStaticAssertions with data set &quot;assertXmlStringNotEqualsXmlString&quot;" class="PHPUnit\Framework\FunctionsTest" classname="PHPUnit.Framework.FunctionsTest" file="/root/pu/ups/tests/unit/Framework/Assert/FunctionsTest.php" line="36" assertions="1" time="0.000023"/>
          <testcase name="testGlobalFunctionsFileContainsAllStaticAssertions with data set &quot;assertEqualXMLStructure&quot;" class="PHPUnit\Framework\FunctionsTest" classname="PHPUnit.Framework.FunctionsTest" file="/root/pu/ups/tests/unit/Framework/Assert/FunctionsTest.php" line="36" assertions="1" time="0.000023"/>
          <testcase name="testGlobalFunctionsFileContainsAllStaticAssertions with data set &quot;assertThat&quot;" class="PHPUnit\Framework\FunctionsTest" classname="PHPUnit.Framework.FunctionsTest" file="/root/pu/ups/tests/unit/Framework/Assert/FunctionsTest.php" line="36" assertions="1" time="0.000023"/>
          <testcase name="testGlobalFunctionsFileContainsAllStaticAssertions with data set &quot;assertJson&quot;" class="PHPUnit\Framework\FunctionsTest" classname="PHPUnit.Framework.FunctionsTest" file="/root/pu/ups/tests/unit/Framework/Assert/FunctionsTest.php" line="36" assertions="1" time="0.000022"/>
          <testcase name="testGlobalFunctionsFileContainsAllStaticAssertions with data set &quot;assertJsonStringEqualsJsonString&quot;" class="PHPUnit\Framework\FunctionsTest" classname="PHPUnit.Framework.FunctionsTest" file="/root/pu/ups/tests/unit/Framework/Assert/FunctionsTest.php" line="36" assertions="1" time="0.000023"/>
          <testcase name="testGlobalFunctionsFileContainsAllStaticAssertions with data set &quot;assertJsonStringNotEqualsJsonString&quot;" class="PHPUnit\Framework\FunctionsTest" classname="PHPUnit.Framework.FunctionsTest" file="/root/pu/ups/tests/unit/Framework/Assert/FunctionsTest.php" line="36" assertions="1" time="0.000023"/>
          <testcase name="testGlobalFunctionsFileContainsAllStaticAssertions with data set &quot;assertJsonStringEqualsJsonFile&quot;" class="PHPUnit\Framework\FunctionsTest" classname="PHPUnit.Framework.FunctionsTest" file="/root/pu/ups/tests/unit/Framework/Assert/FunctionsTest.php" line="36" assertions="1" time="0.000023"/>
          <testcase name="testGlobalFunctionsFileContainsAllStaticAssertions with data set &quot;assertJsonStringNotEqualsJsonFile&quot;" class="PHPUnit\Framework\FunctionsTest" classname="PHPUnit.Framework.FunctionsTest" file="/root/pu/ups/tests/unit/Framework/Assert/FunctionsTest.php" line="36" assertions="1" time="0.000023"/>
          <testcase name="testGlobalFunctionsFileContainsAllStaticAssertions with data set &quot;assertJsonFileEqualsJsonFile&quot;" class="PHPUnit\Framework\FunctionsTest" classname="PHPUnit.Framework.FunctionsTest" file="/root/pu/ups/tests/unit/Framework/Assert/FunctionsTest.php" line="36" assertions="1" time="0.000027"/>
          <testcase name="testGlobalFunctionsFileContainsAllStaticAssertions with data set &quot;assertJsonFileNotEqualsJsonFile&quot;" class="PHPUnit\Framework\FunctionsTest" classname="PHPUnit.Framework.FunctionsTest" file="/root/pu/ups/tests/unit/Framework/Assert/FunctionsTest.php" line="36" assertions="1" time="0.000025"/>
        </testsuite>
      </testsuite>
      <testsuite name="PHPUnit\Framework\AssertTest" file="/root/pu/ups/tests/unit/Framework/AssertTest.php" tests="147" assertions="217" errors="0" warnings="0" failures="0" skipped="0" time="0.008443">
        <testcase name="testFail" class="PHPUnit\Framework\AssertTest" classname="PHPUnit.Framework.AssertTest" file="/root/pu/ups/tests/unit/Framework/AssertTest.php" line="62" assertions="1" time="0.000372"/>
        <testcase name="testAssertContainsOnlyInstancesOf" class="PHPUnit\Framework\AssertTest" classname="PHPUnit.Framework.AssertTest" file="/root/pu/ups/tests/unit/Framework/AssertTest.php" line="73" assertions="4" time="0.000422"/>
        <testcase name="testAssertArrayHasKeyThrowsExceptionForInvalidFirstArgument" class="PHPUnit\Framework\AssertTest" classname="PHPUnit.Framework.AssertTest" file="/root/pu/ups/tests/unit/Framework/AssertTest.php" line="87" assertions="1" time="0.000120"/>
        <testcase name="testAssertArrayHasKeyThrowsExceptionForInvalidSecondArgument" class="PHPUnit\Framework\AssertTest" classname="PHPUnit.Framework.AssertTest" file="/root/pu/ups/tests/unit/Framework/AssertTest.php" line="94" assertions="1" time="0.000041"/>
        <testcase name="testAssertArrayHasIntegerKey" class="PHPUnit\Framework\AssertTest" classname="PHPUnit.Framework.AssertTest" file="/root/pu/ups/tests/unit/Framework/AssertTest.php" line="101" assertions="3" time="0.000118"/>
        <testcase name="testAssertArrayNotHasKeyThrowsExceptionForInvalidFirstArgument" class="PHPUnit\Framework\AssertTest" classname="PHPUnit.Framework.AssertTest" file="/root/pu/ups/tests/unit/Framework/AssertTest.php" line="110" assertions="1" time="0.000040"/>
        <testcase name="testAssertArrayNotHasKeyThrowsExceptionForInvalidSecondArgument" class="PHPUnit\Framework\AssertTest" classname="PHPUnit.Framework.AssertTest" file="/root/pu/ups/tests/unit/Framework/AssertTest.php" line="117" assertions="1" time="0.000039"/>
        <testcase name="testAssertArrayNotHasIntegerKey" class="PHPUnit\Framework\AssertTest" classname="PHPUnit.Framework.AssertTest" file="/root/pu/ups/tests/unit/Framework/AssertTest.php" line="124" assertions="3" time="0.000465"/>
        <testcase name="testAssertArrayHasStringKey" class="PHPUnit\Framework\AssertTest" classname="PHPUnit.Framework.AssertTest" file="/root/pu/ups/tests/unit/Framework/AssertTest.php" line="133" assertions="3" time="0.000045"/>
        <testcase name="testAssertArrayNotHasStringKey" class="PHPUnit\Framework\AssertTest" classname="PHPUnit.Framework.AssertTest" file="/root/pu/ups/tests/unit/Framework/AssertTest.php" line="142" assertions="3" time="0.000054"/>
        <testcase name="testAssertArrayHasKeyAcceptsArrayObjectValue" class="PHPUnit\Framework\AssertTest" classname="PHPUnit.Framework.AssertTest" file="/root/pu/ups/tests/unit/Framework/AssertTest.php" line="151" assertions="1" time="0.000028"/>
        <testcase name="testAssertArrayHasKeyProperlyFailsWithArrayObjectValue" class="PHPUnit\Framework\AssertTest" classname="PHPUnit.Framework.AssertTest" file="/root/pu/ups/tests/unit/Framework/AssertTest.php" line="159" assertions="2" time="0.000042"/>
        <testcase name="testAssertArrayHasKeyAcceptsArrayAccessValue" class="PHPUnit\Framework\AssertTest" classname="PHPUnit.Framework.AssertTest" file="/root/pu/ups/tests/unit/Framework/AssertTest.php" line="169" assertions="1" time="0.000107"/>
        <testcase name="testAssertArrayHasKeyProperlyFailsWithArrayAccessValue" class="PHPUnit\Framework\AssertTest" classname="PHPUnit.Framework.AssertTest" file="/root/pu/ups/tests/unit/Framework/AssertTest.php" line="177" assertions="2" time="0.000043"/>
        <testcase name="testAssertArrayNotHasKeyAcceptsArrayAccessValue" class="PHPUnit\Framework\AssertTest" classname="PHPUnit.Framework.AssertTest" file="/root/pu/ups/tests/unit/Framework/AssertTest.php" line="187" assertions="1" time="0.000029"/>
        <testcase name="testAssertArrayNotHasKeyPropertlyFailsWithArrayAccessValue" class="PHPUnit\Framework\AssertTest" classname="PHPUnit.Framework.AssertTest" file="/root/pu/ups/tests/unit/Framework/AssertTest.php" line="195" assertions="2" time="0.000058"/>
        <testcase name="testAssertArrayContainsOnlyIntegers" class="PHPUnit\Framework\AssertTest" classname="PHPUnit.Framework.AssertTest" file="/root/pu/ups/tests/unit/Framework/AssertTest.php" line="205" assertions="3" time="0.000262"/>
        <testcase name="testAssertArrayNotContainsOnlyIntegers" class="PHPUnit\Framework\AssertTest" classname="PHPUnit.Framework.AssertTest" file="/root/pu/ups/tests/unit/Framework/AssertTest.php" line="214" assertions="3" time="0.000069"/>
        <testcase name="testAssertArrayContainsOnlyStdClass" class="PHPUnit\Framework\AssertTest" classname="PHPUnit.Framework.AssertTest" file="/root/pu/ups/tests/unit/Framework/AssertTest.php" line="223" assertions="3" time="0.000053"/>
        <testcase name="testAssertArrayNotContainsOnlyStdClass" class="PHPUnit\Framework\AssertTest" classname="PHPUnit.Framework.AssertTest" file="/root/pu/ups/tests/unit/Framework/AssertTest.php" line="232" assertions="3" time="0.000068"/>
        <testsuite name="PHPUnit\Framework\AssertTest::testAssertEqualsSucceeds" tests="35" assertions="35" errors="0" warnings="0" failures="0" skipped="0" time="0.001189">
          <testcase name="testAssertEqualsSucceeds with data set #0" class="PHPUnit\Framework\AssertTest" classname="PHPUnit.Framework.AssertTest" file="/root/pu/ups/tests/unit/Framework/AssertTest.php" line="270" assertions="1" time="0.000203"/>
          <testcase name="testAssertEqualsSucceeds with data set #1" class="PHPUnit\Framework\AssertTest" classname="PHPUnit.Framework.AssertTest" file="/root/pu/ups/tests/unit/Framework/AssertTest.php" line="270" assertions="1" time="0.000036"/>
          <testcase name="testAssertEqualsSucceeds with data set #2" class="PHPUnit\Framework\AssertTest" classname="PHPUnit.Framework.AssertTest" file="/root/pu/ups/tests/unit/Framework/AssertTest.php" line="270" assertions="1" time="0.000052"/>
          <testcase name="testAssertEqualsSucceeds with data set #3" class="PHPUnit\Framework\AssertTest" classname="PHPUnit.Framework.AssertTest" file="/root/pu/ups/tests/unit/Framework/AssertTest.php" line="270" assertions="1" time="0.000065"/>
          <testcase name="testAssertEqualsSucceeds with data set #4" class="PHPUnit\Framework\AssertTest" classname="PHPUnit.Framework.AssertTest" file="/root/pu/ups/tests/unit/Framework/AssertTest.php" line="270" assertions="1" time="0.000026"/>
          <testcase name="testAssertEqualsSucceeds with data set #5" class="PHPUnit\Framework\AssertTest" classname="PHPUnit.Framework.AssertTest" file="/root/pu/ups/tests/unit/Framework/AssertTest.php" line="270" assertions="1" time="0.000078"/>
          <testcase name="testAssertEqualsSucceeds with data set #6" class="PHPUnit\Framework\AssertTest" classname="PHPUnit.Framework.AssertTest" file="/root/pu/ups/tests/unit/Framework/AssertTest.php" line="270" assertions="1" time="0.000053"/>
          <testcase name="testAssertEqualsSucceeds with data set #7" class="PHPUnit\Framework\AssertTest" classname="PHPUnit.Framework.AssertTest" file="/root/pu/ups/tests/unit/Framework/AssertTest.php" line="270" assertions="1" time="0.000051"/>
          <testcase name="testAssertEqualsSucceeds with data set #8" class="PHPUnit\Framework\AssertTest" classname="PHPUnit.Framework.AssertTest" file="/root/pu/ups/tests/unit/Framework/AssertTest.php" line="270" assertions="1" time="0.000049"/>
          <testcase name="testAssertEqualsSucceeds with data set #9" class="PHPUnit\Framework\AssertTest" classname="PHPUnit.Framework.AssertTest" file="/root/pu/ups/tests/unit/Framework/AssertTest.php" line="270" assertions="1" time="0.000038"/>
          <testcase name="testAssertEqualsSucceeds with data set #10" class="PHPUnit\Framework\AssertTest" classname="PHPUnit.Framework.AssertTest" file="/root/pu/ups/tests/unit/Framework/AssertTest.php" line="270" assertions="1" time="0.000028"/>
          <testcase name="testAssertEqualsSucceeds with data set #11" class="PHPUnit\Framework\AssertTest" classname="PHPUnit.Framework.AssertTest" file="/root/pu/ups/tests/unit/Framework/AssertTest.php" line="270" assertions="1" time="0.000028"/>
          <testcase name="testAssertEqualsSucceeds with data set #12" class="PHPUnit\Framework\AssertTest" classname="PHPUnit.Framework.AssertTest" file="/root/pu/ups/tests/unit/Framework/AssertTest.php" line="270" assertions="1" time="0.000028"/>
          <testcase name="testAssertEqualsSucceeds with data set #13" class="PHPUnit\Framework\AssertTest" classname="PHPUnit.Framework.AssertTest" file="/root/pu/ups/tests/unit/Framework/AssertTest.php" line="270" assertions="1" time="0.000027"/>
          <testcase name="testAssertEqualsSucceeds with data set #14" class="PHPUnit\Framework\AssertTest" classname="PHPUnit.Framework.AssertTest" file="/root/pu/ups/tests/unit/Framework/AssertTest.php" line="270" assertions="1" time="0.000028"/>
          <testcase name="testAssertEqualsSucceeds with data set #15" class="PHPUnit\Framework\AssertTest" classname="PHPUnit.Framework.AssertTest" file="/root/pu/ups/tests/unit/Framework/AssertTest.php" line="270" assertions="1" time="0.000025"/>
          <testcase name="testAssertEqualsSucceeds with data set #16" class="PHPUnit\Framework\AssertTest" classname="PHPUnit.Framework.AssertTest" file="/root/pu/ups/tests/unit/Framework/AssertTest.php" line="270" assertions="1" time="0.000021"/>
          <testcase name="testAssertEqualsSucceeds with data set #17" class="PHPUnit\Framework\AssertTest" classname="PHPUnit.Framework.AssertTest" file="/root/pu/ups/tests/unit/Framework/AssertTest.php" line="270" assertions="1" time="0.000025"/>
          <testcase name="testAssertEqualsSucceeds with data set #18" class="PHPUnit\Framework\AssertTest" classname="PHPUnit.Framework.AssertTest" file="/root/pu/ups/tests/unit/Framework/AssertTest.php" line="270" assertions="1" time="0.000022"/>
          <testcase name="testAssertEqualsSucceeds with data set #19" class="PHPUnit\Framework\AssertTest" classname="PHPUnit.Framework.AssertTest" file="/root/pu/ups/tests/unit/Framework/AssertTest.php" line="270" assertions="1" time="0.000021"/>
          <testcase name="testAssertEqualsSucceeds with data set #20" class="PHPUnit\Framework\AssertTest" classname="PHPUnit.Framework.AssertTest" file="/root/pu/ups/tests/unit/Framework/AssertTest.php" line="270" assertions="1" time="0.000022"/>
          <testcase name="testAssertEqualsSucceeds with data set #21" class="PHPUnit\Framework\AssertTest" classname="PHPUnit.Framework.AssertTest" file="/root/pu/ups/tests/unit/Framework/AssertTest.php" line="270" assertions="1" time="0.000024"/>
          <testcase name="testAssertEqualsSucceeds with data set #22" class="PHPUnit\Framework\AssertTest" classname="PHPUnit.Framework.AssertTest" file="/root/pu/ups/tests/unit/Framework/AssertTest.php" line="270" assertions="1" time="0.000022"/>
          <testcase name="testAssertEqualsSucceeds with data set #23" class="PHPUnit\Framework\AssertTest" classname="PHPUnit.Framework.AssertTest" file="/root/pu/ups/tests/unit/Framework/AssertTest.php" line="270" assertions="1" time="0.000017"/>
          <testcase name="testAssertEqualsSucceeds with data set #24" class="PHPUnit\Framework\AssertTest" classname="PHPUnit.Framework.AssertTest" file="/root/pu/ups/tests/unit/Framework/AssertTest.php" line="270" assertions="1" time="0.000017"/>
          <testcase name="testAssertEqualsSucceeds with data set #25" class="PHPUnit\Framework\AssertTest" classname="PHPUnit.Framework.AssertTest" file="/root/pu/ups/tests/unit/Framework/AssertTest.php" line="270" assertions="1" time="0.000017"/>
          <testcase name="testAssertEqualsSucceeds with data set #26" class="PHPUnit\Framework\AssertTest" classname="PHPUnit.Framework.AssertTest" file="/root/pu/ups/tests/unit/Framework/AssertTest.php" line="270" assertions="1" time="0.000017"/>
          <testcase name="testAssertEqualsSucceeds with data set #27" class="PHPUnit\Framework\AssertTest" classname="PHPUnit.Framework.AssertTest" file="/root/pu/ups/tests/unit/Framework/AssertTest.php" line="270" assertions="1" time="0.000022"/>
          <testcase name="testAssertEqualsSucceeds with data set #28" class="PHPUnit\Framework\AssertTest" classname="PHPUnit.Framework.AssertTest" file="/root/pu/ups/tests/unit/Framework/AssertTest.php" line="270" assertions="1" time="0.000017"/>
          <testcase name="testAssertEqualsSucceeds with data set #29" class="PHPUnit\Framework\AssertTest" classname="PHPUnit.Framework.AssertTest" file="/root/pu/ups/tests/unit/Framework/AssertTest.php" line="270" assertions="1" time="0.000017"/>
          <testcase name="testAssertEqualsSucceeds with data set #30" class="PHPUnit\Framework\AssertTest" classname="PHPUnit.Framework.AssertTest" file="/root/pu/ups/tests/unit/Framework/AssertTest.php" line="270" assertions="1" time="0.000019"/>
          <testcase name="testAssertEqualsSucceeds with data set #31" class="PHPUnit\Framework\AssertTest" classname="PHPUnit.Framework.AssertTest" file="/root/pu/ups/tests/unit/Framework/AssertTest.php" line="270" assertions="1" time="0.000019"/>
          <testcase name="testAssertEqualsSucceeds with data set #32" class="PHPUnit\Framework\AssertTest" classname="PHPUnit.Framework.AssertTest" file="/root/pu/ups/tests/unit/Framework/AssertTest.php" line="270" assertions="1" time="0.000019"/>
          <testcase name="testAssertEqualsSucceeds with data set #33" class="PHPUnit\Framework\AssertTest" classname="PHPUnit.Framework.AssertTest" file="/root/pu/ups/tests/unit/Framework/AssertTest.php" line="270" assertions="1" time="0.000017"/>
          <testcase name="testAssertEqualsSucceeds with data set #34" class="PHPUnit\Framework\AssertTest" classname="PHPUnit.Framework.AssertTest" file="/root/pu/ups/tests/unit/Framework/AssertTest.php" line="270" assertions="1" time="0.000017"/>
        </testsuite>
        <testsuite name="PHPUnit\Framework\AssertTest::testAssertEqualsFails" tests="48" assertions="96" errors="0" warnings="0" failures="0" skipped="0" time="0.002727">
          <testcase name="testAssertEqualsFails with data set #0" class="PHPUnit\Framework\AssertTest" classname="PHPUnit.Framework.AssertTest" file="/root/pu/ups/tests/unit/Framework/AssertTest.php" line="281" assertions="2" time="0.000204"/>
          <testcase name="testAssertEqualsFails with data set #1" class="PHPUnit\Framework\AssertTest" classname="PHPUnit.Framework.AssertTest" file="/root/pu/ups/tests/unit/Framework/AssertTest.php" line="281" assertions="2" time="0.000041"/>
          <testcase name="testAssertEqualsFails with data set #2" class="PHPUnit\Framework\AssertTest" classname="PHPUnit.Framework.AssertTest" file="/root/pu/ups/tests/unit/Framework/AssertTest.php" line="281" assertions="2" time="0.000040"/>
          <testcase name="testAssertEqualsFails with data set #3" class="PHPUnit\Framework\AssertTest" classname="PHPUnit.Framework.AssertTest" file="/root/pu/ups/tests/unit/Framework/AssertTest.php" line="281" assertions="2" time="0.000044"/>
          <testcase name="testAssertEqualsFails with data set #4" class="PHPUnit\Framework\AssertTest" classname="PHPUnit.Framework.AssertTest" file="/root/pu/ups/tests/unit/Framework/AssertTest.php" line="281" assertions="2" time="0.000039"/>
          <testcase name="testAssertEqualsFails with data set #5" class="PHPUnit\Framework\AssertTest" classname="PHPUnit.Framework.AssertTest" file="/root/pu/ups/tests/unit/Framework/AssertTest.php" line="281" assertions="2" time="0.000043"/>
          <testcase name="testAssertEqualsFails with data set #6" class="PHPUnit\Framework\AssertTest" classname="PHPUnit.Framework.AssertTest" file="/root/pu/ups/tests/unit/Framework/AssertTest.php" line="281" assertions="2" time="0.000042"/>
          <testcase name="testAssertEqualsFails with data set #7" class="PHPUnit\Framework\AssertTest" classname="PHPUnit.Framework.AssertTest" file="/root/pu/ups/tests/unit/Framework/AssertTest.php" line="281" assertions="2" time="0.000059"/>
          <testcase name="testAssertEqualsFails with data set #8" class="PHPUnit\Framework\AssertTest" classname="PHPUnit.Framework.AssertTest" file="/root/pu/ups/tests/unit/Framework/AssertTest.php" line="281" assertions="2" time="0.000064"/>
          <testcase name="testAssertEqualsFails with data set #9" class="PHPUnit\Framework\AssertTest" classname="PHPUnit.Framework.AssertTest" file="/root/pu/ups/tests/unit/Framework/AssertTest.php" line="281" assertions="2" time="0.000066"/>
          <testcase name="testAssertEqualsFails with data set #10" class="PHPUnit\Framework\AssertTest" classname="PHPUnit.Framework.AssertTest" file="/root/pu/ups/tests/unit/Framework/AssertTest.php" line="281" assertions="2" time="0.000071"/>
          <testcase name="testAssertEqualsFails with data set #11" class="PHPUnit\Framework\AssertTest" classname="PHPUnit.Framework.AssertTest" file="/root/pu/ups/tests/unit/Framework/AssertTest.php" line="281" assertions="2" time="0.000042"/>
          <testcase name="testAssertEqualsFails with data set #12" class="PHPUnit\Framework\AssertTest" classname="PHPUnit.Framework.AssertTest" file="/root/pu/ups/tests/unit/Framework/AssertTest.php" line="281" assertions="2" time="0.000041"/>
          <testcase name="testAssertEqualsFails with data set #13" class="PHPUnit\Framework\AssertTest" classname="PHPUnit.Framework.AssertTest" file="/root/pu/ups/tests/unit/Framework/AssertTest.php" line="281" assertions="2" time="0.000042"/>
          <testcase name="testAssertEqualsFails with data set #14" class="PHPUnit\Framework\AssertTest" classname="PHPUnit.Framework.AssertTest" file="/root/pu/ups/tests/unit/Framework/AssertTest.php" line="281" assertions="2" time="0.000039"/>
          <testcase name="testAssertEqualsFails with data set #15" class="PHPUnit\Framework\AssertTest" classname="PHPUnit.Framework.AssertTest" file="/root/pu/ups/tests/unit/Framework/AssertTest.php" line="281" assertions="2" time="0.000059"/>
          <testcase name="testAssertEqualsFails with data set #16" class="PHPUnit\Framework\AssertTest" classname="PHPUnit.Framework.AssertTest" file="/root/pu/ups/tests/unit/Framework/AssertTest.php" line="281" assertions="2" time="0.000094"/>
          <testcase name="testAssertEqualsFails with data set #17" class="PHPUnit\Framework\AssertTest" classname="PHPUnit.Framework.AssertTest" file="/root/pu/ups/tests/unit/Framework/AssertTest.php" line="281" assertions="2" time="0.000091"/>
          <testcase name="testAssertEqualsFails with data set #18" class="PHPUnit\Framework\AssertTest" classname="PHPUnit.Framework.AssertTest" file="/root/pu/ups/tests/unit/Framework/AssertTest.php" line="281" assertions="2" time="0.000082"/>
          <testcase name="testAssertEqualsFails with data set #19" class="PHPUnit\Framework\AssertTest" classname="PHPUnit.Framework.AssertTest" file="/root/pu/ups/tests/unit/Framework/AssertTest.php" line="281" assertions="2" time="0.000087"/>
          <testcase name="testAssertEqualsFails with data set #20" class="PHPUnit\Framework\AssertTest" classname="PHPUnit.Framework.AssertTest" file="/root/pu/ups/tests/unit/Framework/AssertTest.php" line="281" assertions="2" time="0.000061"/>
          <testcase name="testAssertEqualsFails with data set #21" class="PHPUnit\Framework\AssertTest" classname="PHPUnit.Framework.AssertTest" file="/root/pu/ups/tests/unit/Framework/AssertTest.php" line="281" assertions="2" time="0.000039"/>
          <testcase name="testAssertEqualsFails with data set #22" class="PHPUnit\Framework\AssertTest" classname="PHPUnit.Framework.AssertTest" file="/root/pu/ups/tests/unit/Framework/AssertTest.php" line="281" assertions="2" time="0.000085"/>
          <testcase name="testAssertEqualsFails with data set #23" class="PHPUnit\Framework\AssertTest" classname="PHPUnit.Framework.AssertTest" file="/root/pu/ups/tests/unit/Framework/AssertTest.php" line="281" assertions="2" time="0.000090"/>
          <testcase name="testAssertEqualsFails with data set #24" class="PHPUnit\Framework\AssertTest" classname="PHPUnit.Framework.AssertTest" file="/root/pu/ups/tests/unit/Framework/AssertTest.php" line="281" assertions="2" time="0.000075"/>
          <testcase name="testAssertEqualsFails with data set #25" class="PHPUnit\Framework\AssertTest" classname="PHPUnit.Framework.AssertTest" file="/root/pu/ups/tests/unit/Framework/AssertTest.php" line="281" assertions="2" time="0.000064"/>
          <testcase name="testAssertEqualsFails with data set #26" class="PHPUnit\Framework\AssertTest" classname="PHPUnit.Framework.AssertTest" file="/root/pu/ups/tests/unit/Framework/AssertTest.php" line="281" assertions="2" time="0.000070"/>
          <testcase name="testAssertEqualsFails with data set #27" class="PHPUnit\Framework\AssertTest" classname="PHPUnit.Framework.AssertTest" file="/root/pu/ups/tests/unit/Framework/AssertTest.php" line="281" assertions="2" time="0.000067"/>
          <testcase name="testAssertEqualsFails with data set #28" class="PHPUnit\Framework\AssertTest" classname="PHPUnit.Framework.AssertTest" file="/root/pu/ups/tests/unit/Framework/AssertTest.php" line="281" assertions="2" time="0.000059"/>
          <testcase name="testAssertEqualsFails with data set #29" class="PHPUnit\Framework\AssertTest" classname="PHPUnit.Framework.AssertTest" file="/root/pu/ups/tests/unit/Framework/AssertTest.php" line="281" assertions="2" time="0.000047"/>
          <testcase name="testAssertEqualsFails with data set #30" class="PHPUnit\Framework\AssertTest" classname="PHPUnit.Framework.AssertTest" file="/root/pu/ups/tests/unit/Framework/AssertTest.php" line="281" assertions="2" time="0.000047"/>
          <testcase name="testAssertEqualsFails with data set #31" class="PHPUnit\Framework\AssertTest" classname="PHPUnit.Framework.AssertTest" file="/root/pu/ups/tests/unit/Framework/AssertTest.php" line="281" assertions="2" time="0.000047"/>
          <testcase name="testAssertEqualsFails with data set #32" class="PHPUnit\Framework\AssertTest" classname="PHPUnit.Framework.AssertTest" file="/root/pu/ups/tests/unit/Framework/AssertTest.php" line="281" assertions="2" time="0.000046"/>
          <testcase name="testAssertEqualsFails with data set #33" class="PHPUnit\Framework\AssertTest" classname="PHPUnit.Framework.AssertTest" file="/root/pu/ups/tests/unit/Framework/AssertTest.php" line="281" assertions="2" time="0.000047"/>
          <testcase name="testAssertEqualsFails with data set #34" class="PHPUnit\Framework\AssertTest" classname="PHPUnit.Framework.AssertTest" file="/root/pu/ups/tests/unit/Framework/AssertTest.php" line="281" assertions="2" time="0.000047"/>
          <testcase name="testAssertEqualsFails with data set #35" class="PHPUnit\Framework\AssertTest" classname="PHPUnit.Framework.AssertTest" file="/root/pu/ups/tests/unit/Framework/AssertTest.php" line="281" assertions="2" time="0.000047"/>
          <testcase name="testAssertEqualsFails with data set #36" class="PHPUnit\Framework\AssertTest" classname="PHPUnit.Framework.AssertTest" file="/root/pu/ups/tests/unit/Framework/AssertTest.php" line="281" assertions="2" time="0.000046"/>
          <testcase name="testAssertEqualsFails with data set #37" class="PHPUnit\Framework\AssertTest" classname="PHPUnit.Framework.AssertTest" file="/root/pu/ups/tests/unit/Framework/AssertTest.php" line="281" assertions="2" time="0.000047"/>
          <testcase name="testAssertEqualsFails with data set #38" class="PHPUnit\Framework\AssertTest" classname="PHPUnit.Framework.AssertTest" file="/root/pu/ups/tests/unit/Framework/AssertTest.php" line="281" assertions="2" time="0.000045"/>
          <testcase name="testAssertEqualsFails with data set #39" class="PHPUnit\Framework\AssertTest" classname="PHPUnit.Framework.AssertTest" file="/root/pu/ups/tests/unit/Framework/AssertTest.php" line="281" assertions="2" time="0.000040"/>
          <testcase name="testAssertEqualsFails with data set #40" class="PHPUnit\Framework\AssertTest" classname="PHPUnit.Framework.AssertTest" file="/root/pu/ups/tests/unit/Framework/AssertTest.php" line="281" assertions="2" time="0.000037"/>
          <testcase name="testAssertEqualsFails with data set #41" class="PHPUnit\Framework\AssertTest" classname="PHPUnit.Framework.AssertTest" file="/root/pu/ups/tests/unit/Framework/AssertTest.php" line="281" assertions="2" time="0.000038"/>
          <testcase name="testAssertEqualsFails with data set #42" class="PHPUnit\Framework\AssertTest" classname="PHPUnit.Framework.AssertTest" file="/root/pu/ups/tests/unit/Framework/AssertTest.php" line="281" assertions="2" time="0.000038"/>
          <testcase name="testAssertEqualsFails with data set #43" class="PHPUnit\Framework\AssertTest" classname="PHPUnit.Framework.AssertTest" file="/root/pu/ups/tests/unit/Framework/AssertTest.php" line="281" assertions="2" time="0.000038"/>
          <testcase name="testAssertEqualsFails with data set #44" class="PHPUnit\Framework\AssertTest" classname="PHPUnit.Framework.AssertTest" file="/root/pu/ups/tests/unit/Framework/AssertTest.php" line="281" assertions="2" time="0.000046"/>
          <testcase name="testAssertEqualsFails with data set #45" class="PHPUnit\Framework\AssertTest" classname="PHPUnit.Framework.AssertTest" file="/root/pu/ups/tests/unit/Framework/AssertTest.php" line="281" assertions="2" time="0.000041"/>
          <testcase name="testAssertEqualsFails with data set #46" class="PHPUnit\Framework\AssertTest" classname="PHPUnit.Framework.AssertTest" file="/root/pu/ups/tests/unit/Framework/AssertTest.php" line="281" assertions="2" time="0.000044"/>
          <testcase name="testAssertEqualsFails with data set #47" class="PHPUnit\Framework\AssertTest" classname="PHPUnit.Framework.AssertTest" file="/root/pu/ups/tests/unit/Framework/AssertTest.php" line="281" assertions="2" time="0.000041"/>
        </testsuite>
        <testsuite name="PHPUnit\Framework\AssertTest::testAssertNotEqualsSucceeds" tests="44" assertions="44" errors="0" warnings="0" failures="0" skipped="0" time="0.002051">
          <testcase name="testAssertNotEqualsSucceeds with data set #0" class="PHPUnit\Framework\AssertTest" classname="PHPUnit.Framework.AssertTest" file="/root/pu/ups/tests/unit/Framework/AssertTest.php" line="294" assertions="1" time="0.000060"/>
          <testcase name="testAssertNotEqualsSucceeds with data set #1" class="PHPUnit\Framework\AssertTest" classname="PHPUnit.Framework.AssertTest" file="/root/pu/ups/tests/unit/Framework/AssertTest.php" line="294" assertions="1" time="0.000030"/>
          <testcase name="testAssertNotEqualsSucceeds with data set #2" class="PHPUnit\Framework\AssertTest" classname="PHPUnit.Framework.AssertTest" file="/root/pu/ups/tests/unit/Framework/AssertTest.php" line="294" assertions="1" time="0.000032"/>
          <testcase name="testAssertNotEqualsSucceeds with data set #3" class="PHPUnit\Framework\AssertTest" classname="PHPUnit.Framework.AssertTest" file="/root/pu/ups/tests/unit/Framework/AssertTest.php" line="294" assertions="1" time="0.000033"/>
          <testcase name="testAssertNotEqualsSucceeds with data set #4" class="PHPUnit\Framework\AssertTest" classname="PHPUnit.Framework.AssertTest" file="/root/pu/ups/tests/unit/Framework/AssertTest.php" line="294" assertions="1" time="0.000030"/>
          <testcase name="testAssertNotEqualsSucceeds with data set #5" class="PHPUnit\Framework\AssertTest" classname="PHPUnit.Framework.AssertTest" file="/root/pu/ups/tests/unit/Framework/AssertTest.php" line="294" assertions="1" time="0.000035"/>
          <testcase name="testAssertNotEqualsSucceeds with data set #6" class="PHPUnit\Framework\AssertTest" classname="PHPUnit.Framework.AssertTest" file="/root/pu/ups/tests/unit/Framework/AssertTest.php" line="294" assertions="1" time="0.000034"/>
          <testcase name="testAssertNotEqualsSucceeds with data set #7" class="PHPUnit\Framework\AssertTest" classname="PHPUnit.Framework.AssertTest" file="/root/pu/ups/tests/unit/Framework/AssertTest.php" line="294" assertions="1" time="0.000049"/>
          <testcase name="testAssertNotEqualsSucceeds with data set #8" class="PHPUnit\Framework\AssertTest" classname="PHPUnit.Framework.AssertTest" file="/root/pu/ups/tests/unit/Framework/AssertTest.php" line="294" assertions="1" time="0.000055"/>
          <testcase name="testAssertNotEqualsSucceeds with data set #9" class="PHPUnit\Framework\AssertTest" classname="PHPUnit.Framework.AssertTest" file="/root/pu/ups/tests/unit/Framework/AssertTest.php" line="294" assertions="1" time="0.000058"/>
          <testcase name="testAssertNotEqualsSucceeds with data set #10" class="PHPUnit\Framework\AssertTest" classname="PHPUnit.Framework.AssertTest" file="/root/pu/ups/tests/unit/Framework/AssertTest.php" line="294" assertions="1" time="0.000064"/>
          <testcase name="testAssertNotEqualsSucceeds with data set #11" class="PHPUnit\Framework\AssertTest" classname="PHPUnit.Framework.AssertTest" file="/root/pu/ups/tests/unit/Framework/AssertTest.php" line="294" assertions="1" time="0.000034"/>
          <testcase name="testAssertNotEqualsSucceeds with data set #12" class="PHPUnit\Framework\AssertTest" classname="PHPUnit.Framework.AssertTest" file="/root/pu/ups/tests/unit/Framework/AssertTest.php" line="294" assertions="1" time="0.000032"/>
          <testcase name="testAssertNotEqualsSucceeds with data set #13" class="PHPUnit\Framework\AssertTest" classname="PHPUnit.Framework.AssertTest" file="/root/pu/ups/tests/unit/Framework/AssertTest.php" line="294" assertions="1" time="0.000032"/>
          <testcase name="testAssertNotEqualsSucceeds with data set #14" class="PHPUnit\Framework\AssertTest" classname="PHPUnit.Framework.AssertTest" file="/root/pu/ups/tests/unit/Framework/AssertTest.php" line="294" assertions="1" time="0.000032"/>
          <testcase name="testAssertNotEqualsSucceeds with data set #15" class="PHPUnit\Framework\AssertTest" classname="PHPUnit.Framework.AssertTest" file="/root/pu/ups/tests/unit/Framework/AssertTest.php" line="294" assertions="1" time="0.000056"/>
          <testcase name="testAssertNotEqualsSucceeds with data set #16" class="PHPUnit\Framework\AssertTest" classname="PHPUnit.Framework.AssertTest" file="/root/pu/ups/tests/unit/Framework/AssertTest.php" line="294" assertions="1" time="0.000080"/>
          <testcase name="testAssertNotEqualsSucceeds with data set #17" class="PHPUnit\Framework\AssertTest" classname="PHPUnit.Framework.AssertTest" file="/root/pu/ups/tests/unit/Framework/AssertTest.php" line="294" assertions="1" time="0.000079"/>
          <testcase name="testAssertNotEqualsSucceeds with data set #18" class="PHPUnit\Framework\AssertTest" classname="PHPUnit.Framework.AssertTest" file="/root/pu/ups/tests/unit/Framework/AssertTest.php" line="294" assertions="1" time="0.000074"/>
          <testcase name="testAssertNotEqualsSucceeds with data set #19" class="PHPUnit\Framework\AssertTest" classname="PHPUnit.Framework.AssertTest" file="/root/pu/ups/tests/unit/Framework/AssertTest.php" line="294" assertions="1" time="0.000081"/>
          <testcase name="testAssertNotEqualsSucceeds with data set #20" class="PHPUnit\Framework\AssertTest" classname="PHPUnit.Framework.AssertTest" file="/root/pu/ups/tests/unit/Framework/AssertTest.php" line="294" assertions="1" time="0.000050"/>
          <testcase name="testAssertNotEqualsSucceeds with data set #21" class="PHPUnit\Framework\AssertTest" classname="PHPUnit.Framework.AssertTest" file="/root/pu/ups/tests/unit/Framework/AssertTest.php" line="294" assertions="1" time="0.000031"/>
          <testcase name="testAssertNotEqualsSucceeds with data set #22" class="PHPUnit\Framework\AssertTest" classname="PHPUnit.Framework.AssertTest" file="/root/pu/ups/tests/unit/Framework/AssertTest.php" line="294" assertions="1" time="0.000075"/>
          <testcase name="testAssertNotEqualsSucceeds with data set #23" class="PHPUnit\Framework\AssertTest" classname="PHPUnit.Framework.AssertTest" file="/root/pu/ups/tests/unit/Framework/AssertTest.php" line="294" assertions="1" time="0.000086"/>
          <testcase name="testAssertNotEqualsSucceeds with data set #24" class="PHPUnit\Framework\AssertTest" classname="PHPUnit.Framework.AssertTest" file="/root/pu/ups/tests/unit/Framework/AssertTest.php" line="294" assertions="1" time="0.000063"/>
          <testcase name="testAssertNotEqualsSucceeds with data set #25" class="PHPUnit\Framework\AssertTest" classname="PHPUnit.Framework.AssertTest" file="/root/pu/ups/tests/unit/Framework/AssertTest.php" line="294" assertions="1" time="0.000055"/>
          <testcase name="testAssertNotEqualsSucceeds with data set #26" class="PHPUnit\Framework\AssertTest" classname="PHPUnit.Framework.AssertTest" file="/root/pu/ups/tests/unit/Framework/AssertTest.php" line="294" assertions="1" time="0.000061"/>
          <testcase name="testAssertNotEqualsSucceeds with data set #27" class="PHPUnit\Framework\AssertTest" classname="PHPUnit.Framework.AssertTest" file="/root/pu/ups/tests/unit/Framework/AssertTest.php" line="294" assertions="1" time="0.000058"/>
          <testcase name="testAssertNotEqualsSucceeds with data set #28" class="PHPUnit\Framework\AssertTest" classname="PHPUnit.Framework.AssertTest" file="/root/pu/ups/tests/unit/Framework/AssertTest.php" line="294" assertions="1" time="0.000054"/>
          <testcase name="testAssertNotEqualsSucceeds with data set #29" class="PHPUnit\Framework\AssertTest" classname="PHPUnit.Framework.AssertTest" file="/root/pu/ups/tests/unit/Framework/AssertTest.php" line="294" assertions="1" time="0.000040"/>
          <testcase name="testAssertNotEqualsSucceeds with data set #30" class="PHPUnit\Framework\AssertTest" classname="PHPUnit.Framework.AssertTest" file="/root/pu/ups/tests/unit/Framework/AssertTest.php" line="294" assertions="1" time="0.000039"/>
          <testcase name="testAssertNotEqualsSucceeds with data set #31" class="PHPUnit\Framework\AssertTest" classname="PHPUnit.Framework.AssertTest" file="/root/pu/ups/tests/unit/Framework/AssertTest.php" line="294" assertions="1" time="0.000038"/>
          <testcase name="testAssertNotEqualsSucceeds with data set #32" class="PHPUnit\Framework\AssertTest" classname="PHPUnit.Framework.AssertTest" file="/root/pu/ups/tests/unit/Framework/AssertTest.php" line="294" assertions="1" time="0.000037"/>
          <testcase name="testAssertNotEqualsSucceeds with data set #33" class="PHPUnit\Framework\AssertTest" classname="PHPUnit.Framework.AssertTest" file="/root/pu/ups/tests/unit/Framework/AssertTest.php" line="294" assertions="1" time="0.000038"/>
          <testcase name="testAssertNotEqualsSucceeds with data set #34" class="PHPUnit\Framework\AssertTest" classname="PHPUnit.Framework.AssertTest" file="/root/pu/ups/tests/unit/Framework/AssertTest.php" line="294" assertions="1" time="0.000038"/>
          <testcase name="testAssertNotEqualsSucceeds with data set #35" class="PHPUnit\Framework\AssertTest" classname="PHPUnit.Framework.AssertTest" file="/root/pu/ups/tests/unit/Framework/AssertTest.php" line="294" assertions="1" time="0.000040"/>
[...]
      </testsuite>
      <testsuite name="PHPUnit\Framework\Constraint\ObjectEqualsTest" file="/root/pu/ups/tests/unit/Framework/Constraint/ObjectEqualsTest.php" tests="0" assertions="0" errors="0" warnings="0" failures="0" skipped="0" time="0.000000"/>
      <testsuite name="PHPUnit\Framework\Constraint\ObjectHasAttributeTest" file="/root/pu/ups/tests/unit/Framework/Constraint/ObjectHasAttributeTest.php" tests="0" assertions="0" errors="0" warnings="0" failures="0" skipped="0" time="0.000000"/>
      <testsuite name="PHPUnit\Framework\Constraint\RegularExpressionTest" file="/root/pu/ups/tests/unit/Framework/Constraint/RegularExpressionTest.php" tests="0" assertions="0" errors="0" warnings="0" failures="0" skipped="0" time="0.000000"/>
      <testsuite name="PHPUnit\Framework\Constraint\SameSizeTest" file="/root/pu/ups/tests/unit/Framework/Constraint/SameSizeTest.php" tests="0" assertions="0" errors="0" warnings="0" failures="0" skipped="0" time="0.000000"/>
      <testsuite name="PHPUnit\Framework\Constraint\StringContainsTest" file="/root/pu/ups/tests/unit/Framework/Constraint/StringContainsTest.php" tests="0" assertions="0" errors="0" warnings="0" failures="0" skipped="0" time="0.000000"/>
      <testsuite name="PHPUnit\Framework\Constraint\StringEndsWithTest" file="/root/pu/ups/tests/unit/Framework/Constraint/StringEndsWithTest.php" tests="0" assertions="0" errors="0" warnings="0" failures="0" skipped="0" time="0.000000"/>
      <testsuite name="PHPUnit\Framework\Constraint\StringMatchesFormatDescriptionTest" file="/root/pu/ups/tests/unit/Framework/Constraint/StringMatchesFormatDescriptionTest.php" tests="0" assertions="0" errors="0" warnings="0" failures="0" skipped="0" time="0.000000"/>
      <testsuite name="PHPUnit\Framework\Constraint\StringStartsWithTest" file="/root/pu/ups/tests/unit/Framework/Constraint/StringStartsWithTest.php" tests="0" assertions="0" errors="0" warnings="0" failures="0" skipped="0" time="0.000000"/>
      <testsuite name="PHPUnit\Framework\Constraint\TraversableContainsEqualTest" file="/root/pu/ups/tests/unit/Framework/Constraint/TraversableContainsEqualTest.php" tests="0" assertions="0" errors="0" warnings="0" failures="0" skipped="0" time="0.000000"/>
      <testsuite name="PHPUnit\Framework\Constraint\TraversableContainsIdenticalTest" file="/root/pu/ups/tests/unit/Framework/Constraint/TraversableContainsIdenticalTest.php" tests="0" assertions="0" errors="0" warnings="0" failures="0" skipped="0" time="0.000000"/>
      <testsuite name="PHPUnit\Framework\ConstraintTest" file="/root/pu/ups/tests/unit/Framework/ConstraintTest.php" tests="0" assertions="0" errors="0" warnings="0" failures="0" skipped="0" time="0.000000"/>
      <testsuite name="PHPUnit\Framework\ExceptionTest" file="/root/pu/ups/tests/unit/Framework/Exception/ExceptionTest.php" tests="0" assertions="0" errors="0" warnings="0" failures="0" skipped="0" time="0.000000"/>
      <testsuite name="PHPUnit\Framework\InvalidArgumentExceptionTest" file="/root/pu/ups/tests/unit/Framework/Exception/InvalidArgumentExceptionTest.php" tests="0" assertions="0" errors="0" warnings="0" failures="0" skipped="0" time="0.000000">
        <testsuite name="PHPUnit\Framework\InvalidArgumentExceptionTest::testUsesCorrectArticleInErrorMessage" tests="0" assertions="0" errors="0" warnings="0" failures="0" skipped="0" time="0.000000"/>
      </testsuite>
      <testsuite name="PHPUnit\Framework\ExceptionWrapperTest" file="/root/pu/ups/tests/unit/Framework/ExceptionWrapperTest.php" tests="0" assertions="0" errors="0" warnings="0" failures="0" skipped="0" time="0.000000"/>
      <testsuite name="ExecutionOrderDependencyTest" file="/root/pu/ups/tests/unit/Framework/ExecutionOrderDependencyTest.php" tests="0" assertions="0" errors="0" warnings="0" failures="0" skipped="0" time="0.000000">
        <testsuite name="ExecutionOrderDependencyTest::testCreateDependencyFromParameters" tests="0" assertions="0" errors="0" warnings="0" failures="0" skipped="0" time="0.000000"/>
        <testsuite name="ExecutionOrderDependencyTest::testCreateDependencyWithCloneOption" tests="0" assertions="0" errors="0" warnings="0" failures="0" skipped="0" time="0.000000"/>
      </testsuite>
      <testsuite name="PHPUnit\Framework\IncompleteTestCaseTest" file="/root/pu/ups/tests/unit/Framework/IncompleteTestCaseTest.php" tests="0" assertions="0" errors="0" warnings="0" failures="0" skipped="0" time="0.000000"/>
      <testsuite name="InvocationMockerTest" file="/root/pu/ups/tests/unit/Framework/MockObject/Builder/InvocationMockerTest.php" tests="0" assertions="0" errors="0" warnings="0" failures="0" skipped="0" time="0.000000"/>
      <testsuite name="PHPUnit\Framework\MockObject\ConfigurableMethodTest" file="/root/pu/ups/tests/unit/Framework/MockObject/ConfigurableMethodTest.php" tests="0" assertions="0" errors="0" warnings="0" failures="0" skipped="0" time="0.000000"/>
      <testsuite name="PHPUnit\Framework\MockObject\ConfigurableMethodsTest" file="/root/pu/ups/tests/unit/Framework/MockObject/ConfigurableMethodsTest.php" tests="0" assertions="0" errors="0" warnings="0" failures="0" skipped="0" time="0.000000"/>
      <testsuite name="PHPUnit\Framework\MockObject\GeneratorTest" file="/root/pu/ups/tests/unit/Framework/MockObject/GeneratorTest.php" tests="0" assertions="0" errors="0" warnings="0" failures="0" skipped="0" time="0.000000"/>
      <testsuite name="PHPUnit\Framework\MockObject\InvocationHandlerTest" file="/root/pu/ups/tests/unit/Framework/MockObject/InvocationHandlerTest.php" tests="0" assertions="0" errors="0" warnings="0" failures="0" skipped="0" time="0.000000"/>
      <testsuite name="ConsecutiveParametersTest" file="/root/pu/ups/tests/unit/Framework/MockObject/Matcher/ConsecutiveParametersTest.php" tests="0" assertions="0" errors="0" warnings="0" failures="0" skipped="0" time="0.000000"/>
      <testsuite name="PHPUnit\Framework\MockObject\MatcherTest" file="/root/pu/ups/tests/unit/Framework/MockObject/MatcherTest.php" tests="0" assertions="0" errors="0" warnings="0" failures="0" skipped="0" time="0.000000"/>
      <testsuite name="MockBuilderTest" file="/root/pu/ups/tests/unit/Framework/MockObject/MockBuilderTest.php" tests="0" assertions="0" errors="0" warnings="0" failures="0" skipped="0" time="0.000000"/>
      <testsuite name="PHPUnit\Framework\MockObject\MockClassTest" file="/root/pu/ups/tests/unit/Framework/MockObject/MockClassTest.php" tests="0" assertions="0" errors="0" warnings="0" failures="0" skipped="0" time="0.000000"/>
      <testsuite name="PHPUnit\Framework\MockObject\MockMethodTest" file="/root/pu/ups/tests/unit/Framework/MockObject/MockMethodTest.php" tests="0" assertions="0" errors="0" warnings="0" failures="0" skipped="0" time="0.000000"/>
      <testsuite name="MockObjectTest" file="/root/pu/ups/tests/unit/Framework/MockObject/MockObjectTest.php" tests="0" assertions="0" errors="0" warnings="0" failures="0" skipped="0" time="0.000000">
        <testsuite name="MockObjectTest::testGetMockForTraversable" tests="0" assertions="0" errors="0" warnings="0" failures="0" skipped="0" time="0.000000"/>
      </testsuite>
      <testsuite name="PHPUnit\Framework\MockObject\MockTraitTest" file="/root/pu/ups/tests/unit/Framework/MockObject/MockTraitTest.php" tests="0" assertions="0" errors="0" warnings="0" failures="0" skipped="0" time="0.000000"/>
      <testsuite name="ProxyObjectTest" file="/root/pu/ups/tests/unit/Framework/MockObject/ProxyObjectTest.php" tests="0" assertions="0" errors="0" warnings="0" failures="0" skipped="0" time="0.000000"/>
      <testsuite name="PHPUnit\Framework\SkippedTestCaseTest" file="/root/pu/ups/tests/unit/Framework/SkippedTestCaseTest.php" tests="0" assertions="0" errors="0" warnings="0" failures="0" skipped="0" time="0.000000"/>
      <testsuite name="PHPUnit\Framework\TestBuilderTest" file="/root/pu/ups/tests/unit/Framework/TestBuilderTest.php" tests="0" assertions="0" errors="0" warnings="0" failures="0" skipped="0" time="0.000000">
        <testsuite name="PHPUnit\Framework\TestBuilderTest::testWithAnnotations" tests="0" assertions="0" errors="0" warnings="0" failures="0" skipped="0" time="0.000000"/>
        <testsuite name="PHPUnit\Framework\TestBuilderTest::testWithAnnotationsAndDataProvider" tests="0" assertions="0" errors="0" warnings="0" failures="0" skipped="0" time="0.000000"/>
      </testsuite>
      <testsuite name="PHPUnit\Framework\TestCaseTest" file="/root/pu/ups/tests/unit/Framework/TestCaseTest.php" tests="0" assertions="0" errors="0" warnings="0" failures="0" skipped="0" time="0.000000">
        <testsuite name="PHPUnit\Framework\TestCaseTest::testRunBareThrowsExceptionWhenTestHasInvalidName" tests="0" assertions="0" errors="0" warnings="0" failures="0" skipped="0" time="0.000000"/>
      </testsuite>
      <testsuite name="PHPUnit\Framework\TestFailureTest" file="/root/pu/ups/tests/unit/Framework/TestFailureTest.php" tests="0" assertions="0" errors="0" warnings="0" failures="0" skipped="0" time="0.000000"/>
      <testsuite name="PHPUnit\Framework\TestImplementorTest" file="/root/pu/ups/tests/unit/Framework/TestImplementorTest.php" tests="0" assertions="0" errors="0" warnings="0" failures="0" skipped="0" time="0.000000"/>
      <testsuite name="PHPUnit\Framework\TestListenerTest" file="/root/pu/ups/tests/unit/Framework/TestListenerTest.php" tests="0" assertions="0" errors="0" warnings="0" failures="0" skipped="0" time="0.000000"/>
      <testsuite name="PHPUnit\Framework\TestSuiteIteratorTest" file="/root/pu/ups/tests/unit/Framework/TestSuiteIteratorTest.php" tests="0" assertions="0" errors="0" warnings="0" failures="0" skipped="0" time="0.000000"/>
      <testsuite name="PHPUnit\Framework\TestSuiteTest" file="/root/pu/ups/tests/unit/Framework/TestSuiteTest.php" tests="0" assertions="0" errors="0" warnings="0" failures="0" skipped="0" time="0.000000"/>
      <testsuite name="PHPUnit\Runner\DefaultTestResultCacheTest" file="/root/pu/ups/tests/unit/Runner/DefaultTestResultCacheTest.php" tests="0" assertions="0" errors="0" warnings="0" failures="0" skipped="0" time="0.000000"/>
      <testsuite name="PHPUnit\Runner\Filter\NameFilterIteratorTest" file="/root/pu/ups/tests/unit/Runner/Filter/NameFilterIteratorTest.php" tests="0" assertions="0" errors="0" warnings="0" failures="0" skipped="0" time="0.000000"/>
      <testsuite name="NullTestResultCacheTest" file="/root/pu/ups/tests/unit/Runner/NullTestResultCacheTest.php" tests="0" assertions="0" errors="0" warnings="0" failures="0" skipped="0" time="0.000000"/>
      <testsuite name="PHPUnit\Runner\PhptTestCaseTest" file="/root/pu/ups/tests/unit/Runner/PhptTestCaseTest.php" tests="0" assertions="0" errors="0" warnings="0" failures="0" skipped="0" time="0.000000"/>
      <testsuite name="PHPUnit\Runner\ResultCacheExtensionTest" file="/root/pu/ups/tests/unit/Runner/ResultCacheExtensionTest.php" tests="0" assertions="0" errors="0" warnings="0" failures="0" skipped="0" time="0.000000">
        <testsuite name="PHPUnit\Runner\ResultCacheExtensionTest::testStripsDataproviderParametersFromTestName" tests="0" assertions="0" errors="0" warnings="0" failures="0" skipped="0" time="0.000000"/>
      </testsuite>
      <testsuite name="PHPUnit\Runner\TestSuiteSorterTest" file="/root/pu/ups/tests/unit/Runner/TestSuiteSorterTest.php" tests="0" assertions="0" errors="0" warnings="0" failures="0" skipped="0" time="0.000000">
        <testsuite name="PHPUnit\Runner\TestSuiteSorterTest::testShouldNotAffectEmptyTestSuite" tests="0" assertions="0" errors="0" warnings="0" failures="0" skipped="0" time="0.000000"/>
        <testsuite name="PHPUnit\Runner\TestSuiteSorterTest::testBasicExecutionOrderOptions" tests="0" assertions="0" errors="0" warnings="0" failures="0" skipped="0" time="0.000000"/>
        <testsuite name="PHPUnit\Runner\TestSuiteSorterTest::testOrderDurationWithoutCache" tests="0" assertions="0" errors="0" warnings="0" failures="0" skipped="0" time="0.000000"/>
        <testsuite name="PHPUnit\Runner\TestSuiteSorterTest::testOrderDurationWithCache" tests="0" assertions="0" errors="0" warnings="0" failures="0" skipped="0" time="0.000000"/>
        <testsuite name="PHPUnit\Runner\TestSuiteSorterTest::testSuiteSorterDefectsOptions" tests="0" assertions="0" errors="0" warnings="0" failures="0" skipped="0" time="0.000000"/>
      </testsuite>
      <testsuite name="PHPUnit\TextUI\XmlConfiguration\MigrationTest" file="/root/pu/ups/tests/unit/TextUI/MigrationTest.php" tests="0" assertions="0" errors="0" warnings="0" failures="0" skipped="0" time="0.000000"/>
      <testsuite name="PHPUnit\TextUI\XmlConfiguration\XmlConfigurationTest" file="/root/pu/ups/tests/unit/TextUI/XmlConfigurationTest.php" tests="0" assertions="0" errors="0" warnings="0" failures="0" skipped="0" time="0.000000">
        <testsuite name="PHPUnit\TextUI\XmlConfiguration\XmlConfigurationTest::testShouldParseXmlConfigurationRootAttributes" tests="0" assertions="0" errors="0" warnings="0" failures="0" skipped="0" time="0.000000"/>
      </testsuite>
      <testsuite name="PHPUnit\Util\Annotation\RegistryTest" file="/root/pu/ups/tests/unit/Util/Annotation/RegistryTest.php" tests="0" assertions="0" errors="0" warnings="0" failures="0" skipped="0" time="0.000000"/>
      <testsuite name="PHPUnit\Util\ColorTest" file="/root/pu/ups/tests/unit/Util/ColorTest.php" tests="0" assertions="0" errors="0" warnings="0" failures="0" skipped="0" time="0.000000">
        <testsuite name="PHPUnit\Util\ColorTest::testColorize" tests="0" assertions="0" errors="0" warnings="0" failures="0" skipped="0" time="0.000000"/>
        <testsuite name="PHPUnit\Util\ColorTest::testColorizePath" tests="0" assertions="0" errors="0" warnings="0" failures="0" skipped="0" time="0.000000"/>
        <testsuite name="PHPUnit\Util\ColorTest::testVisibleWhitespace" tests="0" assertions="0" errors="0" warnings="0" failures="0" skipped="0" time="0.000000"/>
        <testsuite name="PHPUnit\Util\ColorTest::testPrettifyUnnamedDataprovider" tests="0" assertions="0" errors="0" warnings="0" failures="0" skipped="0" time="0.000000"/>
        <testsuite name="PHPUnit\Util\ColorTest::testPrettifyNamedDataprovider" tests="0" assertions="0" errors="0" warnings="0" failures="0" skipped="0" time="0.000000"/>
        <testsuite name="PHPUnit\Util\ColorTest::testTestdoxDatanameAsParameter" tests="0" assertions="0" errors="0" warnings="0" failures="0" skipped="0" time="0.000000"/>
      </testsuite>
      <testsuite name="PHPUnit\Util\ConfigurationGeneratorTest" file="/root/pu/ups/tests/unit/Util/ConfigurationGeneratorTest.php" tests="0" assertions="0" errors="0" warnings="0" failures="0" skipped="0" time="0.000000"/>
      <testsuite name="PHPUnit\Util\GlobalStateTest" file="/root/pu/ups/tests/unit/Util/GlobalStateTest.php" tests="0" assertions="0" errors="0" warnings="0" failures="0" skipped="0" time="0.000000"/>
      <testsuite name="PHPUnit\Util\JsonTest" file="/root/pu/ups/tests/unit/Util/JsonTest.php" tests="0" assertions="0" errors="0" warnings="0" failures="0" skipped="0" time="0.000000">
        <testsuite name="PHPUnit\Util\JsonTest::testCanonicalize" tests="0" assertions="0" errors="0" warnings="0" failures="0" skipped="0" time="0.000000"/>
        <testsuite name="PHPUnit\Util\JsonTest::testPrettify" tests="0" assertions="0" errors="0" warnings="0" failures="0" skipped="0" time="0.000000"/>
        <testsuite name="PHPUnit\Util\JsonTest::testPrettifyException" tests="0" assertions="0" errors="0" warnings="0" failures="0" skipped="0" time="0.000000"/>
      </testsuite>
      <testsuite name="PHPUnit\Util\PHP\AbstractPhpProcessTest" file="/root/pu/ups/tests/unit/Util/PHP/AbstractPhpProcessTest.php" tests="0" assertions="0" errors="0" warnings="0" failures="0" skipped="0" time="0.000000"/>
      <testsuite name="PHPUnit\Util\RegularExpressionTest" file="/root/pu/ups/tests/unit/Util/RegularExpressionTest.php" tests="0" assertions="0" errors="0" warnings="0" failures="0" skipped="0" time="0.000000">
        <testsuite name="PHPUnit\Util\RegularExpressionTest::testValidRegex" tests="0" assertions="0" errors="0" warnings="0" failures="0" skipped="0" time="0.000000"/>
        <testsuite name="PHPUnit\Util\RegularExpressionTest::testInvalidRegex" tests="0" assertions="0" errors="0" warnings="0" failures="0" skipped="0" time="0.000000"/>
      </testsuite>
      <testsuite name="PHPUnit\Util\TestClassTest" file="/root/pu/ups/tests/unit/Util/TestClassTest.php" tests="0" assertions="0" errors="0" warnings="0" failures="0" skipped="0" time="0.000000">
        <testsuite name="PHPUnit\Util\TestClassTest::testGetRequirements" tests="0" assertions="0" errors="0" warnings="0" failures="0" skipped="0" time="0.000000"/>
        <testsuite name="PHPUnit\Util\TestClassTest::testGetRequirementsWithVersionConstraints" tests="0" assertions="0" errors="0" warnings="0" failures="0" skipped="0" time="0.000000"/>
        <testsuite name="PHPUnit\Util\TestClassTest::testGetRequirementsWithInvalidVersionConstraintsThrowsException" tests="0" assertions="0" errors="0" warnings="0" failures="0" skipped="0" time="0.000000"/>
        <testsuite name="PHPUnit\Util\TestClassTest::testGetMissingRequirements" tests="0" assertions="0" errors="0" warnings="0" failures="0" skipped="0" time="0.000000"/>
        <testsuite name="PHPUnit\Util\TestClassTest::testGetLinesToBeCovered" tests="0" assertions="0" errors="0" warnings="0" failures="0" skipped="0" time="0.000000"/>
        <testsuite name="PHPUnit\Util\TestClassTest::testCanSkipCoverage" tests="0" assertions="0" errors="0" warnings="0" failures="0" skipped="0" time="0.000000"/>
        <testsuite name="PHPUnit\Util\TestClassTest::testGetGroupsFromAuthorAndTicketAnnotations" tests="0" assertions="0" errors="0" warnings="0" failures="0" skipped="0" time="0.000000"/>
      </testsuite>
      <testsuite name="PHPUnit\Util\TestDox\CliTestDoxPrinterColorTest" file="/root/pu/ups/tests/unit/Util/TestDox/CliTestDoxPrinterColorTest.php" tests="0" assertions="0" errors="0" warnings="0" failures="0" skipped="0" time="0.000000"/>
      <testsuite name="PHPUnit\Util\TestDox\CliTestDoxPrinterTest" file="/root/pu/ups/tests/unit/Util/TestDox/CliTestDoxPrinterTest.php" tests="0" assertions="0" errors="0" warnings="0" failures="0" skipped="0" time="0.000000"/>
      <testsuite name="PHPUnit\Util\TestDox\NamePrettifierTest" file="/root/pu/ups/tests/unit/Util/TestDox/NamePrettifierTest.php" tests="0" assertions="0" errors="0" warnings="0" failures="0" skipped="0" time="0.000000"/>
      <testsuite name="PHPUnit\Util\XDebugFilterScriptGeneratorTest" file="/root/pu/ups/tests/unit/Util/XDebugFilterScriptGeneratorTest.php" tests="0" assertions="0" errors="0" warnings="0" failures="0" skipped="0" time="0.000000"/>
      <testsuite name="PHPUnit\Util\Xml\LoaderTest" file="/root/pu/ups/tests/unit/Util/Xml/LoaderTest.php" tests="0" assertions="0" errors="0" warnings="0" failures="0" skipped="0" time="0.000000"/>
      <testsuite name="PHPUnit\Util\Xml\SchemaFinderTest" file="/root/pu/ups/tests/unit/Util/Xml/SchemaFinderTest.php" tests="0" assertions="0" errors="0" warnings="0" failures="0" skipped="0" time="0.000000"/>
      <testsuite name="PHPUnit\Util\Xml\ValidatorTest" file="/root/pu/ups/tests/unit/Util/Xml/ValidatorTest.php" tests="0" assertions="0" errors="0" warnings="0" failures="0" skipped="0" time="0.000000"/>
      <testsuite name="PHPUnit\Util\XmlTest" file="/root/pu/ups/tests/unit/Util/XmlTest.php" tests="0" assertions="0" errors="0" warnings="0" failures="0" skipped="0" time="0.000000">
        <testsuite name="PHPUnit\Util\XmlTest::testPrepareString" tests="0" assertions="0" errors="0" warnings="0" failures="0" skipped="0" time="0.000000"/>
      </testsuite>
    </testsuite>
    <testsuite name="end-to-end" tests="0" assertions="0" errors="0" warnings="0" failures="0" skipped="0" time="0.000000"/>
  </testsuite>
</testsuites>
